<!DOCTYPE html>
<html>
  <head>
    <meta charset="utf-8"/>
    <title id="head-title">report.html</title>
      <style type="text/css">body {
  font-family: Helvetica, Arial, sans-serif;
  font-size: 12px;
  /* do not increase min-width as some may use split screens */
  min-width: 800px;
  color: #999;
}

h1 {
  font-size: 24px;
  color: black;
}

h2 {
  font-size: 16px;
  color: black;
}

p {
  color: black;
}

a {
  color: #999;
}

table {
  border-collapse: collapse;
}

/******************************
 * SUMMARY INFORMATION
 ******************************/
#environment td {
  padding: 5px;
  border: 1px solid #e6e6e6;
  vertical-align: top;
}
#environment tr:nth-child(odd) {
  background-color: #f6f6f6;
}
#environment ul {
  margin: 0;
  padding: 0 20px;
}

/******************************
 * TEST RESULT COLORS
 ******************************/
span.passed,
.passed .col-result {
  color: green;
}

span.skipped,
span.xfailed,
span.rerun,
.skipped .col-result,
.xfailed .col-result,
.rerun .col-result {
  color: orange;
}

span.error,
span.failed,
span.xpassed,
.error .col-result,
.failed .col-result,
.xpassed .col-result {
  color: red;
}

.col-links__extra {
  margin-right: 3px;
}

/******************************
 * RESULTS TABLE
 *
 * 1. Table Layout
 * 2. Extra
 * 3. Sorting items
 *
 ******************************/
/*------------------
 * 1. Table Layout
 *------------------*/
#results-table {
  border: 1px solid #e6e6e6;
  color: #999;
  font-size: 12px;
  width: 100%;
}
#results-table th,
#results-table td {
  padding: 5px;
  border: 1px solid #e6e6e6;
  text-align: left;
}
#results-table th {
  font-weight: bold;
}

/*------------------
 * 2. Extra
 *------------------*/
.logwrapper {
  max-height: 230px;
  overflow-y: scroll;
  background-color: #e6e6e6;
}
.logwrapper.expanded {
  max-height: none;
}
.logwrapper.expanded .logexpander:after {
  content: "collapse [-]";
}
.logwrapper .logexpander {
  z-index: 1;
  position: sticky;
  top: 10px;
  width: max-content;
  border: 1px solid;
  border-radius: 3px;
  padding: 5px 7px;
  margin: 10px 0 10px calc(100% - 80px);
  cursor: pointer;
  background-color: #e6e6e6;
}
.logwrapper .logexpander:after {
  content: "expand [+]";
}
.logwrapper .logexpander:hover {
  color: #000;
  border-color: #000;
}
.logwrapper .log {
  min-height: 40px;
  position: relative;
  top: -50px;
  height: calc(100% + 50px);
  border: 1px solid #e6e6e6;
  color: black;
  display: block;
  font-family: "Courier New", Courier, monospace;
  padding: 5px;
  padding-right: 80px;
  white-space: pre-wrap;
}

div.media {
  border: 1px solid #e6e6e6;
  float: right;
  height: 240px;
  margin: 0 5px;
  overflow: hidden;
  width: 320px;
}

.media-container {
  display: grid;
  grid-template-columns: 25px auto 25px;
  align-items: center;
  flex: 1 1;
  overflow: hidden;
  height: 200px;
}

.media-container--fullscreen {
  grid-template-columns: 0px auto 0px;
}

.media-container__nav--right,
.media-container__nav--left {
  text-align: center;
  cursor: pointer;
}

.media-container__viewport {
  cursor: pointer;
  text-align: center;
  height: inherit;
}
.media-container__viewport img,
.media-container__viewport video {
  object-fit: cover;
  width: 100%;
  max-height: 100%;
}

.media__name,
.media__counter {
  display: flex;
  flex-direction: row;
  justify-content: space-around;
  flex: 0 0 25px;
  align-items: center;
}

.collapsible td:not(.col-links) {
  cursor: pointer;
}
.collapsible td:not(.col-links):hover::after {
  color: #bbb;
  font-style: italic;
  cursor: pointer;
}

.col-result {
  width: 130px;
}
.col-result:hover::after {
  content: " (hide details)";
}

.col-result.collapsed:hover::after {
  content: " (show details)";
}

#environment-header h2:hover::after {
  content: " (hide details)";
  color: #bbb;
  font-style: italic;
  cursor: pointer;
  font-size: 12px;
}

#environment-header.collapsed h2:hover::after {
  content: " (show details)";
  color: #bbb;
  font-style: italic;
  cursor: pointer;
  font-size: 12px;
}

/*------------------
 * 3. Sorting items
 *------------------*/
.sortable {
  cursor: pointer;
}
.sortable.desc:after {
  content: " ";
  position: relative;
  left: 5px;
  bottom: -12.5px;
  border: 10px solid #4caf50;
  border-bottom: 0;
  border-left-color: transparent;
  border-right-color: transparent;
}
.sortable.asc:after {
  content: " ";
  position: relative;
  left: 5px;
  bottom: 12.5px;
  border: 10px solid #4caf50;
  border-top: 0;
  border-left-color: transparent;
  border-right-color: transparent;
}

.hidden, .summary__reload__button.hidden {
  display: none;
}

.summary__data {
  flex: 0 0 550px;
}
.summary__reload {
  flex: 1 1;
  display: flex;
  justify-content: center;
}
.summary__reload__button {
  flex: 0 0 300px;
  display: flex;
  color: white;
  font-weight: bold;
  background-color: #4caf50;
  text-align: center;
  justify-content: center;
  align-items: center;
  border-radius: 3px;
  cursor: pointer;
}
.summary__reload__button:hover {
  background-color: #46a049;
}
.summary__spacer {
  flex: 0 0 550px;
}

.controls {
  display: flex;
  justify-content: space-between;
}

.filters,
.collapse {
  display: flex;
  align-items: center;
}
.filters button,
.collapse button {
  color: #999;
  border: none;
  background: none;
  cursor: pointer;
  text-decoration: underline;
}
.filters button:hover,
.collapse button:hover {
  color: #ccc;
}

.filter__label {
  margin-right: 10px;
}

      </style>
    
  </head>
  <body>
    <h1 id="title">report.html</h1>
    <p>Report generated on 08-Jun-2025 at 22:19:28 by <a href="https://pypi.python.org/pypi/pytest-html">pytest-html</a>
        v4.1.1</p>
    <div id="environment-header">
      <h2>Environment</h2>
    </div>
    <table id="environment"></table>
    <!-- TEMPLATES -->
      <template id="template_environment_row">
      <tr>
        <td></td>
        <td></td>
      </tr>
    </template>
    <template id="template_results-table__body--empty">
      <tbody class="results-table-row">
        <tr id="not-found-message">
          <td colspan="4">No results found. Check the filters.</th>
        </tr>
    </template>
    <template id="template_results-table__tbody">
      <tbody class="results-table-row">
        <tr class="collapsible">
        </tr>
        <tr class="extras-row">
          <td class="extra" colspan="4">
            <div class="extraHTML"></div>
            <div class="media">
              <div class="media-container">
                  <div class="media-container__nav--left"><</div>
                  <div class="media-container__viewport">
                    <img src="" />
                    <video controls>
                      <source src="" type="video/mp4">
                    </video>
                  </div>
                  <div class="media-container__nav--right">></div>
                </div>
                <div class="media__name"></div>
                <div class="media__counter"></div>
            </div>
            <div class="logwrapper">
              <div class="logexpander"></div>
              <div class="log"></div>
            </div>
          </td>
        </tr>
      </tbody>
    </template>
    <!-- END TEMPLATES -->
    <div class="summary">
      <div class="summary__data">
        <h2>Summary</h2>
        <div class="additional-summary prefix">
        </div>
        <p class="run-count">161 tests took 523 ms.</p>
        <p class="filter">(Un)check the boxes to filter the results.</p>
        <div class="summary__reload">
          <div class="summary__reload__button hidden" onclick="location.reload()">
            <div>There are still tests running. <br />Reload this page to get the latest results!</div>
          </div>
        </div>
        <div class="summary__spacer"></div>
        <div class="controls">
          <div class="filters">
            <input checked="true" class="filter" name="filter_checkbox" type="checkbox" data-test-result="failed" disabled/>
            <span class="failed">0 Failed,</span>
            <input checked="true" class="filter" name="filter_checkbox" type="checkbox" data-test-result="passed" />
            <span class="passed">161 Passed,</span>
            <input checked="true" class="filter" name="filter_checkbox" type="checkbox" data-test-result="skipped" disabled/>
            <span class="skipped">0 Skipped,</span>
            <input checked="true" class="filter" name="filter_checkbox" type="checkbox" data-test-result="xfailed" disabled/>
            <span class="xfailed">0 Expected failures,</span>
            <input checked="true" class="filter" name="filter_checkbox" type="checkbox" data-test-result="xpassed" disabled/>
            <span class="xpassed">0 Unexpected passes,</span>
            <input checked="true" class="filter" name="filter_checkbox" type="checkbox" data-test-result="error" disabled/>
            <span class="error">0 Errors,</span>
            <input checked="true" class="filter" name="filter_checkbox" type="checkbox" data-test-result="rerun" disabled/>
            <span class="rerun">0 Reruns</span>
          </div>
          <div class="collapse">
            <button id="show_all_details">Show all details</button>&nbsp;/&nbsp;<button id="hide_all_details">Hide all details</button>
          </div>
        </div>
      </div>
      <div class="additional-summary summary">
      </div>
      <div class="additional-summary postfix">
      </div>
    </div>
    <table id="results-table">
      <thead id="results-table-head">
        <tr>
          <th class="sortable" data-column-type="result">Result</th>
          <th class="sortable" data-column-type="testId">Test</th>
          <th class="sortable" data-column-type="duration">Duration</th>
          <th>Links</th>
        </tr>
      </thead>
    </table>
  </body>
  <footer>
    <div id="data-container" data-jsonblob="{&#34;environment&#34;: {&#34;Python&#34;: &#34;3.12.6&#34;, &#34;Platform&#34;: &#34;Linux-6.8.0-1027-aws-x86_64-with-glibc2.35&#34;, &#34;Packages&#34;: {&#34;pytest&#34;: &#34;8.4.0&#34;, &#34;pluggy&#34;: &#34;1.6.0&#34;}, &#34;Plugins&#34;: {&#34;html&#34;: &#34;4.1.1&#34;, &#34;Faker&#34;: &#34;37.3.0&#34;, &#34;langsmith&#34;: &#34;0.3.43&#34;, &#34;asyncio&#34;: &#34;1.0.0&#34;, &#34;metadata&#34;: &#34;3.1.1&#34;, &#34;anyio&#34;: &#34;4.9.0&#34;, &#34;xdist&#34;: &#34;3.7.0&#34;, &#34;mock&#34;: &#34;3.14.1&#34;, &#34;cov&#34;: &#34;6.1.1&#34;, &#34;json-report&#34;: &#34;1.5.0&#34;}}, &#34;tests&#34;: {&#34;tests/integration/test_server_routes.py::TestServerRoutes::test_dashboard_unauthorized&#34;: [{&#34;extras&#34;: [], &#34;result&#34;: &#34;Passed&#34;, &#34;testId&#34;: &#34;tests/integration/test_server_routes.py::TestServerRoutes::test_dashboard_unauthorized&#34;, &#34;duration&#34;: &#34;17 ms&#34;, &#34;resultsTableRow&#34;: [&#34;&lt;td class=\&#34;col-result\&#34;&gt;Passed&lt;/td&gt;&#34;, &#34;&lt;td class=\&#34;col-testId\&#34;&gt;tests/integration/test_server_routes.py::TestServerRoutes::test_dashboard_unauthorized&lt;/td&gt;&#34;, &#34;&lt;td class=\&#34;col-duration\&#34;&gt;17 ms&lt;/td&gt;&#34;, &#34;&lt;td class=\&#34;col-links\&#34;&gt;&lt;/td&gt;&#34;], &#34;log&#34;: &#34;----------------------------- Captured stderr call -----------------------------\n2025-06-08 22:19:27.137 - PID:89416 - dependencies.py:24 - registry.auth.dependencies - INFO - No session cookie found\n2025-06-08 22:19:27.140 - PID:89416 - _client.py:1025 - httpx - INFO - HTTP Request: GET http://testserver/ &amp;quot;HTTP/1.1 307 Temporary Redirect&amp;quot;\n\n------------------------------ Captured log call -------------------------------\nINFO     registry.auth.dependencies:dependencies.py:24 No session cookie found\nINFO     httpx:_client.py:1025 HTTP Request: GET http://testserver/ &amp;quot;HTTP/1.1 307 Temporary Redirect&amp;quot;\n\n&#34;}], &#34;tests/integration/test_server_routes.py::TestServerRoutes::test_dashboard_authorized&#34;: [{&#34;extras&#34;: [], &#34;result&#34;: &#34;Passed&#34;, &#34;testId&#34;: &#34;tests/integration/test_server_routes.py::TestServerRoutes::test_dashboard_authorized&#34;, &#34;duration&#34;: &#34;40 ms&#34;, &#34;resultsTableRow&#34;: [&#34;&lt;td class=\&#34;col-result\&#34;&gt;Passed&lt;/td&gt;&#34;, &#34;&lt;td class=\&#34;col-testId\&#34;&gt;tests/integration/test_server_routes.py::TestServerRoutes::test_dashboard_authorized&lt;/td&gt;&#34;, &#34;&lt;td class=\&#34;col-duration\&#34;&gt;40 ms&lt;/td&gt;&#34;, &#34;&lt;td class=\&#34;col-links\&#34;&gt;&lt;/td&gt;&#34;], &#34;log&#34;: &#34;----------------------------- Captured stderr call -----------------------------\n2025-06-08 22:19:27.182 - PID:89416 - _client.py:1025 - httpx - INFO - HTTP Request: GET http://testserver/ &amp;quot;HTTP/1.1 200 OK&amp;quot;\n\n------------------------------ Captured log call -------------------------------\nINFO     httpx:_client.py:1025 HTTP Request: GET http://testserver/ &amp;quot;HTTP/1.1 200 OK&amp;quot;\n\n&#34;}], &#34;tests/integration/test_server_routes.py::TestServerRoutes::test_register_server_success&#34;: [{&#34;extras&#34;: [], &#34;result&#34;: &#34;Passed&#34;, &#34;testId&#34;: &#34;tests/integration/test_server_routes.py::TestServerRoutes::test_register_server_success&#34;, &#34;duration&#34;: &#34;9 ms&#34;, &#34;resultsTableRow&#34;: [&#34;&lt;td class=\&#34;col-result\&#34;&gt;Passed&lt;/td&gt;&#34;, &#34;&lt;td class=\&#34;col-testId\&#34;&gt;tests/integration/test_server_routes.py::TestServerRoutes::test_register_server_success&lt;/td&gt;&#34;, &#34;&lt;td class=\&#34;col-duration\&#34;&gt;9 ms&lt;/td&gt;&#34;, &#34;&lt;td class=\&#34;col-links\&#34;&gt;&lt;/td&gt;&#34;], &#34;log&#34;: &#34;----------------------------- Captured stderr call -----------------------------\n2025-06-08 22:19:27.190 - PID:89416 - server_routes.py:141 - registry.api.server_routes - INFO - Service registration request from user &amp;#x27;testuser&amp;#x27;\n2025-06-08 22:19:27.190 - PID:89416 - server_routes.py:142 - registry.api.server_routes - INFO - Name: Fox Ltd, Path: /policy-baby-break, URL: http://localhost:29422\n2025-06-08 22:19:27.191 - PID:89416 - server_routes.py:187 - registry.api.server_routes - INFO - New service registered: &amp;#x27;Fox Ltd&amp;#x27; at path &amp;#x27;/policy-baby-break&amp;#x27; by user &amp;#x27;testuser&amp;#x27;\n2025-06-08 22:19:27.192 - PID:89416 - _client.py:1025 - httpx - INFO - HTTP Request: POST http://testserver/register &amp;quot;HTTP/1.1 201 Created&amp;quot;\n\n------------------------------ Captured log call -------------------------------\nINFO     registry.api.server_routes:server_routes.py:141 Service registration request from user &amp;#x27;testuser&amp;#x27;\nINFO     registry.api.server_routes:server_routes.py:142 Name: Fox Ltd, Path: /policy-baby-break, URL: http://localhost:29422\nINFO     registry.api.server_routes:server_routes.py:187 New service registered: &amp;#x27;Fox Ltd&amp;#x27; at path &amp;#x27;/policy-baby-break&amp;#x27; by user &amp;#x27;testuser&amp;#x27;\nINFO     httpx:_client.py:1025 HTTP Request: POST http://testserver/register &amp;quot;HTTP/1.1 201 Created&amp;quot;\n\n&#34;}], &#34;tests/integration/test_server_routes.py::TestServerRoutes::test_register_server_duplicate_path&#34;: [{&#34;extras&#34;: [], &#34;result&#34;: &#34;Passed&#34;, &#34;testId&#34;: &#34;tests/integration/test_server_routes.py::TestServerRoutes::test_register_server_duplicate_path&#34;, &#34;duration&#34;: &#34;5 ms&#34;, &#34;resultsTableRow&#34;: [&#34;&lt;td class=\&#34;col-result\&#34;&gt;Passed&lt;/td&gt;&#34;, &#34;&lt;td class=\&#34;col-testId\&#34;&gt;tests/integration/test_server_routes.py::TestServerRoutes::test_register_server_duplicate_path&lt;/td&gt;&#34;, &#34;&lt;td class=\&#34;col-duration\&#34;&gt;5 ms&lt;/td&gt;&#34;, &#34;&lt;td class=\&#34;col-links\&#34;&gt;&lt;/td&gt;&#34;], &#34;log&#34;: &#34;----------------------------- Captured stderr call -----------------------------\n2025-06-08 22:19:27.197 - PID:89416 - server_routes.py:141 - registry.api.server_routes - INFO - Service registration request from user &amp;#x27;testuser&amp;#x27;\n2025-06-08 22:19:27.197 - PID:89416 - server_routes.py:142 - registry.api.server_routes - INFO - Name: Brown, Pierce and Ward, Path: /different-country, URL: http://localhost:30218\n2025-06-08 22:19:27.198 - PID:89416 - _client.py:1025 - httpx - INFO - HTTP Request: POST http://testserver/register &amp;quot;HTTP/1.1 400 Bad Request&amp;quot;\n\n------------------------------ Captured log call -------------------------------\nINFO     registry.api.server_routes:server_routes.py:141 Service registration request from user &amp;#x27;testuser&amp;#x27;\nINFO     registry.api.server_routes:server_routes.py:142 Name: Brown, Pierce and Ward, Path: /different-country, URL: http://localhost:30218\nINFO     httpx:_client.py:1025 HTTP Request: POST http://testserver/register &amp;quot;HTTP/1.1 400 Bad Request&amp;quot;\n\n&#34;}], &#34;tests/integration/test_server_routes.py::TestServerRoutes::test_toggle_service_success&#34;: [{&#34;extras&#34;: [], &#34;result&#34;: &#34;Passed&#34;, &#34;testId&#34;: &#34;tests/integration/test_server_routes.py::TestServerRoutes::test_toggle_service_success&#34;, &#34;duration&#34;: &#34;7 ms&#34;, &#34;resultsTableRow&#34;: [&#34;&lt;td class=\&#34;col-result\&#34;&gt;Passed&lt;/td&gt;&#34;, &#34;&lt;td class=\&#34;col-testId\&#34;&gt;tests/integration/test_server_routes.py::TestServerRoutes::test_toggle_service_success&lt;/td&gt;&#34;, &#34;&lt;td class=\&#34;col-duration\&#34;&gt;7 ms&lt;/td&gt;&#34;, &#34;&lt;td class=\&#34;col-links\&#34;&gt;&lt;/td&gt;&#34;], &#34;log&#34;: &#34;----------------------------- Captured stderr call -----------------------------\n2025-06-08 22:19:27.204 - PID:89416 - server_routes.py:96 - registry.api.server_routes - INFO - Toggled &amp;#x27;Hernandez, Keller and Gamble&amp;#x27; (/than-teacher) to True by user &amp;#x27;testuser&amp;#x27;\n2025-06-08 22:19:27.205 - PID:89416 - _client.py:1025 - httpx - INFO - HTTP Request: POST http://testserver/toggle/than-teacher &amp;quot;HTTP/1.1 200 OK&amp;quot;\n\n------------------------------ Captured log call -------------------------------\nINFO     registry.api.server_routes:server_routes.py:96 Toggled &amp;#x27;Hernandez, Keller and Gamble&amp;#x27; (/than-teacher) to True by user &amp;#x27;testuser&amp;#x27;\nINFO     httpx:_client.py:1025 HTTP Request: POST http://testserver/toggle/than-teacher &amp;quot;HTTP/1.1 200 OK&amp;quot;\n\n&#34;}], &#34;tests/integration/test_server_routes.py::TestServerRoutes::test_toggle_service_not_found&#34;: [{&#34;extras&#34;: [], &#34;result&#34;: &#34;Passed&#34;, &#34;testId&#34;: &#34;tests/integration/test_server_routes.py::TestServerRoutes::test_toggle_service_not_found&#34;, &#34;duration&#34;: &#34;4 ms&#34;, &#34;resultsTableRow&#34;: [&#34;&lt;td class=\&#34;col-result\&#34;&gt;Passed&lt;/td&gt;&#34;, &#34;&lt;td class=\&#34;col-testId\&#34;&gt;tests/integration/test_server_routes.py::TestServerRoutes::test_toggle_service_not_found&lt;/td&gt;&#34;, &#34;&lt;td class=\&#34;col-duration\&#34;&gt;4 ms&lt;/td&gt;&#34;, &#34;&lt;td class=\&#34;col-links\&#34;&gt;&lt;/td&gt;&#34;], &#34;log&#34;: &#34;----------------------------- Captured stderr call -----------------------------\n2025-06-08 22:19:27.210 - PID:89416 - _client.py:1025 - httpx - INFO - HTTP Request: POST http://testserver/toggle/nonexistent &amp;quot;HTTP/1.1 404 Not Found&amp;quot;\n\n------------------------------ Captured log call -------------------------------\nINFO     httpx:_client.py:1025 HTTP Request: POST http://testserver/toggle/nonexistent &amp;quot;HTTP/1.1 404 Not Found&amp;quot;\n\n&#34;}], &#34;tests/integration/test_server_routes.py::TestServerRoutes::test_get_server_details_success&#34;: [{&#34;extras&#34;: [], &#34;result&#34;: &#34;Passed&#34;, &#34;testId&#34;: &#34;tests/integration/test_server_routes.py::TestServerRoutes::test_get_server_details_success&#34;, &#34;duration&#34;: &#34;5 ms&#34;, &#34;resultsTableRow&#34;: [&#34;&lt;td class=\&#34;col-result\&#34;&gt;Passed&lt;/td&gt;&#34;, &#34;&lt;td class=\&#34;col-testId\&#34;&gt;tests/integration/test_server_routes.py::TestServerRoutes::test_get_server_details_success&lt;/td&gt;&#34;, &#34;&lt;td class=\&#34;col-duration\&#34;&gt;5 ms&lt;/td&gt;&#34;, &#34;&lt;td class=\&#34;col-links\&#34;&gt;&lt;/td&gt;&#34;], &#34;log&#34;: &#34;----------------------------- Captured stderr call -----------------------------\n2025-06-08 22:19:27.215 - PID:89416 - _client.py:1025 - httpx - INFO - HTTP Request: GET http://testserver/api/server_details/final-hope-born &amp;quot;HTTP/1.1 200 OK&amp;quot;\n\n------------------------------ Captured log call -------------------------------\nINFO     httpx:_client.py:1025 HTTP Request: GET http://testserver/api/server_details/final-hope-born &amp;quot;HTTP/1.1 200 OK&amp;quot;\n\n&#34;}], &#34;tests/integration/test_server_routes.py::TestServerRoutes::test_get_server_details_not_found&#34;: [{&#34;extras&#34;: [], &#34;result&#34;: &#34;Passed&#34;, &#34;testId&#34;: &#34;tests/integration/test_server_routes.py::TestServerRoutes::test_get_server_details_not_found&#34;, &#34;duration&#34;: &#34;3 ms&#34;, &#34;resultsTableRow&#34;: [&#34;&lt;td class=\&#34;col-result\&#34;&gt;Passed&lt;/td&gt;&#34;, &#34;&lt;td class=\&#34;col-testId\&#34;&gt;tests/integration/test_server_routes.py::TestServerRoutes::test_get_server_details_not_found&lt;/td&gt;&#34;, &#34;&lt;td class=\&#34;col-duration\&#34;&gt;3 ms&lt;/td&gt;&#34;, &#34;&lt;td class=\&#34;col-links\&#34;&gt;&lt;/td&gt;&#34;], &#34;log&#34;: &#34;----------------------------- Captured stderr call -----------------------------\n2025-06-08 22:19:27.220 - PID:89416 - _client.py:1025 - httpx - INFO - HTTP Request: GET http://testserver/api/server_details/nonexistent &amp;quot;HTTP/1.1 404 Not Found&amp;quot;\n\n------------------------------ Captured log call -------------------------------\nINFO     httpx:_client.py:1025 HTTP Request: GET http://testserver/api/server_details/nonexistent &amp;quot;HTTP/1.1 404 Not Found&amp;quot;\n\n&#34;}], &#34;tests/integration/test_server_routes.py::TestServerRoutes::test_get_all_server_details&#34;: [{&#34;extras&#34;: [], &#34;result&#34;: &#34;Passed&#34;, &#34;testId&#34;: &#34;tests/integration/test_server_routes.py::TestServerRoutes::test_get_all_server_details&#34;, &#34;duration&#34;: &#34;6 ms&#34;, &#34;resultsTableRow&#34;: [&#34;&lt;td class=\&#34;col-result\&#34;&gt;Passed&lt;/td&gt;&#34;, &#34;&lt;td class=\&#34;col-testId\&#34;&gt;tests/integration/test_server_routes.py::TestServerRoutes::test_get_all_server_details&lt;/td&gt;&#34;, &#34;&lt;td class=\&#34;col-duration\&#34;&gt;6 ms&lt;/td&gt;&#34;, &#34;&lt;td class=\&#34;col-links\&#34;&gt;&lt;/td&gt;&#34;], &#34;log&#34;: &#34;----------------------------- Captured stderr call -----------------------------\n2025-06-08 22:19:27.226 - PID:89416 - _client.py:1025 - httpx - INFO - HTTP Request: GET http://testserver/api/server_details/all &amp;quot;HTTP/1.1 200 OK&amp;quot;\n\n------------------------------ Captured log call -------------------------------\nINFO     httpx:_client.py:1025 HTTP Request: GET http://testserver/api/server_details/all &amp;quot;HTTP/1.1 200 OK&amp;quot;\n\n&#34;}], &#34;tests/integration/test_server_routes.py::TestServerRoutes::test_refresh_service_success&#34;: [{&#34;extras&#34;: [], &#34;result&#34;: &#34;Passed&#34;, &#34;testId&#34;: &#34;tests/integration/test_server_routes.py::TestServerRoutes::test_refresh_service_success&#34;, &#34;duration&#34;: &#34;5 ms&#34;, &#34;resultsTableRow&#34;: [&#34;&lt;td class=\&#34;col-result\&#34;&gt;Passed&lt;/td&gt;&#34;, &#34;&lt;td class=\&#34;col-testId\&#34;&gt;tests/integration/test_server_routes.py::TestServerRoutes::test_refresh_service_success&lt;/td&gt;&#34;, &#34;&lt;td class=\&#34;col-duration\&#34;&gt;5 ms&lt;/td&gt;&#34;, &#34;&lt;td class=\&#34;col-links\&#34;&gt;&lt;/td&gt;&#34;], &#34;log&#34;: &#34;----------------------------- Captured stderr call -----------------------------\n2025-06-08 22:19:27.231 - PID:89416 - server_routes.py:381 - registry.api.server_routes - INFO - Service &amp;#x27;/current-quality&amp;#x27; refreshed by user &amp;#x27;testuser&amp;#x27;\n2025-06-08 22:19:27.231 - PID:89416 - _client.py:1025 - httpx - INFO - HTTP Request: POST http://testserver/api/refresh/current-quality &amp;quot;HTTP/1.1 200 OK&amp;quot;\n\n------------------------------ Captured log call -------------------------------\nINFO     registry.api.server_routes:server_routes.py:381 Service &amp;#x27;/current-quality&amp;#x27; refreshed by user &amp;#x27;testuser&amp;#x27;\nINFO     httpx:_client.py:1025 HTTP Request: POST http://testserver/api/refresh/current-quality &amp;quot;HTTP/1.1 200 OK&amp;quot;\n\n&#34;}], &#34;tests/integration/test_server_routes.py::TestServerRoutes::test_refresh_service_not_found&#34;: [{&#34;extras&#34;: [], &#34;result&#34;: &#34;Passed&#34;, &#34;testId&#34;: &#34;tests/integration/test_server_routes.py::TestServerRoutes::test_refresh_service_not_found&#34;, &#34;duration&#34;: &#34;4 ms&#34;, &#34;resultsTableRow&#34;: [&#34;&lt;td class=\&#34;col-result\&#34;&gt;Passed&lt;/td&gt;&#34;, &#34;&lt;td class=\&#34;col-testId\&#34;&gt;tests/integration/test_server_routes.py::TestServerRoutes::test_refresh_service_not_found&lt;/td&gt;&#34;, &#34;&lt;td class=\&#34;col-duration\&#34;&gt;4 ms&lt;/td&gt;&#34;, &#34;&lt;td class=\&#34;col-links\&#34;&gt;&lt;/td&gt;&#34;], &#34;log&#34;: &#34;----------------------------- Captured stderr call -----------------------------\n2025-06-08 22:19:27.236 - PID:89416 - _client.py:1025 - httpx - INFO - HTTP Request: POST http://testserver/api/refresh/nonexistent &amp;quot;HTTP/1.1 404 Not Found&amp;quot;\n\n------------------------------ Captured log call -------------------------------\nINFO     httpx:_client.py:1025 HTTP Request: POST http://testserver/api/refresh/nonexistent &amp;quot;HTTP/1.1 404 Not Found&amp;quot;\n\n&#34;}], &#34;tests/integration/test_server_routes.py::TestServerRoutes::test_edit_server_form_success&#34;: [{&#34;extras&#34;: [], &#34;result&#34;: &#34;Passed&#34;, &#34;testId&#34;: &#34;tests/integration/test_server_routes.py::TestServerRoutes::test_edit_server_form_success&#34;, &#34;duration&#34;: &#34;10 ms&#34;, &#34;resultsTableRow&#34;: [&#34;&lt;td class=\&#34;col-result\&#34;&gt;Passed&lt;/td&gt;&#34;, &#34;&lt;td class=\&#34;col-testId\&#34;&gt;tests/integration/test_server_routes.py::TestServerRoutes::test_edit_server_form_success&lt;/td&gt;&#34;, &#34;&lt;td class=\&#34;col-duration\&#34;&gt;10 ms&lt;/td&gt;&#34;, &#34;&lt;td class=\&#34;col-links\&#34;&gt;&lt;/td&gt;&#34;], &#34;log&#34;: &#34;----------------------------- Captured stderr call -----------------------------\n2025-06-08 22:19:27.246 - PID:89416 - _client.py:1025 - httpx - INFO - HTTP Request: GET http://testserver/edit/although-team-both &amp;quot;HTTP/1.1 200 OK&amp;quot;\n\n------------------------------ Captured log call -------------------------------\nINFO     httpx:_client.py:1025 HTTP Request: GET http://testserver/edit/although-team-both &amp;quot;HTTP/1.1 200 OK&amp;quot;\n\n&#34;}], &#34;tests/integration/test_server_routes.py::TestServerRoutes::test_edit_server_form_not_found&#34;: [{&#34;extras&#34;: [], &#34;result&#34;: &#34;Passed&#34;, &#34;testId&#34;: &#34;tests/integration/test_server_routes.py::TestServerRoutes::test_edit_server_form_not_found&#34;, &#34;duration&#34;: &#34;4 ms&#34;, &#34;resultsTableRow&#34;: [&#34;&lt;td class=\&#34;col-result\&#34;&gt;Passed&lt;/td&gt;&#34;, &#34;&lt;td class=\&#34;col-testId\&#34;&gt;tests/integration/test_server_routes.py::TestServerRoutes::test_edit_server_form_not_found&lt;/td&gt;&#34;, &#34;&lt;td class=\&#34;col-duration\&#34;&gt;4 ms&lt;/td&gt;&#34;, &#34;&lt;td class=\&#34;col-links\&#34;&gt;&lt;/td&gt;&#34;], &#34;log&#34;: &#34;----------------------------- Captured stderr call -----------------------------\n2025-06-08 22:19:27.250 - PID:89416 - _client.py:1025 - httpx - INFO - HTTP Request: GET http://testserver/edit/nonexistent &amp;quot;HTTP/1.1 404 Not Found&amp;quot;\n\n------------------------------ Captured log call -------------------------------\nINFO     httpx:_client.py:1025 HTTP Request: GET http://testserver/edit/nonexistent &amp;quot;HTTP/1.1 404 Not Found&amp;quot;\n\n&#34;}], &#34;tests/integration/test_server_routes.py::TestServerRoutes::test_edit_server_submit_success&#34;: [{&#34;extras&#34;: [], &#34;result&#34;: &#34;Passed&#34;, &#34;testId&#34;: &#34;tests/integration/test_server_routes.py::TestServerRoutes::test_edit_server_submit_success&#34;, &#34;duration&#34;: &#34;6 ms&#34;, &#34;resultsTableRow&#34;: [&#34;&lt;td class=\&#34;col-result\&#34;&gt;Passed&lt;/td&gt;&#34;, &#34;&lt;td class=\&#34;col-testId\&#34;&gt;tests/integration/test_server_routes.py::TestServerRoutes::test_edit_server_submit_success&lt;/td&gt;&#34;, &#34;&lt;td class=\&#34;col-duration\&#34;&gt;6 ms&lt;/td&gt;&#34;, &#34;&lt;td class=\&#34;col-links\&#34;&gt;&lt;/td&gt;&#34;], &#34;log&#34;: &#34;----------------------------- Captured stderr call -----------------------------\n2025-06-08 22:19:27.256 - PID:89416 - server_routes.py:275 - registry.api.server_routes - INFO - Server &amp;#x27;Updated Name&amp;#x27; (/east-play-bed-left) updated by user &amp;#x27;testuser&amp;#x27;\n2025-06-08 22:19:27.257 - PID:89416 - _client.py:1025 - httpx - INFO - HTTP Request: POST http://testserver/edit/east-play-bed-left &amp;quot;HTTP/1.1 303 See Other&amp;quot;\n\n------------------------------ Captured log call -------------------------------\nINFO     registry.api.server_routes:server_routes.py:275 Server &amp;#x27;Updated Name&amp;#x27; (/east-play-bed-left) updated by user &amp;#x27;testuser&amp;#x27;\nINFO     httpx:_client.py:1025 HTTP Request: POST http://testserver/edit/east-play-bed-left &amp;quot;HTTP/1.1 303 See Other&amp;quot;\n\n&#34;}], &#34;tests/integration/test_server_routes.py::TestServerRoutes::test_edit_server_submit_not_found&#34;: [{&#34;extras&#34;: [], &#34;result&#34;: &#34;Passed&#34;, &#34;testId&#34;: &#34;tests/integration/test_server_routes.py::TestServerRoutes::test_edit_server_submit_not_found&#34;, &#34;duration&#34;: &#34;4 ms&#34;, &#34;resultsTableRow&#34;: [&#34;&lt;td class=\&#34;col-result\&#34;&gt;Passed&lt;/td&gt;&#34;, &#34;&lt;td class=\&#34;col-testId\&#34;&gt;tests/integration/test_server_routes.py::TestServerRoutes::test_edit_server_submit_not_found&lt;/td&gt;&#34;, &#34;&lt;td class=\&#34;col-duration\&#34;&gt;4 ms&lt;/td&gt;&#34;, &#34;&lt;td class=\&#34;col-links\&#34;&gt;&lt;/td&gt;&#34;], &#34;log&#34;: &#34;----------------------------- Captured stderr call -----------------------------\n2025-06-08 22:19:27.262 - PID:89416 - _client.py:1025 - httpx - INFO - HTTP Request: POST http://testserver/edit/nonexistent &amp;quot;HTTP/1.1 404 Not Found&amp;quot;\n\n------------------------------ Captured log call -------------------------------\nINFO     httpx:_client.py:1025 HTTP Request: POST http://testserver/edit/nonexistent &amp;quot;HTTP/1.1 404 Not Found&amp;quot;\n\n&#34;}], &#34;tests/unit/auth/test_auth_dependencies.py::TestAuthDependencies::test_create_session_cookie_success&#34;: [{&#34;extras&#34;: [], &#34;result&#34;: &#34;Passed&#34;, &#34;testId&#34;: &#34;tests/unit/auth/test_auth_dependencies.py::TestAuthDependencies::test_create_session_cookie_success&#34;, &#34;duration&#34;: &#34;1 ms&#34;, &#34;resultsTableRow&#34;: [&#34;&lt;td class=\&#34;col-result\&#34;&gt;Passed&lt;/td&gt;&#34;, &#34;&lt;td class=\&#34;col-testId\&#34;&gt;tests/unit/auth/test_auth_dependencies.py::TestAuthDependencies::test_create_session_cookie_success&lt;/td&gt;&#34;, &#34;&lt;td class=\&#34;col-duration\&#34;&gt;1 ms&lt;/td&gt;&#34;, &#34;&lt;td class=\&#34;col-links\&#34;&gt;&lt;/td&gt;&#34;], &#34;log&#34;: &#34;No log output captured.&#34;}], &#34;tests/unit/auth/test_auth_dependencies.py::TestAuthDependencies::test_create_session_cookie_defaults&#34;: [{&#34;extras&#34;: [], &#34;result&#34;: &#34;Passed&#34;, &#34;testId&#34;: &#34;tests/unit/auth/test_auth_dependencies.py::TestAuthDependencies::test_create_session_cookie_defaults&#34;, &#34;duration&#34;: &#34;1 ms&#34;, &#34;resultsTableRow&#34;: [&#34;&lt;td class=\&#34;col-result\&#34;&gt;Passed&lt;/td&gt;&#34;, &#34;&lt;td class=\&#34;col-testId\&#34;&gt;tests/unit/auth/test_auth_dependencies.py::TestAuthDependencies::test_create_session_cookie_defaults&lt;/td&gt;&#34;, &#34;&lt;td class=\&#34;col-duration\&#34;&gt;1 ms&lt;/td&gt;&#34;, &#34;&lt;td class=\&#34;col-links\&#34;&gt;&lt;/td&gt;&#34;], &#34;log&#34;: &#34;No log output captured.&#34;}], &#34;tests/unit/auth/test_auth_dependencies.py::TestAuthDependencies::test_validate_login_credentials_success&#34;: [{&#34;extras&#34;: [], &#34;result&#34;: &#34;Passed&#34;, &#34;testId&#34;: &#34;tests/unit/auth/test_auth_dependencies.py::TestAuthDependencies::test_validate_login_credentials_success&#34;, &#34;duration&#34;: &#34;1 ms&#34;, &#34;resultsTableRow&#34;: [&#34;&lt;td class=\&#34;col-result\&#34;&gt;Passed&lt;/td&gt;&#34;, &#34;&lt;td class=\&#34;col-testId\&#34;&gt;tests/unit/auth/test_auth_dependencies.py::TestAuthDependencies::test_validate_login_credentials_success&lt;/td&gt;&#34;, &#34;&lt;td class=\&#34;col-duration\&#34;&gt;1 ms&lt;/td&gt;&#34;, &#34;&lt;td class=\&#34;col-links\&#34;&gt;&lt;/td&gt;&#34;], &#34;log&#34;: &#34;No log output captured.&#34;}], &#34;tests/unit/auth/test_auth_dependencies.py::TestAuthDependencies::test_validate_login_credentials_wrong_username&#34;: [{&#34;extras&#34;: [], &#34;result&#34;: &#34;Passed&#34;, &#34;testId&#34;: &#34;tests/unit/auth/test_auth_dependencies.py::TestAuthDependencies::test_validate_login_credentials_wrong_username&#34;, &#34;duration&#34;: &#34;1 ms&#34;, &#34;resultsTableRow&#34;: [&#34;&lt;td class=\&#34;col-result\&#34;&gt;Passed&lt;/td&gt;&#34;, &#34;&lt;td class=\&#34;col-testId\&#34;&gt;tests/unit/auth/test_auth_dependencies.py::TestAuthDependencies::test_validate_login_credentials_wrong_username&lt;/td&gt;&#34;, &#34;&lt;td class=\&#34;col-duration\&#34;&gt;1 ms&lt;/td&gt;&#34;, &#34;&lt;td class=\&#34;col-links\&#34;&gt;&lt;/td&gt;&#34;], &#34;log&#34;: &#34;No log output captured.&#34;}], &#34;tests/unit/auth/test_auth_dependencies.py::TestAuthDependencies::test_validate_login_credentials_wrong_password&#34;: [{&#34;extras&#34;: [], &#34;result&#34;: &#34;Passed&#34;, &#34;testId&#34;: &#34;tests/unit/auth/test_auth_dependencies.py::TestAuthDependencies::test_validate_login_credentials_wrong_password&#34;, &#34;duration&#34;: &#34;1 ms&#34;, &#34;resultsTableRow&#34;: [&#34;&lt;td class=\&#34;col-result\&#34;&gt;Passed&lt;/td&gt;&#34;, &#34;&lt;td class=\&#34;col-testId\&#34;&gt;tests/unit/auth/test_auth_dependencies.py::TestAuthDependencies::test_validate_login_credentials_wrong_password&lt;/td&gt;&#34;, &#34;&lt;td class=\&#34;col-duration\&#34;&gt;1 ms&lt;/td&gt;&#34;, &#34;&lt;td class=\&#34;col-links\&#34;&gt;&lt;/td&gt;&#34;], &#34;log&#34;: &#34;No log output captured.&#34;}], &#34;tests/unit/auth/test_auth_dependencies.py::TestAuthDependencies::test_validate_login_credentials_both_wrong&#34;: [{&#34;extras&#34;: [], &#34;result&#34;: &#34;Passed&#34;, &#34;testId&#34;: &#34;tests/unit/auth/test_auth_dependencies.py::TestAuthDependencies::test_validate_login_credentials_both_wrong&#34;, &#34;duration&#34;: &#34;1 ms&#34;, &#34;resultsTableRow&#34;: [&#34;&lt;td class=\&#34;col-result\&#34;&gt;Passed&lt;/td&gt;&#34;, &#34;&lt;td class=\&#34;col-testId\&#34;&gt;tests/unit/auth/test_auth_dependencies.py::TestAuthDependencies::test_validate_login_credentials_both_wrong&lt;/td&gt;&#34;, &#34;&lt;td class=\&#34;col-duration\&#34;&gt;1 ms&lt;/td&gt;&#34;, &#34;&lt;td class=\&#34;col-links\&#34;&gt;&lt;/td&gt;&#34;], &#34;log&#34;: &#34;No log output captured.&#34;}], &#34;tests/unit/auth/test_auth_dependencies.py::TestAuthDependencies::test_get_current_user_success&#34;: [{&#34;extras&#34;: [], &#34;result&#34;: &#34;Passed&#34;, &#34;testId&#34;: &#34;tests/unit/auth/test_auth_dependencies.py::TestAuthDependencies::test_get_current_user_success&#34;, &#34;duration&#34;: &#34;1 ms&#34;, &#34;resultsTableRow&#34;: [&#34;&lt;td class=\&#34;col-result\&#34;&gt;Passed&lt;/td&gt;&#34;, &#34;&lt;td class=\&#34;col-testId\&#34;&gt;tests/unit/auth/test_auth_dependencies.py::TestAuthDependencies::test_get_current_user_success&lt;/td&gt;&#34;, &#34;&lt;td class=\&#34;col-duration\&#34;&gt;1 ms&lt;/td&gt;&#34;, &#34;&lt;td class=\&#34;col-links\&#34;&gt;&lt;/td&gt;&#34;], &#34;log&#34;: &#34;----------------------------- Captured stderr call -----------------------------\n2025-06-08 22:19:27.272 - PID:89416 - dependencies.py:46 - registry.auth.dependencies - INFO - Session validated for user testuser (auth: traditional, provider: local)\n\n------------------------------ Captured log call -------------------------------\nINFO     registry.auth.dependencies:dependencies.py:46 Session validated for user testuser (auth: traditional, provider: local)\n\n&#34;}], &#34;tests/unit/auth/test_auth_dependencies.py::TestAuthDependencies::test_get_current_user_no_session&#34;: [{&#34;extras&#34;: [], &#34;result&#34;: &#34;Passed&#34;, &#34;testId&#34;: &#34;tests/unit/auth/test_auth_dependencies.py::TestAuthDependencies::test_get_current_user_no_session&#34;, &#34;duration&#34;: &#34;1 ms&#34;, &#34;resultsTableRow&#34;: [&#34;&lt;td class=\&#34;col-result\&#34;&gt;Passed&lt;/td&gt;&#34;, &#34;&lt;td class=\&#34;col-testId\&#34;&gt;tests/unit/auth/test_auth_dependencies.py::TestAuthDependencies::test_get_current_user_no_session&lt;/td&gt;&#34;, &#34;&lt;td class=\&#34;col-duration\&#34;&gt;1 ms&lt;/td&gt;&#34;, &#34;&lt;td class=\&#34;col-links\&#34;&gt;&lt;/td&gt;&#34;], &#34;log&#34;: &#34;----------------------------- Captured stderr call -----------------------------\n2025-06-08 22:19:27.273 - PID:89416 - dependencies.py:24 - registry.auth.dependencies - INFO - No session cookie found\n\n------------------------------ Captured log call -------------------------------\nINFO     registry.auth.dependencies:dependencies.py:24 No session cookie found\n\n&#34;}], &#34;tests/unit/auth/test_auth_dependencies.py::TestAuthDependencies::test_get_current_user_expired_session&#34;: [{&#34;extras&#34;: [], &#34;result&#34;: &#34;Passed&#34;, &#34;testId&#34;: &#34;tests/unit/auth/test_auth_dependencies.py::TestAuthDependencies::test_get_current_user_expired_session&#34;, &#34;duration&#34;: &#34;1 ms&#34;, &#34;resultsTableRow&#34;: [&#34;&lt;td class=\&#34;col-result\&#34;&gt;Passed&lt;/td&gt;&#34;, &#34;&lt;td class=\&#34;col-testId\&#34;&gt;tests/unit/auth/test_auth_dependencies.py::TestAuthDependencies::test_get_current_user_expired_session&lt;/td&gt;&#34;, &#34;&lt;td class=\&#34;col-duration\&#34;&gt;1 ms&lt;/td&gt;&#34;, &#34;&lt;td class=\&#34;col-links\&#34;&gt;&lt;/td&gt;&#34;], &#34;log&#34;: &#34;----------------------------- Captured stderr call -----------------------------\n2025-06-08 22:19:27.275 - PID:89416 - dependencies.py:51 - registry.auth.dependencies - INFO - Session cookie has expired\n\n------------------------------ Captured log call -------------------------------\nINFO     registry.auth.dependencies:dependencies.py:51 Session cookie has expired\n\n&#34;}], &#34;tests/unit/auth/test_auth_dependencies.py::TestAuthDependencies::test_get_current_user_invalid_signature&#34;: [{&#34;extras&#34;: [], &#34;result&#34;: &#34;Passed&#34;, &#34;testId&#34;: &#34;tests/unit/auth/test_auth_dependencies.py::TestAuthDependencies::test_get_current_user_invalid_signature&#34;, &#34;duration&#34;: &#34;1 ms&#34;, &#34;resultsTableRow&#34;: [&#34;&lt;td class=\&#34;col-result\&#34;&gt;Passed&lt;/td&gt;&#34;, &#34;&lt;td class=\&#34;col-testId\&#34;&gt;tests/unit/auth/test_auth_dependencies.py::TestAuthDependencies::test_get_current_user_invalid_signature&lt;/td&gt;&#34;, &#34;&lt;td class=\&#34;col-duration\&#34;&gt;1 ms&lt;/td&gt;&#34;, &#34;&lt;td class=\&#34;col-links\&#34;&gt;&lt;/td&gt;&#34;], &#34;log&#34;: &#34;----------------------------- Captured stderr call -----------------------------\n2025-06-08 22:19:27.277 - PID:89416 - dependencies.py:58 - registry.auth.dependencies - WARNING - Invalid session cookie signature\n\n------------------------------ Captured log call -------------------------------\nWARNING  registry.auth.dependencies:dependencies.py:58 Invalid session cookie signature\n\n&#34;}], &#34;tests/unit/auth/test_auth_dependencies.py::TestAuthDependencies::test_get_current_user_no_username_in_session&#34;: [{&#34;extras&#34;: [], &#34;result&#34;: &#34;Passed&#34;, &#34;testId&#34;: &#34;tests/unit/auth/test_auth_dependencies.py::TestAuthDependencies::test_get_current_user_no_username_in_session&#34;, &#34;duration&#34;: &#34;1 ms&#34;, &#34;resultsTableRow&#34;: [&#34;&lt;td class=\&#34;col-result\&#34;&gt;Passed&lt;/td&gt;&#34;, &#34;&lt;td class=\&#34;col-testId\&#34;&gt;tests/unit/auth/test_auth_dependencies.py::TestAuthDependencies::test_get_current_user_no_username_in_session&lt;/td&gt;&#34;, &#34;&lt;td class=\&#34;col-duration\&#34;&gt;1 ms&lt;/td&gt;&#34;, &#34;&lt;td class=\&#34;col-links\&#34;&gt;&lt;/td&gt;&#34;], &#34;log&#34;: &#34;----------------------------- Captured stderr call -----------------------------\n2025-06-08 22:19:27.279 - PID:89416 - dependencies.py:36 - registry.auth.dependencies - WARNING - Session cookie exists but no username found\n2025-06-08 22:19:27.279 - PID:89416 - dependencies.py:65 - registry.auth.dependencies - ERROR - Unexpected error during session validation: 401: Invalid session format\n\n------------------------------ Captured log call -------------------------------\nWARNING  registry.auth.dependencies:dependencies.py:36 Session cookie exists but no username found\nERROR    registry.auth.dependencies:dependencies.py:65 Unexpected error during session validation: 401: Invalid session format\n\n&#34;}], &#34;tests/unit/auth/test_auth_dependencies.py::TestAuthDependencies::test_api_auth_success&#34;: [{&#34;extras&#34;: [], &#34;result&#34;: &#34;Passed&#34;, &#34;testId&#34;: &#34;tests/unit/auth/test_auth_dependencies.py::TestAuthDependencies::test_api_auth_success&#34;, &#34;duration&#34;: &#34;1 ms&#34;, &#34;resultsTableRow&#34;: [&#34;&lt;td class=\&#34;col-result\&#34;&gt;Passed&lt;/td&gt;&#34;, &#34;&lt;td class=\&#34;col-testId\&#34;&gt;tests/unit/auth/test_auth_dependencies.py::TestAuthDependencies::test_api_auth_success&lt;/td&gt;&#34;, &#34;&lt;td class=\&#34;col-duration\&#34;&gt;1 ms&lt;/td&gt;&#34;, &#34;&lt;td class=\&#34;col-links\&#34;&gt;&lt;/td&gt;&#34;], &#34;log&#34;: &#34;----------------------------- Captured stderr call -----------------------------\n2025-06-08 22:19:27.281 - PID:89416 - dependencies.py:46 - registry.auth.dependencies - INFO - Session validated for user testuser (auth: traditional, provider: local)\n\n------------------------------ Captured log call -------------------------------\nINFO     registry.auth.dependencies:dependencies.py:46 Session validated for user testuser (auth: traditional, provider: local)\n\n&#34;}], &#34;tests/unit/auth/test_auth_dependencies.py::TestAuthDependencies::test_api_auth_no_session&#34;: [{&#34;extras&#34;: [], &#34;result&#34;: &#34;Passed&#34;, &#34;testId&#34;: &#34;tests/unit/auth/test_auth_dependencies.py::TestAuthDependencies::test_api_auth_no_session&#34;, &#34;duration&#34;: &#34;1 ms&#34;, &#34;resultsTableRow&#34;: [&#34;&lt;td class=\&#34;col-result\&#34;&gt;Passed&lt;/td&gt;&#34;, &#34;&lt;td class=\&#34;col-testId\&#34;&gt;tests/unit/auth/test_auth_dependencies.py::TestAuthDependencies::test_api_auth_no_session&lt;/td&gt;&#34;, &#34;&lt;td class=\&#34;col-duration\&#34;&gt;1 ms&lt;/td&gt;&#34;, &#34;&lt;td class=\&#34;col-links\&#34;&gt;&lt;/td&gt;&#34;], &#34;log&#34;: &#34;----------------------------- Captured stderr call -----------------------------\n2025-06-08 22:19:27.282 - PID:89416 - dependencies.py:24 - registry.auth.dependencies - INFO - No session cookie found\n\n------------------------------ Captured log call -------------------------------\nINFO     registry.auth.dependencies:dependencies.py:24 No session cookie found\n\n&#34;}], &#34;tests/unit/auth/test_auth_dependencies.py::TestAuthDependencies::test_web_auth_success&#34;: [{&#34;extras&#34;: [], &#34;result&#34;: &#34;Passed&#34;, &#34;testId&#34;: &#34;tests/unit/auth/test_auth_dependencies.py::TestAuthDependencies::test_web_auth_success&#34;, &#34;duration&#34;: &#34;1 ms&#34;, &#34;resultsTableRow&#34;: [&#34;&lt;td class=\&#34;col-result\&#34;&gt;Passed&lt;/td&gt;&#34;, &#34;&lt;td class=\&#34;col-testId\&#34;&gt;tests/unit/auth/test_auth_dependencies.py::TestAuthDependencies::test_web_auth_success&lt;/td&gt;&#34;, &#34;&lt;td class=\&#34;col-duration\&#34;&gt;1 ms&lt;/td&gt;&#34;, &#34;&lt;td class=\&#34;col-links\&#34;&gt;&lt;/td&gt;&#34;], &#34;log&#34;: &#34;----------------------------- Captured stderr call -----------------------------\n2025-06-08 22:19:27.284 - PID:89416 - dependencies.py:46 - registry.auth.dependencies - INFO - Session validated for user testuser (auth: traditional, provider: local)\n\n------------------------------ Captured log call -------------------------------\nINFO     registry.auth.dependencies:dependencies.py:46 Session validated for user testuser (auth: traditional, provider: local)\n\n&#34;}], &#34;tests/unit/auth/test_auth_dependencies.py::TestAuthDependencies::test_web_auth_no_session&#34;: [{&#34;extras&#34;: [], &#34;result&#34;: &#34;Passed&#34;, &#34;testId&#34;: &#34;tests/unit/auth/test_auth_dependencies.py::TestAuthDependencies::test_web_auth_no_session&#34;, &#34;duration&#34;: &#34;1 ms&#34;, &#34;resultsTableRow&#34;: [&#34;&lt;td class=\&#34;col-result\&#34;&gt;Passed&lt;/td&gt;&#34;, &#34;&lt;td class=\&#34;col-testId\&#34;&gt;tests/unit/auth/test_auth_dependencies.py::TestAuthDependencies::test_web_auth_no_session&lt;/td&gt;&#34;, &#34;&lt;td class=\&#34;col-duration\&#34;&gt;1 ms&lt;/td&gt;&#34;, &#34;&lt;td class=\&#34;col-links\&#34;&gt;&lt;/td&gt;&#34;], &#34;log&#34;: &#34;----------------------------- Captured stderr call -----------------------------\n2025-06-08 22:19:27.285 - PID:89416 - dependencies.py:24 - registry.auth.dependencies - INFO - No session cookie found\n\n------------------------------ Captured log call -------------------------------\nINFO     registry.auth.dependencies:dependencies.py:24 No session cookie found\n\n&#34;}], &#34;tests/unit/auth/test_auth_routes.py::TestAuthRoutes::test_get_oauth2_providers_success&#34;: [{&#34;extras&#34;: [], &#34;result&#34;: &#34;Passed&#34;, &#34;testId&#34;: &#34;tests/unit/auth/test_auth_routes.py::TestAuthRoutes::test_get_oauth2_providers_success&#34;, &#34;duration&#34;: &#34;2 ms&#34;, &#34;resultsTableRow&#34;: [&#34;&lt;td class=\&#34;col-result\&#34;&gt;Passed&lt;/td&gt;&#34;, &#34;&lt;td class=\&#34;col-testId\&#34;&gt;tests/unit/auth/test_auth_routes.py::TestAuthRoutes::test_get_oauth2_providers_success&lt;/td&gt;&#34;, &#34;&lt;td class=\&#34;col-duration\&#34;&gt;2 ms&lt;/td&gt;&#34;, &#34;&lt;td class=\&#34;col-links\&#34;&gt;&lt;/td&gt;&#34;], &#34;log&#34;: &#34;No log output captured.&#34;}], &#34;tests/unit/auth/test_auth_routes.py::TestAuthRoutes::test_get_oauth2_providers_failure&#34;: [{&#34;extras&#34;: [], &#34;result&#34;: &#34;Passed&#34;, &#34;testId&#34;: &#34;tests/unit/auth/test_auth_routes.py::TestAuthRoutes::test_get_oauth2_providers_failure&#34;, &#34;duration&#34;: &#34;2 ms&#34;, &#34;resultsTableRow&#34;: [&#34;&lt;td class=\&#34;col-result\&#34;&gt;Passed&lt;/td&gt;&#34;, &#34;&lt;td class=\&#34;col-testId\&#34;&gt;tests/unit/auth/test_auth_routes.py::TestAuthRoutes::test_get_oauth2_providers_failure&lt;/td&gt;&#34;, &#34;&lt;td class=\&#34;col-duration\&#34;&gt;2 ms&lt;/td&gt;&#34;, &#34;&lt;td class=\&#34;col-links\&#34;&gt;&lt;/td&gt;&#34;], &#34;log&#34;: &#34;----------------------------- Captured stderr call -----------------------------\n2025-06-08 22:19:27.291 - PID:89416 - routes.py:30 - registry.auth.routes - WARNING - Failed to fetch OAuth2 providers from auth server: Network error\n\n------------------------------ Captured log call -------------------------------\nWARNING  registry.auth.routes:routes.py:30 Failed to fetch OAuth2 providers from auth server: Network error\n\n&#34;}], &#34;tests/unit/auth/test_auth_routes.py::TestAuthRoutes::test_get_oauth2_providers_bad_response&#34;: [{&#34;extras&#34;: [], &#34;result&#34;: &#34;Passed&#34;, &#34;testId&#34;: &#34;tests/unit/auth/test_auth_routes.py::TestAuthRoutes::test_get_oauth2_providers_bad_response&#34;, &#34;duration&#34;: &#34;3 ms&#34;, &#34;resultsTableRow&#34;: [&#34;&lt;td class=\&#34;col-result\&#34;&gt;Passed&lt;/td&gt;&#34;, &#34;&lt;td class=\&#34;col-testId\&#34;&gt;tests/unit/auth/test_auth_routes.py::TestAuthRoutes::test_get_oauth2_providers_bad_response&lt;/td&gt;&#34;, &#34;&lt;td class=\&#34;col-duration\&#34;&gt;3 ms&lt;/td&gt;&#34;, &#34;&lt;td class=\&#34;col-links\&#34;&gt;&lt;/td&gt;&#34;], &#34;log&#34;: &#34;No log output captured.&#34;}], &#34;tests/unit/auth/test_auth_routes.py::TestAuthRoutes::test_login_form_success&#34;: [{&#34;extras&#34;: [], &#34;result&#34;: &#34;Passed&#34;, &#34;testId&#34;: &#34;tests/unit/auth/test_auth_routes.py::TestAuthRoutes::test_login_form_success&#34;, &#34;duration&#34;: &#34;2 ms&#34;, &#34;resultsTableRow&#34;: [&#34;&lt;td class=\&#34;col-result\&#34;&gt;Passed&lt;/td&gt;&#34;, &#34;&lt;td class=\&#34;col-testId\&#34;&gt;tests/unit/auth/test_auth_routes.py::TestAuthRoutes::test_login_form_success&lt;/td&gt;&#34;, &#34;&lt;td class=\&#34;col-duration\&#34;&gt;2 ms&lt;/td&gt;&#34;, &#34;&lt;td class=\&#34;col-links\&#34;&gt;&lt;/td&gt;&#34;], &#34;log&#34;: &#34;No log output captured.&#34;}], &#34;tests/unit/auth/test_auth_routes.py::TestAuthRoutes::test_login_form_with_error&#34;: [{&#34;extras&#34;: [], &#34;result&#34;: &#34;Passed&#34;, &#34;testId&#34;: &#34;tests/unit/auth/test_auth_routes.py::TestAuthRoutes::test_login_form_with_error&#34;, &#34;duration&#34;: &#34;2 ms&#34;, &#34;resultsTableRow&#34;: [&#34;&lt;td class=\&#34;col-result\&#34;&gt;Passed&lt;/td&gt;&#34;, &#34;&lt;td class=\&#34;col-testId\&#34;&gt;tests/unit/auth/test_auth_routes.py::TestAuthRoutes::test_login_form_with_error&lt;/td&gt;&#34;, &#34;&lt;td class=\&#34;col-duration\&#34;&gt;2 ms&lt;/td&gt;&#34;, &#34;&lt;td class=\&#34;col-links\&#34;&gt;&lt;/td&gt;&#34;], &#34;log&#34;: &#34;No log output captured.&#34;}], &#34;tests/unit/auth/test_auth_routes.py::TestAuthRoutes::test_oauth2_login_redirect_success&#34;: [{&#34;extras&#34;: [], &#34;result&#34;: &#34;Passed&#34;, &#34;testId&#34;: &#34;tests/unit/auth/test_auth_routes.py::TestAuthRoutes::test_oauth2_login_redirect_success&#34;, &#34;duration&#34;: &#34;2 ms&#34;, &#34;resultsTableRow&#34;: [&#34;&lt;td class=\&#34;col-result\&#34;&gt;Passed&lt;/td&gt;&#34;, &#34;&lt;td class=\&#34;col-testId\&#34;&gt;tests/unit/auth/test_auth_routes.py::TestAuthRoutes::test_oauth2_login_redirect_success&lt;/td&gt;&#34;, &#34;&lt;td class=\&#34;col-duration\&#34;&gt;2 ms&lt;/td&gt;&#34;, &#34;&lt;td class=\&#34;col-links\&#34;&gt;&lt;/td&gt;&#34;], &#34;log&#34;: &#34;----------------------------- Captured stderr call -----------------------------\n2025-06-08 22:19:27.302 - PID:89416 - routes.py:56 - registry.auth.routes - INFO - Redirecting to OAuth2 login for provider google: http://auth.example.com/oauth2/login/google?redirect_uri=http://localhost:8000/\n\n------------------------------ Captured log call -------------------------------\nINFO     registry.auth.routes:routes.py:56 Redirecting to OAuth2 login for provider google: http://auth.example.com/oauth2/login/google?redirect_uri=http://localhost:8000/\n\n&#34;}], &#34;tests/unit/auth/test_auth_routes.py::TestAuthRoutes::test_oauth2_login_redirect_exception&#34;: [{&#34;extras&#34;: [], &#34;result&#34;: &#34;Passed&#34;, &#34;testId&#34;: &#34;tests/unit/auth/test_auth_routes.py::TestAuthRoutes::test_oauth2_login_redirect_exception&#34;, &#34;duration&#34;: &#34;2 ms&#34;, &#34;resultsTableRow&#34;: [&#34;&lt;td class=\&#34;col-result\&#34;&gt;Passed&lt;/td&gt;&#34;, &#34;&lt;td class=\&#34;col-testId\&#34;&gt;tests/unit/auth/test_auth_routes.py::TestAuthRoutes::test_oauth2_login_redirect_exception&lt;/td&gt;&#34;, &#34;&lt;td class=\&#34;col-duration\&#34;&gt;2 ms&lt;/td&gt;&#34;, &#34;&lt;td class=\&#34;col-links\&#34;&gt;&lt;/td&gt;&#34;], &#34;log&#34;: &#34;No log output captured.&#34;}], &#34;tests/unit/auth/test_auth_routes.py::TestAuthRoutes::test_oauth2_callback_success&#34;: [{&#34;extras&#34;: [], &#34;result&#34;: &#34;Passed&#34;, &#34;testId&#34;: &#34;tests/unit/auth/test_auth_routes.py::TestAuthRoutes::test_oauth2_callback_success&#34;, &#34;duration&#34;: &#34;2 ms&#34;, &#34;resultsTableRow&#34;: [&#34;&lt;td class=\&#34;col-result\&#34;&gt;Passed&lt;/td&gt;&#34;, &#34;&lt;td class=\&#34;col-testId\&#34;&gt;tests/unit/auth/test_auth_routes.py::TestAuthRoutes::test_oauth2_callback_success&lt;/td&gt;&#34;, &#34;&lt;td class=\&#34;col-duration\&#34;&gt;2 ms&lt;/td&gt;&#34;, &#34;&lt;td class=\&#34;col-links\&#34;&gt;&lt;/td&gt;&#34;], &#34;log&#34;: &#34;----------------------------- Captured stderr call -----------------------------\n2025-06-08 22:19:27.307 - PID:89416 - routes.py:94 - registry.auth.routes - INFO - OAuth2 callback successful for user testuser via google\n\n------------------------------ Captured log call -------------------------------\nINFO     registry.auth.routes:routes.py:94 OAuth2 callback successful for user testuser via google\n\n&#34;}], &#34;tests/unit/auth/test_auth_routes.py::TestAuthRoutes::test_oauth2_callback_with_error&#34;: [{&#34;extras&#34;: [], &#34;result&#34;: &#34;Passed&#34;, &#34;testId&#34;: &#34;tests/unit/auth/test_auth_routes.py::TestAuthRoutes::test_oauth2_callback_with_error&#34;, &#34;duration&#34;: &#34;1 ms&#34;, &#34;resultsTableRow&#34;: [&#34;&lt;td class=\&#34;col-result\&#34;&gt;Passed&lt;/td&gt;&#34;, &#34;&lt;td class=\&#34;col-testId\&#34;&gt;tests/unit/auth/test_auth_routes.py::TestAuthRoutes::test_oauth2_callback_with_error&lt;/td&gt;&#34;, &#34;&lt;td class=\&#34;col-duration\&#34;&gt;1 ms&lt;/td&gt;&#34;, &#34;&lt;td class=\&#34;col-links\&#34;&gt;&lt;/td&gt;&#34;], &#34;log&#34;: &#34;----------------------------- Captured stderr call -----------------------------\n2025-06-08 22:19:27.310 - PID:89416 - routes.py:69 - registry.auth.routes - WARNING - OAuth2 callback received error: oauth2_error, details: Provider error\n\n------------------------------ Captured log call -------------------------------\nWARNING  registry.auth.routes:routes.py:69 OAuth2 callback received error: oauth2_error, details: Provider error\n\n&#34;}], &#34;tests/unit/auth/test_auth_routes.py::TestAuthRoutes::test_oauth2_callback_oauth2_init_failed&#34;: [{&#34;extras&#34;: [], &#34;result&#34;: &#34;Passed&#34;, &#34;testId&#34;: &#34;tests/unit/auth/test_auth_routes.py::TestAuthRoutes::test_oauth2_callback_oauth2_init_failed&#34;, &#34;duration&#34;: &#34;2 ms&#34;, &#34;resultsTableRow&#34;: [&#34;&lt;td class=\&#34;col-result\&#34;&gt;Passed&lt;/td&gt;&#34;, &#34;&lt;td class=\&#34;col-testId\&#34;&gt;tests/unit/auth/test_auth_routes.py::TestAuthRoutes::test_oauth2_callback_oauth2_init_failed&lt;/td&gt;&#34;, &#34;&lt;td class=\&#34;col-duration\&#34;&gt;2 ms&lt;/td&gt;&#34;, &#34;&lt;td class=\&#34;col-links\&#34;&gt;&lt;/td&gt;&#34;], &#34;log&#34;: &#34;----------------------------- Captured stderr call -----------------------------\n2025-06-08 22:19:27.312 - PID:89416 - routes.py:69 - registry.auth.routes - WARNING - OAuth2 callback received error: oauth2_init_failed, details: None\n\n------------------------------ Captured log call -------------------------------\nWARNING  registry.auth.routes:routes.py:69 OAuth2 callback received error: oauth2_init_failed, details: None\n\n&#34;}], &#34;tests/unit/auth/test_auth_routes.py::TestAuthRoutes::test_oauth2_callback_oauth2_callback_failed&#34;: [{&#34;extras&#34;: [], &#34;result&#34;: &#34;Passed&#34;, &#34;testId&#34;: &#34;tests/unit/auth/test_auth_routes.py::TestAuthRoutes::test_oauth2_callback_oauth2_callback_failed&#34;, &#34;duration&#34;: &#34;1 ms&#34;, &#34;resultsTableRow&#34;: [&#34;&lt;td class=\&#34;col-result\&#34;&gt;Passed&lt;/td&gt;&#34;, &#34;&lt;td class=\&#34;col-testId\&#34;&gt;tests/unit/auth/test_auth_routes.py::TestAuthRoutes::test_oauth2_callback_oauth2_callback_failed&lt;/td&gt;&#34;, &#34;&lt;td class=\&#34;col-duration\&#34;&gt;1 ms&lt;/td&gt;&#34;, &#34;&lt;td class=\&#34;col-links\&#34;&gt;&lt;/td&gt;&#34;], &#34;log&#34;: &#34;----------------------------- Captured stderr call -----------------------------\n2025-06-08 22:19:27.314 - PID:89416 - routes.py:69 - registry.auth.routes - WARNING - OAuth2 callback received error: oauth2_callback_failed, details: None\n\n------------------------------ Captured log call -------------------------------\nWARNING  registry.auth.routes:routes.py:69 OAuth2 callback received error: oauth2_callback_failed, details: None\n\n&#34;}], &#34;tests/unit/auth/test_auth_routes.py::TestAuthRoutes::test_oauth2_callback_no_session_cookie&#34;: [{&#34;extras&#34;: [], &#34;result&#34;: &#34;Passed&#34;, &#34;testId&#34;: &#34;tests/unit/auth/test_auth_routes.py::TestAuthRoutes::test_oauth2_callback_no_session_cookie&#34;, &#34;duration&#34;: &#34;2 ms&#34;, &#34;resultsTableRow&#34;: [&#34;&lt;td class=\&#34;col-result\&#34;&gt;Passed&lt;/td&gt;&#34;, &#34;&lt;td class=\&#34;col-testId\&#34;&gt;tests/unit/auth/test_auth_routes.py::TestAuthRoutes::test_oauth2_callback_no_session_cookie&lt;/td&gt;&#34;, &#34;&lt;td class=\&#34;col-duration\&#34;&gt;2 ms&lt;/td&gt;&#34;, &#34;&lt;td class=\&#34;col-links\&#34;&gt;&lt;/td&gt;&#34;], &#34;log&#34;: &#34;----------------------------- Captured stderr call -----------------------------\n2025-06-08 22:19:27.316 - PID:89416 - routes.py:101 - registry.auth.routes - WARNING - OAuth2 callback completed but no valid session found\n\n------------------------------ Captured log call -------------------------------\nWARNING  registry.auth.routes:routes.py:101 OAuth2 callback completed but no valid session found\n\n&#34;}], &#34;tests/unit/auth/test_auth_routes.py::TestAuthRoutes::test_oauth2_callback_invalid_session&#34;: [{&#34;extras&#34;: [], &#34;result&#34;: &#34;Passed&#34;, &#34;testId&#34;: &#34;tests/unit/auth/test_auth_routes.py::TestAuthRoutes::test_oauth2_callback_invalid_session&#34;, &#34;duration&#34;: &#34;2 ms&#34;, &#34;resultsTableRow&#34;: [&#34;&lt;td class=\&#34;col-result\&#34;&gt;Passed&lt;/td&gt;&#34;, &#34;&lt;td class=\&#34;col-testId\&#34;&gt;tests/unit/auth/test_auth_routes.py::TestAuthRoutes::test_oauth2_callback_invalid_session&lt;/td&gt;&#34;, &#34;&lt;td class=\&#34;col-duration\&#34;&gt;2 ms&lt;/td&gt;&#34;, &#34;&lt;td class=\&#34;col-links\&#34;&gt;&lt;/td&gt;&#34;], &#34;log&#34;: &#34;----------------------------- Captured stderr call -----------------------------\n2025-06-08 22:19:27.319 - PID:89416 - routes.py:98 - registry.auth.routes - WARNING - Invalid session cookie in OAuth2 callback: Invalid signature\n2025-06-08 22:19:27.319 - PID:89416 - routes.py:101 - registry.auth.routes - WARNING - OAuth2 callback completed but no valid session found\n\n------------------------------ Captured log call -------------------------------\nWARNING  registry.auth.routes:routes.py:98 Invalid session cookie in OAuth2 callback: Invalid signature\nWARNING  registry.auth.routes:routes.py:101 OAuth2 callback completed but no valid session found\n\n&#34;}], &#34;tests/unit/auth/test_auth_routes.py::TestAuthRoutes::test_oauth2_callback_general_exception&#34;: [{&#34;extras&#34;: [], &#34;result&#34;: &#34;Passed&#34;, &#34;testId&#34;: &#34;tests/unit/auth/test_auth_routes.py::TestAuthRoutes::test_oauth2_callback_general_exception&#34;, &#34;duration&#34;: &#34;2 ms&#34;, &#34;resultsTableRow&#34;: [&#34;&lt;td class=\&#34;col-result\&#34;&gt;Passed&lt;/td&gt;&#34;, &#34;&lt;td class=\&#34;col-testId\&#34;&gt;tests/unit/auth/test_auth_routes.py::TestAuthRoutes::test_oauth2_callback_general_exception&lt;/td&gt;&#34;, &#34;&lt;td class=\&#34;col-duration\&#34;&gt;2 ms&lt;/td&gt;&#34;, &#34;&lt;td class=\&#34;col-links\&#34;&gt;&lt;/td&gt;&#34;], &#34;log&#34;: &#34;No log output captured.&#34;}], &#34;tests/unit/auth/test_auth_routes.py::TestAuthRoutes::test_login_submit_success&#34;: [{&#34;extras&#34;: [], &#34;result&#34;: &#34;Passed&#34;, &#34;testId&#34;: &#34;tests/unit/auth/test_auth_routes.py::TestAuthRoutes::test_login_submit_success&#34;, &#34;duration&#34;: &#34;2 ms&#34;, &#34;resultsTableRow&#34;: [&#34;&lt;td class=\&#34;col-result\&#34;&gt;Passed&lt;/td&gt;&#34;, &#34;&lt;td class=\&#34;col-testId\&#34;&gt;tests/unit/auth/test_auth_routes.py::TestAuthRoutes::test_login_submit_success&lt;/td&gt;&#34;, &#34;&lt;td class=\&#34;col-duration\&#34;&gt;2 ms&lt;/td&gt;&#34;, &#34;&lt;td class=\&#34;col-links\&#34;&gt;&lt;/td&gt;&#34;], &#34;log&#34;: &#34;----------------------------- Captured stderr call -----------------------------\n2025-06-08 22:19:27.324 - PID:89416 - routes.py:115 - registry.auth.routes - INFO - Login attempt for username: testuser\n2025-06-08 22:19:27.324 - PID:89416 - routes.py:127 - registry.auth.routes - INFO - User &amp;#x27;testuser&amp;#x27; logged in successfully.\n\n------------------------------ Captured log call -------------------------------\nINFO     registry.auth.routes:routes.py:115 Login attempt for username: testuser\nINFO     registry.auth.routes:routes.py:127 User &amp;#x27;testuser&amp;#x27; logged in successfully.\n\n&#34;}], &#34;tests/unit/auth/test_auth_routes.py::TestAuthRoutes::test_login_submit_failure&#34;: [{&#34;extras&#34;: [], &#34;result&#34;: &#34;Passed&#34;, &#34;testId&#34;: &#34;tests/unit/auth/test_auth_routes.py::TestAuthRoutes::test_login_submit_failure&#34;, &#34;duration&#34;: &#34;1 ms&#34;, &#34;resultsTableRow&#34;: [&#34;&lt;td class=\&#34;col-result\&#34;&gt;Passed&lt;/td&gt;&#34;, &#34;&lt;td class=\&#34;col-testId\&#34;&gt;tests/unit/auth/test_auth_routes.py::TestAuthRoutes::test_login_submit_failure&lt;/td&gt;&#34;, &#34;&lt;td class=\&#34;col-duration\&#34;&gt;1 ms&lt;/td&gt;&#34;, &#34;&lt;td class=\&#34;col-links\&#34;&gt;&lt;/td&gt;&#34;], &#34;log&#34;: &#34;----------------------------- Captured stderr call -----------------------------\n2025-06-08 22:19:27.326 - PID:89416 - routes.py:115 - registry.auth.routes - INFO - Login attempt for username: testuser\n2025-06-08 22:19:27.326 - PID:89416 - routes.py:130 - registry.auth.routes - INFO - Login failed for user &amp;#x27;testuser&amp;#x27;.\n\n------------------------------ Captured log call -------------------------------\nINFO     registry.auth.routes:routes.py:115 Login attempt for username: testuser\nINFO     registry.auth.routes:routes.py:130 Login failed for user &amp;#x27;testuser&amp;#x27;.\n\n&#34;}], &#34;tests/unit/auth/test_auth_routes.py::TestAuthRoutes::test_logout&#34;: [{&#34;extras&#34;: [], &#34;result&#34;: &#34;Passed&#34;, &#34;testId&#34;: &#34;tests/unit/auth/test_auth_routes.py::TestAuthRoutes::test_logout&#34;, &#34;duration&#34;: &#34;1 ms&#34;, &#34;resultsTableRow&#34;: [&#34;&lt;td class=\&#34;col-result\&#34;&gt;Passed&lt;/td&gt;&#34;, &#34;&lt;td class=\&#34;col-testId\&#34;&gt;tests/unit/auth/test_auth_routes.py::TestAuthRoutes::test_logout&lt;/td&gt;&#34;, &#34;&lt;td class=\&#34;col-duration\&#34;&gt;1 ms&lt;/td&gt;&#34;, &#34;&lt;td class=\&#34;col-links\&#34;&gt;&lt;/td&gt;&#34;], &#34;log&#34;: &#34;----------------------------- Captured stderr call -----------------------------\n2025-06-08 22:19:27.328 - PID:89416 - routes.py:140 - registry.auth.routes - INFO - User logged out.\n\n------------------------------ Captured log call -------------------------------\nINFO     registry.auth.routes:routes.py:140 User logged out.\n\n&#34;}], &#34;tests/unit/core/test_config.py::TestSettings::test_default_values&#34;: [{&#34;extras&#34;: [], &#34;result&#34;: &#34;Passed&#34;, &#34;testId&#34;: &#34;tests/unit/core/test_config.py::TestSettings::test_default_values&#34;, &#34;duration&#34;: &#34;2 ms&#34;, &#34;resultsTableRow&#34;: [&#34;&lt;td class=\&#34;col-result\&#34;&gt;Passed&lt;/td&gt;&#34;, &#34;&lt;td class=\&#34;col-testId\&#34;&gt;tests/unit/core/test_config.py::TestSettings::test_default_values&lt;/td&gt;&#34;, &#34;&lt;td class=\&#34;col-duration\&#34;&gt;2 ms&lt;/td&gt;&#34;, &#34;&lt;td class=\&#34;col-links\&#34;&gt;&lt;/td&gt;&#34;], &#34;log&#34;: &#34;No log output captured.&#34;}], &#34;tests/unit/core/test_config.py::TestSettings::test_secret_key_generation&#34;: [{&#34;extras&#34;: [], &#34;result&#34;: &#34;Passed&#34;, &#34;testId&#34;: &#34;tests/unit/core/test_config.py::TestSettings::test_secret_key_generation&#34;, &#34;duration&#34;: &#34;2 ms&#34;, &#34;resultsTableRow&#34;: [&#34;&lt;td class=\&#34;col-result\&#34;&gt;Passed&lt;/td&gt;&#34;, &#34;&lt;td class=\&#34;col-testId\&#34;&gt;tests/unit/core/test_config.py::TestSettings::test_secret_key_generation&lt;/td&gt;&#34;, &#34;&lt;td class=\&#34;col-duration\&#34;&gt;2 ms&lt;/td&gt;&#34;, &#34;&lt;td class=\&#34;col-links\&#34;&gt;&lt;/td&gt;&#34;], &#34;log&#34;: &#34;No log output captured.&#34;}], &#34;tests/unit/core/test_config.py::TestSettings::test_custom_secret_key&#34;: [{&#34;extras&#34;: [], &#34;result&#34;: &#34;Passed&#34;, &#34;testId&#34;: &#34;tests/unit/core/test_config.py::TestSettings::test_custom_secret_key&#34;, &#34;duration&#34;: &#34;2 ms&#34;, &#34;resultsTableRow&#34;: [&#34;&lt;td class=\&#34;col-result\&#34;&gt;Passed&lt;/td&gt;&#34;, &#34;&lt;td class=\&#34;col-testId\&#34;&gt;tests/unit/core/test_config.py::TestSettings::test_custom_secret_key&lt;/td&gt;&#34;, &#34;&lt;td class=\&#34;col-duration\&#34;&gt;2 ms&lt;/td&gt;&#34;, &#34;&lt;td class=\&#34;col-links\&#34;&gt;&lt;/td&gt;&#34;], &#34;log&#34;: &#34;No log output captured.&#34;}], &#34;tests/unit/core/test_config.py::TestSettings::test_path_properties&#34;: [{&#34;extras&#34;: [], &#34;result&#34;: &#34;Passed&#34;, &#34;testId&#34;: &#34;tests/unit/core/test_config.py::TestSettings::test_path_properties&#34;, &#34;duration&#34;: &#34;3 ms&#34;, &#34;resultsTableRow&#34;: [&#34;&lt;td class=\&#34;col-result\&#34;&gt;Passed&lt;/td&gt;&#34;, &#34;&lt;td class=\&#34;col-testId\&#34;&gt;tests/unit/core/test_config.py::TestSettings::test_path_properties&lt;/td&gt;&#34;, &#34;&lt;td class=\&#34;col-duration\&#34;&gt;3 ms&lt;/td&gt;&#34;, &#34;&lt;td class=\&#34;col-links\&#34;&gt;&lt;/td&gt;&#34;], &#34;log&#34;: &#34;No log output captured.&#34;}], &#34;tests/unit/core/test_config.py::TestSettings::test_file_path_properties&#34;: [{&#34;extras&#34;: [], &#34;result&#34;: &#34;Passed&#34;, &#34;testId&#34;: &#34;tests/unit/core/test_config.py::TestSettings::test_file_path_properties&#34;, &#34;duration&#34;: &#34;3 ms&#34;, &#34;resultsTableRow&#34;: [&#34;&lt;td class=\&#34;col-result\&#34;&gt;Passed&lt;/td&gt;&#34;, &#34;&lt;td class=\&#34;col-testId\&#34;&gt;tests/unit/core/test_config.py::TestSettings::test_file_path_properties&lt;/td&gt;&#34;, &#34;&lt;td class=\&#34;col-duration\&#34;&gt;3 ms&lt;/td&gt;&#34;, &#34;&lt;td class=\&#34;col-links\&#34;&gt;&lt;/td&gt;&#34;], &#34;log&#34;: &#34;No log output captured.&#34;}], &#34;tests/unit/core/test_config.py::TestSettings::test_nginx_config_path&#34;: [{&#34;extras&#34;: [], &#34;result&#34;: &#34;Passed&#34;, &#34;testId&#34;: &#34;tests/unit/core/test_config.py::TestSettings::test_nginx_config_path&#34;, &#34;duration&#34;: &#34;3 ms&#34;, &#34;resultsTableRow&#34;: [&#34;&lt;td class=\&#34;col-result\&#34;&gt;Passed&lt;/td&gt;&#34;, &#34;&lt;td class=\&#34;col-testId\&#34;&gt;tests/unit/core/test_config.py::TestSettings::test_nginx_config_path&lt;/td&gt;&#34;, &#34;&lt;td class=\&#34;col-duration\&#34;&gt;3 ms&lt;/td&gt;&#34;, &#34;&lt;td class=\&#34;col-links\&#34;&gt;&lt;/td&gt;&#34;], &#34;log&#34;: &#34;No log output captured.&#34;}], &#34;tests/unit/core/test_config.py::TestSettings::test_environment_variables&#34;: [{&#34;extras&#34;: [], &#34;result&#34;: &#34;Passed&#34;, &#34;testId&#34;: &#34;tests/unit/core/test_config.py::TestSettings::test_environment_variables&#34;, &#34;duration&#34;: &#34;4 ms&#34;, &#34;resultsTableRow&#34;: [&#34;&lt;td class=\&#34;col-result\&#34;&gt;Passed&lt;/td&gt;&#34;, &#34;&lt;td class=\&#34;col-testId\&#34;&gt;tests/unit/core/test_config.py::TestSettings::test_environment_variables&lt;/td&gt;&#34;, &#34;&lt;td class=\&#34;col-duration\&#34;&gt;4 ms&lt;/td&gt;&#34;, &#34;&lt;td class=\&#34;col-links\&#34;&gt;&lt;/td&gt;&#34;], &#34;log&#34;: &#34;No log output captured.&#34;}], &#34;tests/unit/core/test_config.py::TestSettings::test_case_insensitive_env_vars&#34;: [{&#34;extras&#34;: [], &#34;result&#34;: &#34;Passed&#34;, &#34;testId&#34;: &#34;tests/unit/core/test_config.py::TestSettings::test_case_insensitive_env_vars&#34;, &#34;duration&#34;: &#34;3 ms&#34;, &#34;resultsTableRow&#34;: [&#34;&lt;td class=\&#34;col-result\&#34;&gt;Passed&lt;/td&gt;&#34;, &#34;&lt;td class=\&#34;col-testId\&#34;&gt;tests/unit/core/test_config.py::TestSettings::test_case_insensitive_env_vars&lt;/td&gt;&#34;, &#34;&lt;td class=\&#34;col-duration\&#34;&gt;3 ms&lt;/td&gt;&#34;, &#34;&lt;td class=\&#34;col-links\&#34;&gt;&lt;/td&gt;&#34;], &#34;log&#34;: &#34;No log output captured.&#34;}], &#34;tests/unit/core/test_config.py::TestSettings::test_custom_container_paths&#34;: [{&#34;extras&#34;: [], &#34;result&#34;: &#34;Passed&#34;, &#34;testId&#34;: &#34;tests/unit/core/test_config.py::TestSettings::test_custom_container_paths&#34;, &#34;duration&#34;: &#34;3 ms&#34;, &#34;resultsTableRow&#34;: [&#34;&lt;td class=\&#34;col-result\&#34;&gt;Passed&lt;/td&gt;&#34;, &#34;&lt;td class=\&#34;col-testId\&#34;&gt;tests/unit/core/test_config.py::TestSettings::test_custom_container_paths&lt;/td&gt;&#34;, &#34;&lt;td class=\&#34;col-duration\&#34;&gt;3 ms&lt;/td&gt;&#34;, &#34;&lt;td class=\&#34;col-links\&#34;&gt;&lt;/td&gt;&#34;], &#34;log&#34;: &#34;No log output captured.&#34;}], &#34;tests/unit/core/test_main.py::TestMainApplication::test_lifespan_startup_success&#34;: [{&#34;extras&#34;: [], &#34;result&#34;: &#34;Passed&#34;, &#34;testId&#34;: &#34;tests/unit/core/test_main.py::TestMainApplication::test_lifespan_startup_success&#34;, &#34;duration&#34;: &#34;4 ms&#34;, &#34;resultsTableRow&#34;: [&#34;&lt;td class=\&#34;col-result\&#34;&gt;Passed&lt;/td&gt;&#34;, &#34;&lt;td class=\&#34;col-testId\&#34;&gt;tests/unit/core/test_main.py::TestMainApplication::test_lifespan_startup_success&lt;/td&gt;&#34;, &#34;&lt;td class=\&#34;col-duration\&#34;&gt;4 ms&lt;/td&gt;&#34;, &#34;&lt;td class=\&#34;col-links\&#34;&gt;&lt;/td&gt;&#34;], &#34;log&#34;: &#34;----------------------------- Captured stderr call -----------------------------\n2025-06-08 22:19:27.363 - PID:89416 - main.py:43 - registry.main - INFO - \ud83d\ude80 Starting MCP Gateway Registry...\n2025-06-08 22:19:27.363 - PID:89416 - main.py:50 - registry.main - INFO - \ud83d\udcda Loading server definitions and state...\n2025-06-08 22:19:27.363 - PID:89416 - main.py:53 - registry.main - INFO - \ud83d\udd0d Initializing FAISS search service...\n2025-06-08 22:19:27.363 - PID:89416 - main.py:56 - registry.main - INFO - \ud83c\udfe5 Initializing health monitoring service...\n2025-06-08 22:19:27.364 - PID:89416 - main.py:59 - registry.main - INFO - \ud83c\udf10 Generating initial Nginx configuration...\n2025-06-08 22:19:27.364 - PID:89416 - main.py:66 - registry.main - INFO - \u2705 All services initialized successfully!\n2025-06-08 22:19:27.364 - PID:89416 - main.py:76 - registry.main - INFO - \ud83d\udd04 Shutting down MCP Gateway Registry...\n2025-06-08 22:19:27.364 - PID:89416 - main.py:80 - registry.main - INFO - \u2705 Shutdown completed successfully!\n\n------------------------------ Captured log call -------------------------------\nINFO     registry.main:main.py:43 \ud83d\ude80 Starting MCP Gateway Registry...\nINFO     registry.main:main.py:50 \ud83d\udcda Loading server definitions and state...\nINFO     registry.main:main.py:53 \ud83d\udd0d Initializing FAISS search service...\nINFO     registry.main:main.py:56 \ud83c\udfe5 Initializing health monitoring service...\nINFO     registry.main:main.py:59 \ud83c\udf10 Generating initial Nginx configuration...\nINFO     registry.main:main.py:66 \u2705 All services initialized successfully!\nINFO     registry.main:main.py:76 \ud83d\udd04 Shutting down MCP Gateway Registry...\nINFO     registry.main:main.py:80 \u2705 Shutdown completed successfully!\n\n&#34;}], &#34;tests/unit/core/test_main.py::TestMainApplication::test_lifespan_startup_server_service_failure&#34;: [{&#34;extras&#34;: [], &#34;result&#34;: &#34;Passed&#34;, &#34;testId&#34;: &#34;tests/unit/core/test_main.py::TestMainApplication::test_lifespan_startup_server_service_failure&#34;, &#34;duration&#34;: &#34;5 ms&#34;, &#34;resultsTableRow&#34;: [&#34;&lt;td class=\&#34;col-result\&#34;&gt;Passed&lt;/td&gt;&#34;, &#34;&lt;td class=\&#34;col-testId\&#34;&gt;tests/unit/core/test_main.py::TestMainApplication::test_lifespan_startup_server_service_failure&lt;/td&gt;&#34;, &#34;&lt;td class=\&#34;col-duration\&#34;&gt;5 ms&lt;/td&gt;&#34;, &#34;&lt;td class=\&#34;col-links\&#34;&gt;&lt;/td&gt;&#34;], &#34;log&#34;: &#34;----------------------------- Captured stderr call -----------------------------\n2025-06-08 22:19:27.368 - PID:89416 - main.py:43 - registry.main - INFO - \ud83d\ude80 Starting MCP Gateway Registry...\n2025-06-08 22:19:27.369 - PID:89416 - main.py:50 - registry.main - INFO - \ud83d\udcda Loading server definitions and state...\n2025-06-08 22:19:27.369 - PID:89416 - main.py:69 - registry.main - ERROR - \u274c Failed to initialize services: Server load failed\nTraceback (most recent call last):\n  File &amp;quot;/home/ubuntu/mcp-gateway-registry/registry/main.py&amp;quot;, line 51, in lifespan\n    server_service.load_servers_and_state()\n  File &amp;quot;/usr/local/lib/python3.12/unittest/mock.py&amp;quot;, line 1137, in __call__\n    return self._mock_call(*args, **kwargs)\n           ^^^^^^^^^^^^^^^^^^^^^^^^^^^^^^^^\n  File &amp;quot;/usr/local/lib/python3.12/unittest/mock.py&amp;quot;, line 1141, in _mock_call\n    return self._execute_mock_call(*args, **kwargs)\n           ^^^^^^^^^^^^^^^^^^^^^^^^^^^^^^^^^^^^^^^^\n  File &amp;quot;/usr/local/lib/python3.12/unittest/mock.py&amp;quot;, line 1196, in _execute_mock_call\n    raise effect\nException: Server load failed\n\n------------------------------ Captured log call -------------------------------\nINFO     registry.main:main.py:43 \ud83d\ude80 Starting MCP Gateway Registry...\nINFO     registry.main:main.py:50 \ud83d\udcda Loading server definitions and state...\nERROR    registry.main:main.py:69 \u274c Failed to initialize services: Server load failed\nTraceback (most recent call last):\n  File &amp;quot;/home/ubuntu/mcp-gateway-registry/registry/main.py&amp;quot;, line 51, in lifespan\n    server_service.load_servers_and_state()\n  File &amp;quot;/usr/local/lib/python3.12/unittest/mock.py&amp;quot;, line 1137, in __call__\n    return self._mock_call(*args, **kwargs)\n           ^^^^^^^^^^^^^^^^^^^^^^^^^^^^^^^^\n  File &amp;quot;/usr/local/lib/python3.12/unittest/mock.py&amp;quot;, line 1141, in _mock_call\n    return self._execute_mock_call(*args, **kwargs)\n           ^^^^^^^^^^^^^^^^^^^^^^^^^^^^^^^^^^^^^^^^\n  File &amp;quot;/usr/local/lib/python3.12/unittest/mock.py&amp;quot;, line 1196, in _execute_mock_call\n    raise effect\nException: Server load failed\n\n&#34;}], &#34;tests/unit/core/test_main.py::TestMainApplication::test_lifespan_startup_faiss_service_failure&#34;: [{&#34;extras&#34;: [], &#34;result&#34;: &#34;Passed&#34;, &#34;testId&#34;: &#34;tests/unit/core/test_main.py::TestMainApplication::test_lifespan_startup_faiss_service_failure&#34;, &#34;duration&#34;: &#34;5 ms&#34;, &#34;resultsTableRow&#34;: [&#34;&lt;td class=\&#34;col-result\&#34;&gt;Passed&lt;/td&gt;&#34;, &#34;&lt;td class=\&#34;col-testId\&#34;&gt;tests/unit/core/test_main.py::TestMainApplication::test_lifespan_startup_faiss_service_failure&lt;/td&gt;&#34;, &#34;&lt;td class=\&#34;col-duration\&#34;&gt;5 ms&lt;/td&gt;&#34;, &#34;&lt;td class=\&#34;col-links\&#34;&gt;&lt;/td&gt;&#34;], &#34;log&#34;: &#34;----------------------------- Captured stderr call -----------------------------\n2025-06-08 22:19:27.374 - PID:89416 - main.py:43 - registry.main - INFO - \ud83d\ude80 Starting MCP Gateway Registry...\n2025-06-08 22:19:27.375 - PID:89416 - main.py:50 - registry.main - INFO - \ud83d\udcda Loading server definitions and state...\n2025-06-08 22:19:27.375 - PID:89416 - main.py:53 - registry.main - INFO - \ud83d\udd0d Initializing FAISS search service...\n2025-06-08 22:19:27.375 - PID:89416 - main.py:69 - registry.main - ERROR - \u274c Failed to initialize services: FAISS init failed\nTraceback (most recent call last):\n  File &amp;quot;/home/ubuntu/mcp-gateway-registry/registry/main.py&amp;quot;, line 54, in lifespan\n    await faiss_service.initialize()\n  File &amp;quot;/usr/local/lib/python3.12/unittest/mock.py&amp;quot;, line 2269, in _execute_mock_call\n    raise effect\nException: FAISS init failed\n\n------------------------------ Captured log call -------------------------------\nINFO     registry.main:main.py:43 \ud83d\ude80 Starting MCP Gateway Registry...\nINFO     registry.main:main.py:50 \ud83d\udcda Loading server definitions and state...\nINFO     registry.main:main.py:53 \ud83d\udd0d Initializing FAISS search service...\nERROR    registry.main:main.py:69 \u274c Failed to initialize services: FAISS init failed\nTraceback (most recent call last):\n  File &amp;quot;/home/ubuntu/mcp-gateway-registry/registry/main.py&amp;quot;, line 54, in lifespan\n    await faiss_service.initialize()\n  File &amp;quot;/usr/local/lib/python3.12/unittest/mock.py&amp;quot;, line 2269, in _execute_mock_call\n    raise effect\nException: FAISS init failed\n\n&#34;}], &#34;tests/unit/core/test_main.py::TestMainApplication::test_lifespan_startup_health_service_failure&#34;: [{&#34;extras&#34;: [], &#34;result&#34;: &#34;Passed&#34;, &#34;testId&#34;: &#34;tests/unit/core/test_main.py::TestMainApplication::test_lifespan_startup_health_service_failure&#34;, &#34;duration&#34;: &#34;4 ms&#34;, &#34;resultsTableRow&#34;: [&#34;&lt;td class=\&#34;col-result\&#34;&gt;Passed&lt;/td&gt;&#34;, &#34;&lt;td class=\&#34;col-testId\&#34;&gt;tests/unit/core/test_main.py::TestMainApplication::test_lifespan_startup_health_service_failure&lt;/td&gt;&#34;, &#34;&lt;td class=\&#34;col-duration\&#34;&gt;4 ms&lt;/td&gt;&#34;, &#34;&lt;td class=\&#34;col-links\&#34;&gt;&lt;/td&gt;&#34;], &#34;log&#34;: &#34;----------------------------- Captured stderr call -----------------------------\n2025-06-08 22:19:27.379 - PID:89416 - main.py:43 - registry.main - INFO - \ud83d\ude80 Starting MCP Gateway Registry...\n2025-06-08 22:19:27.379 - PID:89416 - main.py:50 - registry.main - INFO - \ud83d\udcda Loading server definitions and state...\n2025-06-08 22:19:27.379 - PID:89416 - main.py:53 - registry.main - INFO - \ud83d\udd0d Initializing FAISS search service...\n2025-06-08 22:19:27.380 - PID:89416 - main.py:56 - registry.main - INFO - \ud83c\udfe5 Initializing health monitoring service...\n2025-06-08 22:19:27.380 - PID:89416 - main.py:69 - registry.main - ERROR - \u274c Failed to initialize services: Health init failed\nTraceback (most recent call last):\n  File &amp;quot;/home/ubuntu/mcp-gateway-registry/registry/main.py&amp;quot;, line 57, in lifespan\n    await health_service.initialize()\n  File &amp;quot;/usr/local/lib/python3.12/unittest/mock.py&amp;quot;, line 2269, in _execute_mock_call\n    raise effect\nException: Health init failed\n\n------------------------------ Captured log call -------------------------------\nINFO     registry.main:main.py:43 \ud83d\ude80 Starting MCP Gateway Registry...\nINFO     registry.main:main.py:50 \ud83d\udcda Loading server definitions and state...\nINFO     registry.main:main.py:53 \ud83d\udd0d Initializing FAISS search service...\nINFO     registry.main:main.py:56 \ud83c\udfe5 Initializing health monitoring service...\nERROR    registry.main:main.py:69 \u274c Failed to initialize services: Health init failed\nTraceback (most recent call last):\n  File &amp;quot;/home/ubuntu/mcp-gateway-registry/registry/main.py&amp;quot;, line 57, in lifespan\n    await health_service.initialize()\n  File &amp;quot;/usr/local/lib/python3.12/unittest/mock.py&amp;quot;, line 2269, in _execute_mock_call\n    raise effect\nException: Health init failed\n\n&#34;}], &#34;tests/unit/core/test_main.py::TestMainApplication::test_lifespan_shutdown_success&#34;: [{&#34;extras&#34;: [], &#34;result&#34;: &#34;Passed&#34;, &#34;testId&#34;: &#34;tests/unit/core/test_main.py::TestMainApplication::test_lifespan_shutdown_success&#34;, &#34;duration&#34;: &#34;4 ms&#34;, &#34;resultsTableRow&#34;: [&#34;&lt;td class=\&#34;col-result\&#34;&gt;Passed&lt;/td&gt;&#34;, &#34;&lt;td class=\&#34;col-testId\&#34;&gt;tests/unit/core/test_main.py::TestMainApplication::test_lifespan_shutdown_success&lt;/td&gt;&#34;, &#34;&lt;td class=\&#34;col-duration\&#34;&gt;4 ms&lt;/td&gt;&#34;, &#34;&lt;td class=\&#34;col-links\&#34;&gt;&lt;/td&gt;&#34;], &#34;log&#34;: &#34;----------------------------- Captured stderr call -----------------------------\n2025-06-08 22:19:27.383 - PID:89416 - main.py:43 - registry.main - INFO - \ud83d\ude80 Starting MCP Gateway Registry...\n2025-06-08 22:19:27.384 - PID:89416 - main.py:50 - registry.main - INFO - \ud83d\udcda Loading server definitions and state...\n2025-06-08 22:19:27.384 - PID:89416 - main.py:53 - registry.main - INFO - \ud83d\udd0d Initializing FAISS search service...\n2025-06-08 22:19:27.384 - PID:89416 - main.py:56 - registry.main - INFO - \ud83c\udfe5 Initializing health monitoring service...\n2025-06-08 22:19:27.384 - PID:89416 - main.py:59 - registry.main - INFO - \ud83c\udf10 Generating initial Nginx configuration...\n2025-06-08 22:19:27.384 - PID:89416 - main.py:66 - registry.main - INFO - \u2705 All services initialized successfully!\n2025-06-08 22:19:27.384 - PID:89416 - main.py:76 - registry.main - INFO - \ud83d\udd04 Shutting down MCP Gateway Registry...\n2025-06-08 22:19:27.385 - PID:89416 - main.py:80 - registry.main - INFO - \u2705 Shutdown completed successfully!\n\n------------------------------ Captured log call -------------------------------\nINFO     registry.main:main.py:43 \ud83d\ude80 Starting MCP Gateway Registry...\nINFO     registry.main:main.py:50 \ud83d\udcda Loading server definitions and state...\nINFO     registry.main:main.py:53 \ud83d\udd0d Initializing FAISS search service...\nINFO     registry.main:main.py:56 \ud83c\udfe5 Initializing health monitoring service...\nINFO     registry.main:main.py:59 \ud83c\udf10 Generating initial Nginx configuration...\nINFO     registry.main:main.py:66 \u2705 All services initialized successfully!\nINFO     registry.main:main.py:76 \ud83d\udd04 Shutting down MCP Gateway Registry...\nINFO     registry.main:main.py:80 \u2705 Shutdown completed successfully!\n\n&#34;}], &#34;tests/unit/core/test_main.py::TestMainApplication::test_lifespan_shutdown_failure&#34;: [{&#34;extras&#34;: [], &#34;result&#34;: &#34;Passed&#34;, &#34;testId&#34;: &#34;tests/unit/core/test_main.py::TestMainApplication::test_lifespan_shutdown_failure&#34;, &#34;duration&#34;: &#34;4 ms&#34;, &#34;resultsTableRow&#34;: [&#34;&lt;td class=\&#34;col-result\&#34;&gt;Passed&lt;/td&gt;&#34;, &#34;&lt;td class=\&#34;col-testId\&#34;&gt;tests/unit/core/test_main.py::TestMainApplication::test_lifespan_shutdown_failure&lt;/td&gt;&#34;, &#34;&lt;td class=\&#34;col-duration\&#34;&gt;4 ms&lt;/td&gt;&#34;, &#34;&lt;td class=\&#34;col-links\&#34;&gt;&lt;/td&gt;&#34;], &#34;log&#34;: &#34;----------------------------- Captured stderr call -----------------------------\n2025-06-08 22:19:27.388 - PID:89416 - main.py:43 - registry.main - INFO - \ud83d\ude80 Starting MCP Gateway Registry...\n2025-06-08 22:19:27.388 - PID:89416 - main.py:50 - registry.main - INFO - \ud83d\udcda Loading server definitions and state...\n2025-06-08 22:19:27.389 - PID:89416 - main.py:53 - registry.main - INFO - \ud83d\udd0d Initializing FAISS search service...\n2025-06-08 22:19:27.389 - PID:89416 - main.py:56 - registry.main - INFO - \ud83c\udfe5 Initializing health monitoring service...\n2025-06-08 22:19:27.389 - PID:89416 - main.py:59 - registry.main - INFO - \ud83c\udf10 Generating initial Nginx configuration...\n2025-06-08 22:19:27.389 - PID:89416 - main.py:66 - registry.main - INFO - \u2705 All services initialized successfully!\n2025-06-08 22:19:27.389 - PID:89416 - main.py:76 - registry.main - INFO - \ud83d\udd04 Shutting down MCP Gateway Registry...\n2025-06-08 22:19:27.389 - PID:89416 - main.py:82 - registry.main - ERROR - \u274c Error during shutdown: Shutdown failed\nTraceback (most recent call last):\n  File &amp;quot;/home/ubuntu/mcp-gateway-registry/registry/main.py&amp;quot;, line 79, in lifespan\n    await health_service.shutdown()\n  File &amp;quot;/usr/local/lib/python3.12/unittest/mock.py&amp;quot;, line 2269, in _execute_mock_call\n    raise effect\nException: Shutdown failed\n\n------------------------------ Captured log call -------------------------------\nINFO     registry.main:main.py:43 \ud83d\ude80 Starting MCP Gateway Registry...\nINFO     registry.main:main.py:50 \ud83d\udcda Loading server definitions and state...\nINFO     registry.main:main.py:53 \ud83d\udd0d Initializing FAISS search service...\nINFO     registry.main:main.py:56 \ud83c\udfe5 Initializing health monitoring service...\nINFO     registry.main:main.py:59 \ud83c\udf10 Generating initial Nginx configuration...\nINFO     registry.main:main.py:66 \u2705 All services initialized successfully!\nINFO     registry.main:main.py:76 \ud83d\udd04 Shutting down MCP Gateway Registry...\nERROR    registry.main:main.py:82 \u274c Error during shutdown: Shutdown failed\nTraceback (most recent call last):\n  File &amp;quot;/home/ubuntu/mcp-gateway-registry/registry/main.py&amp;quot;, line 79, in lifespan\n    await health_service.shutdown()\n  File &amp;quot;/usr/local/lib/python3.12/unittest/mock.py&amp;quot;, line 2269, in _execute_mock_call\n    raise effect\nException: Shutdown failed\n\n&#34;}], &#34;tests/unit/core/test_main.py::TestMainApplication::test_health_check&#34;: [{&#34;extras&#34;: [], &#34;result&#34;: &#34;Passed&#34;, &#34;testId&#34;: &#34;tests/unit/core/test_main.py::TestMainApplication::test_health_check&#34;, &#34;duration&#34;: &#34;1 ms&#34;, &#34;resultsTableRow&#34;: [&#34;&lt;td class=\&#34;col-result\&#34;&gt;Passed&lt;/td&gt;&#34;, &#34;&lt;td class=\&#34;col-testId\&#34;&gt;tests/unit/core/test_main.py::TestMainApplication::test_health_check&lt;/td&gt;&#34;, &#34;&lt;td class=\&#34;col-duration\&#34;&gt;1 ms&lt;/td&gt;&#34;, &#34;&lt;td class=\&#34;col-links\&#34;&gt;&lt;/td&gt;&#34;], &#34;log&#34;: &#34;No log output captured.&#34;}], &#34;tests/unit/core/test_main.py::TestMainApplication::test_app_configuration&#34;: [{&#34;extras&#34;: [], &#34;result&#34;: &#34;Passed&#34;, &#34;testId&#34;: &#34;tests/unit/core/test_main.py::TestMainApplication::test_app_configuration&#34;, &#34;duration&#34;: &#34;1 ms&#34;, &#34;resultsTableRow&#34;: [&#34;&lt;td class=\&#34;col-result\&#34;&gt;Passed&lt;/td&gt;&#34;, &#34;&lt;td class=\&#34;col-testId\&#34;&gt;tests/unit/core/test_main.py::TestMainApplication::test_app_configuration&lt;/td&gt;&#34;, &#34;&lt;td class=\&#34;col-duration\&#34;&gt;1 ms&lt;/td&gt;&#34;, &#34;&lt;td class=\&#34;col-links\&#34;&gt;&lt;/td&gt;&#34;], &#34;log&#34;: &#34;No log output captured.&#34;}], &#34;tests/unit/core/test_main.py::TestMainApplication::test_app_routes_registered&#34;: [{&#34;extras&#34;: [], &#34;result&#34;: &#34;Passed&#34;, &#34;testId&#34;: &#34;tests/unit/core/test_main.py::TestMainApplication::test_app_routes_registered&#34;, &#34;duration&#34;: &#34;3 ms&#34;, &#34;resultsTableRow&#34;: [&#34;&lt;td class=\&#34;col-result\&#34;&gt;Passed&lt;/td&gt;&#34;, &#34;&lt;td class=\&#34;col-testId\&#34;&gt;tests/unit/core/test_main.py::TestMainApplication::test_app_routes_registered&lt;/td&gt;&#34;, &#34;&lt;td class=\&#34;col-duration\&#34;&gt;3 ms&lt;/td&gt;&#34;, &#34;&lt;td class=\&#34;col-links\&#34;&gt;&lt;/td&gt;&#34;], &#34;log&#34;: &#34;----------------------------- Captured stderr call -----------------------------\n2025-06-08 22:19:27.397 - PID:89416 - _client.py:1025 - httpx - INFO - HTTP Request: GET http://testserver/health &amp;quot;HTTP/1.1 200 OK&amp;quot;\n\n------------------------------ Captured log call -------------------------------\nINFO     httpx:_client.py:1025 HTTP Request: GET http://testserver/health &amp;quot;HTTP/1.1 200 OK&amp;quot;\n\n&#34;}], &#34;tests/unit/core/test_main.py::TestMainApplication::test_static_files_mounted&#34;: [{&#34;extras&#34;: [], &#34;result&#34;: &#34;Passed&#34;, &#34;testId&#34;: &#34;tests/unit/core/test_main.py::TestMainApplication::test_static_files_mounted&#34;, &#34;duration&#34;: &#34;1 ms&#34;, &#34;resultsTableRow&#34;: [&#34;&lt;td class=\&#34;col-result\&#34;&gt;Passed&lt;/td&gt;&#34;, &#34;&lt;td class=\&#34;col-testId\&#34;&gt;tests/unit/core/test_main.py::TestMainApplication::test_static_files_mounted&lt;/td&gt;&#34;, &#34;&lt;td class=\&#34;col-duration\&#34;&gt;1 ms&lt;/td&gt;&#34;, &#34;&lt;td class=\&#34;col-links\&#34;&gt;&lt;/td&gt;&#34;], &#34;log&#34;: &#34;No log output captured.&#34;}], &#34;tests/unit/core/test_main.py::TestMainApplication::test_routers_included&#34;: [{&#34;extras&#34;: [], &#34;result&#34;: &#34;Passed&#34;, &#34;testId&#34;: &#34;tests/unit/core/test_main.py::TestMainApplication::test_routers_included&#34;, &#34;duration&#34;: &#34;1 ms&#34;, &#34;resultsTableRow&#34;: [&#34;&lt;td class=\&#34;col-result\&#34;&gt;Passed&lt;/td&gt;&#34;, &#34;&lt;td class=\&#34;col-testId\&#34;&gt;tests/unit/core/test_main.py::TestMainApplication::test_routers_included&lt;/td&gt;&#34;, &#34;&lt;td class=\&#34;col-duration\&#34;&gt;1 ms&lt;/td&gt;&#34;, &#34;&lt;td class=\&#34;col-links\&#34;&gt;&lt;/td&gt;&#34;], &#34;log&#34;: &#34;No log output captured.&#34;}], &#34;tests/unit/core/test_main.py::TestMainApplication::test_nginx_config_generation&#34;: [{&#34;extras&#34;: [], &#34;result&#34;: &#34;Passed&#34;, &#34;testId&#34;: &#34;tests/unit/core/test_main.py::TestMainApplication::test_nginx_config_generation&#34;, &#34;duration&#34;: &#34;4 ms&#34;, &#34;resultsTableRow&#34;: [&#34;&lt;td class=\&#34;col-result\&#34;&gt;Passed&lt;/td&gt;&#34;, &#34;&lt;td class=\&#34;col-testId\&#34;&gt;tests/unit/core/test_main.py::TestMainApplication::test_nginx_config_generation&lt;/td&gt;&#34;, &#34;&lt;td class=\&#34;col-duration\&#34;&gt;4 ms&lt;/td&gt;&#34;, &#34;&lt;td class=\&#34;col-links\&#34;&gt;&lt;/td&gt;&#34;], &#34;log&#34;: &#34;----------------------------- Captured stderr call -----------------------------\n2025-06-08 22:19:27.402 - PID:89416 - main.py:43 - registry.main - INFO - \ud83d\ude80 Starting MCP Gateway Registry...\n2025-06-08 22:19:27.403 - PID:89416 - main.py:50 - registry.main - INFO - \ud83d\udcda Loading server definitions and state...\n2025-06-08 22:19:27.403 - PID:89416 - main.py:53 - registry.main - INFO - \ud83d\udd0d Initializing FAISS search service...\n2025-06-08 22:19:27.403 - PID:89416 - main.py:56 - registry.main - INFO - \ud83c\udfe5 Initializing health monitoring service...\n2025-06-08 22:19:27.403 - PID:89416 - main.py:59 - registry.main - INFO - \ud83c\udf10 Generating initial Nginx configuration...\n2025-06-08 22:19:27.403 - PID:89416 - main.py:66 - registry.main - INFO - \u2705 All services initialized successfully!\n2025-06-08 22:19:27.403 - PID:89416 - main.py:76 - registry.main - INFO - \ud83d\udd04 Shutting down MCP Gateway Registry...\n2025-06-08 22:19:27.404 - PID:89416 - main.py:80 - registry.main - INFO - \u2705 Shutdown completed successfully!\n\n------------------------------ Captured log call -------------------------------\nINFO     registry.main:main.py:43 \ud83d\ude80 Starting MCP Gateway Registry...\nINFO     registry.main:main.py:50 \ud83d\udcda Loading server definitions and state...\nINFO     registry.main:main.py:53 \ud83d\udd0d Initializing FAISS search service...\nINFO     registry.main:main.py:56 \ud83c\udfe5 Initializing health monitoring service...\nINFO     registry.main:main.py:59 \ud83c\udf10 Generating initial Nginx configuration...\nINFO     registry.main:main.py:66 \u2705 All services initialized successfully!\nINFO     registry.main:main.py:76 \ud83d\udd04 Shutting down MCP Gateway Registry...\nINFO     registry.main:main.py:80 \u2705 Shutdown completed successfully!\n\n&#34;}], &#34;tests/unit/core/test_main.py::TestMainApplication::test_logging_configuration&#34;: [{&#34;extras&#34;: [], &#34;result&#34;: &#34;Passed&#34;, &#34;testId&#34;: &#34;tests/unit/core/test_main.py::TestMainApplication::test_logging_configuration&#34;, &#34;duration&#34;: &#34;1 ms&#34;, &#34;resultsTableRow&#34;: [&#34;&lt;td class=\&#34;col-result\&#34;&gt;Passed&lt;/td&gt;&#34;, &#34;&lt;td class=\&#34;col-testId\&#34;&gt;tests/unit/core/test_main.py::TestMainApplication::test_logging_configuration&lt;/td&gt;&#34;, &#34;&lt;td class=\&#34;col-duration\&#34;&gt;1 ms&lt;/td&gt;&#34;, &#34;&lt;td class=\&#34;col-links\&#34;&gt;&lt;/td&gt;&#34;], &#34;log&#34;: &#34;No log output captured.&#34;}], &#34;tests/unit/core/test_nginx_service.py::TestNginxConfigService::test_init&#34;: [{&#34;extras&#34;: [], &#34;result&#34;: &#34;Passed&#34;, &#34;testId&#34;: &#34;tests/unit/core/test_nginx_service.py::TestNginxConfigService::test_init&#34;, &#34;duration&#34;: &#34;1 ms&#34;, &#34;resultsTableRow&#34;: [&#34;&lt;td class=\&#34;col-result\&#34;&gt;Passed&lt;/td&gt;&#34;, &#34;&lt;td class=\&#34;col-testId\&#34;&gt;tests/unit/core/test_nginx_service.py::TestNginxConfigService::test_init&lt;/td&gt;&#34;, &#34;&lt;td class=\&#34;col-duration\&#34;&gt;1 ms&lt;/td&gt;&#34;, &#34;&lt;td class=\&#34;col-links\&#34;&gt;&lt;/td&gt;&#34;], &#34;log&#34;: &#34;No log output captured.&#34;}], &#34;tests/unit/core/test_nginx_service.py::TestNginxConfigService::test_generate_config_success&#34;: [{&#34;extras&#34;: [], &#34;result&#34;: &#34;Passed&#34;, &#34;testId&#34;: &#34;tests/unit/core/test_nginx_service.py::TestNginxConfigService::test_generate_config_success&#34;, &#34;duration&#34;: &#34;2 ms&#34;, &#34;resultsTableRow&#34;: [&#34;&lt;td class=\&#34;col-result\&#34;&gt;Passed&lt;/td&gt;&#34;, &#34;&lt;td class=\&#34;col-testId\&#34;&gt;tests/unit/core/test_nginx_service.py::TestNginxConfigService::test_generate_config_success&lt;/td&gt;&#34;, &#34;&lt;td class=\&#34;col-duration\&#34;&gt;2 ms&lt;/td&gt;&#34;, &#34;&lt;td class=\&#34;col-links\&#34;&gt;&lt;/td&gt;&#34;], &#34;log&#34;: &#34;----------------------------- Captured stderr call -----------------------------\n2025-06-08 22:19:27.409 - PID:89416 - nginx_service.py:49 - registry.core.nginx_service - INFO - Generated Nginx configuration with 2 location blocks\n\n------------------------------ Captured log call -------------------------------\nINFO     registry.core.nginx_service:nginx_service.py:49 Generated Nginx configuration with 2 location blocks\n\n&#34;}], &#34;tests/unit/core/test_nginx_service.py::TestNginxConfigService::test_generate_config_no_template&#34;: [{&#34;extras&#34;: [], &#34;result&#34;: &#34;Passed&#34;, &#34;testId&#34;: &#34;tests/unit/core/test_nginx_service.py::TestNginxConfigService::test_generate_config_no_template&#34;, &#34;duration&#34;: &#34;1 ms&#34;, &#34;resultsTableRow&#34;: [&#34;&lt;td class=\&#34;col-result\&#34;&gt;Passed&lt;/td&gt;&#34;, &#34;&lt;td class=\&#34;col-testId\&#34;&gt;tests/unit/core/test_nginx_service.py::TestNginxConfigService::test_generate_config_no_template&lt;/td&gt;&#34;, &#34;&lt;td class=\&#34;col-duration\&#34;&gt;1 ms&lt;/td&gt;&#34;, &#34;&lt;td class=\&#34;col-links\&#34;&gt;&lt;/td&gt;&#34;], &#34;log&#34;: &#34;----------------------------- Captured stderr call -----------------------------\n2025-06-08 22:19:27.411 - PID:89416 - nginx_service.py:21 - registry.core.nginx_service - WARNING - Nginx template not found at /tmp/tmp1_g99i0q/nginx_template.conf\n\n------------------------------ Captured log call -------------------------------\nWARNING  registry.core.nginx_service:nginx_service.py:21 Nginx template not found at /tmp/tmp1_g99i0q/nginx_template.conf\n\n&#34;}], &#34;tests/unit/core/test_nginx_service.py::TestNginxConfigService::test_generate_config_empty_servers&#34;: [{&#34;extras&#34;: [], &#34;result&#34;: &#34;Passed&#34;, &#34;testId&#34;: &#34;tests/unit/core/test_nginx_service.py::TestNginxConfigService::test_generate_config_empty_servers&#34;, &#34;duration&#34;: &#34;1 ms&#34;, &#34;resultsTableRow&#34;: [&#34;&lt;td class=\&#34;col-result\&#34;&gt;Passed&lt;/td&gt;&#34;, &#34;&lt;td class=\&#34;col-testId\&#34;&gt;tests/unit/core/test_nginx_service.py::TestNginxConfigService::test_generate_config_empty_servers&lt;/td&gt;&#34;, &#34;&lt;td class=\&#34;col-duration\&#34;&gt;1 ms&lt;/td&gt;&#34;, &#34;&lt;td class=\&#34;col-links\&#34;&gt;&lt;/td&gt;&#34;], &#34;log&#34;: &#34;----------------------------- Captured stderr call -----------------------------\n2025-06-08 22:19:27.413 - PID:89416 - nginx_service.py:49 - registry.core.nginx_service - INFO - Generated Nginx configuration with 0 location blocks\n\n------------------------------ Captured log call -------------------------------\nINFO     registry.core.nginx_service:nginx_service.py:49 Generated Nginx configuration with 0 location blocks\n\n&#34;}], &#34;tests/unit/core/test_nginx_service.py::TestNginxConfigService::test_generate_config_servers_without_proxy_pass&#34;: [{&#34;extras&#34;: [], &#34;result&#34;: &#34;Passed&#34;, &#34;testId&#34;: &#34;tests/unit/core/test_nginx_service.py::TestNginxConfigService::test_generate_config_servers_without_proxy_pass&#34;, &#34;duration&#34;: &#34;1 ms&#34;, &#34;resultsTableRow&#34;: [&#34;&lt;td class=\&#34;col-result\&#34;&gt;Passed&lt;/td&gt;&#34;, &#34;&lt;td class=\&#34;col-testId\&#34;&gt;tests/unit/core/test_nginx_service.py::TestNginxConfigService::test_generate_config_servers_without_proxy_pass&lt;/td&gt;&#34;, &#34;&lt;td class=\&#34;col-duration\&#34;&gt;1 ms&lt;/td&gt;&#34;, &#34;&lt;td class=\&#34;col-links\&#34;&gt;&lt;/td&gt;&#34;], &#34;log&#34;: &#34;----------------------------- Captured stderr call -----------------------------\n2025-06-08 22:19:27.415 - PID:89416 - nginx_service.py:49 - registry.core.nginx_service - INFO - Generated Nginx configuration with 1 location blocks\n\n------------------------------ Captured log call -------------------------------\nINFO     registry.core.nginx_service:nginx_service.py:49 Generated Nginx configuration with 1 location blocks\n\n&#34;}], &#34;tests/unit/core/test_nginx_service.py::TestNginxConfigService::test_generate_config_template_read_error&#34;: [{&#34;extras&#34;: [], &#34;result&#34;: &#34;Passed&#34;, &#34;testId&#34;: &#34;tests/unit/core/test_nginx_service.py::TestNginxConfigService::test_generate_config_template_read_error&#34;, &#34;duration&#34;: &#34;2 ms&#34;, &#34;resultsTableRow&#34;: [&#34;&lt;td class=\&#34;col-result\&#34;&gt;Passed&lt;/td&gt;&#34;, &#34;&lt;td class=\&#34;col-testId\&#34;&gt;tests/unit/core/test_nginx_service.py::TestNginxConfigService::test_generate_config_template_read_error&lt;/td&gt;&#34;, &#34;&lt;td class=\&#34;col-duration\&#34;&gt;2 ms&lt;/td&gt;&#34;, &#34;&lt;td class=\&#34;col-links\&#34;&gt;&lt;/td&gt;&#34;], &#34;log&#34;: &#34;----------------------------- Captured stderr call -----------------------------\n2025-06-08 22:19:27.417 - PID:89416 - nginx_service.py:53 - registry.core.nginx_service - ERROR - Failed to generate Nginx configuration: Permission denied\nTraceback (most recent call last):\n  File &amp;quot;/home/ubuntu/mcp-gateway-registry/registry/core/nginx_service.py&amp;quot;, line 24, in generate_config\n    with open(self.nginx_template_path, &amp;quot;r&amp;quot;) as f:\n         ^^^^^^^^^^^^^^^^^^^^^^^^^^^^^^^^^^^\n  File &amp;quot;/usr/local/lib/python3.12/unittest/mock.py&amp;quot;, line 1137, in __call__\n    return self._mock_call(*args, **kwargs)\n           ^^^^^^^^^^^^^^^^^^^^^^^^^^^^^^^^\n  File &amp;quot;/usr/local/lib/python3.12/unittest/mock.py&amp;quot;, line 1141, in _mock_call\n    return self._execute_mock_call(*args, **kwargs)\n           ^^^^^^^^^^^^^^^^^^^^^^^^^^^^^^^^^^^^^^^^\n  File &amp;quot;/usr/local/lib/python3.12/unittest/mock.py&amp;quot;, line 1196, in _execute_mock_call\n    raise effect\nOSError: Permission denied\n\n------------------------------ Captured log call -------------------------------\nERROR    registry.core.nginx_service:nginx_service.py:53 Failed to generate Nginx configuration: Permission denied\nTraceback (most recent call last):\n  File &amp;quot;/home/ubuntu/mcp-gateway-registry/registry/core/nginx_service.py&amp;quot;, line 24, in generate_config\n    with open(self.nginx_template_path, &amp;quot;r&amp;quot;) as f:\n         ^^^^^^^^^^^^^^^^^^^^^^^^^^^^^^^^^^^\n  File &amp;quot;/usr/local/lib/python3.12/unittest/mock.py&amp;quot;, line 1137, in __call__\n    return self._mock_call(*args, **kwargs)\n           ^^^^^^^^^^^^^^^^^^^^^^^^^^^^^^^^\n  File &amp;quot;/usr/local/lib/python3.12/unittest/mock.py&amp;quot;, line 1141, in _mock_call\n    return self._execute_mock_call(*args, **kwargs)\n           ^^^^^^^^^^^^^^^^^^^^^^^^^^^^^^^^^^^^^^^^\n  File &amp;quot;/usr/local/lib/python3.12/unittest/mock.py&amp;quot;, line 1196, in _execute_mock_call\n    raise effect\nOSError: Permission denied\n\n&#34;}], &#34;tests/unit/core/test_nginx_service.py::TestNginxConfigService::test_generate_config_write_error&#34;: [{&#34;extras&#34;: [], &#34;result&#34;: &#34;Passed&#34;, &#34;testId&#34;: &#34;tests/unit/core/test_nginx_service.py::TestNginxConfigService::test_generate_config_write_error&#34;, &#34;duration&#34;: &#34;4 ms&#34;, &#34;resultsTableRow&#34;: [&#34;&lt;td class=\&#34;col-result\&#34;&gt;Passed&lt;/td&gt;&#34;, &#34;&lt;td class=\&#34;col-testId\&#34;&gt;tests/unit/core/test_nginx_service.py::TestNginxConfigService::test_generate_config_write_error&lt;/td&gt;&#34;, &#34;&lt;td class=\&#34;col-duration\&#34;&gt;4 ms&lt;/td&gt;&#34;, &#34;&lt;td class=\&#34;col-links\&#34;&gt;&lt;/td&gt;&#34;], &#34;log&#34;: &#34;----------------------------- Captured stderr call -----------------------------\n2025-06-08 22:19:27.422 - PID:89416 - nginx_service.py:53 - registry.core.nginx_service - ERROR - Failed to generate Nginx configuration: Write permission denied\nTraceback (most recent call last):\n  File &amp;quot;/home/ubuntu/mcp-gateway-registry/registry/core/nginx_service.py&amp;quot;, line 46, in generate_config\n    with open(settings.nginx_config_path, &amp;quot;w&amp;quot;) as f:\n         ^^^^^^^^^^^^^^^^^^^^^^^^^^^^^^^^^^^^^\n  File &amp;quot;/usr/local/lib/python3.12/unittest/mock.py&amp;quot;, line 1137, in __call__\n    return self._mock_call(*args, **kwargs)\n           ^^^^^^^^^^^^^^^^^^^^^^^^^^^^^^^^\n  File &amp;quot;/usr/local/lib/python3.12/unittest/mock.py&amp;quot;, line 1141, in _mock_call\n    return self._execute_mock_call(*args, **kwargs)\n           ^^^^^^^^^^^^^^^^^^^^^^^^^^^^^^^^^^^^^^^^\n  File &amp;quot;/usr/local/lib/python3.12/unittest/mock.py&amp;quot;, line 1200, in _execute_mock_call\n    raise result\nOSError: Write permission denied\n\n------------------------------ Captured log call -------------------------------\nERROR    registry.core.nginx_service:nginx_service.py:53 Failed to generate Nginx configuration: Write permission denied\nTraceback (most recent call last):\n  File &amp;quot;/home/ubuntu/mcp-gateway-registry/registry/core/nginx_service.py&amp;quot;, line 46, in generate_config\n    with open(settings.nginx_config_path, &amp;quot;w&amp;quot;) as f:\n         ^^^^^^^^^^^^^^^^^^^^^^^^^^^^^^^^^^^^^\n  File &amp;quot;/usr/local/lib/python3.12/unittest/mock.py&amp;quot;, line 1137, in __call__\n    return self._mock_call(*args, **kwargs)\n           ^^^^^^^^^^^^^^^^^^^^^^^^^^^^^^^^\n  File &amp;quot;/usr/local/lib/python3.12/unittest/mock.py&amp;quot;, line 1141, in _mock_call\n    return self._execute_mock_call(*args, **kwargs)\n           ^^^^^^^^^^^^^^^^^^^^^^^^^^^^^^^^^^^^^^^^\n  File &amp;quot;/usr/local/lib/python3.12/unittest/mock.py&amp;quot;, line 1200, in _execute_mock_call\n    raise result\nOSError: Write permission denied\n\n&#34;}], &#34;tests/unit/core/test_nginx_service.py::TestNginxConfigService::test_generate_config_location_block_formatting&#34;: [{&#34;extras&#34;: [], &#34;result&#34;: &#34;Passed&#34;, &#34;testId&#34;: &#34;tests/unit/core/test_nginx_service.py::TestNginxConfigService::test_generate_config_location_block_formatting&#34;, &#34;duration&#34;: &#34;1 ms&#34;, &#34;resultsTableRow&#34;: [&#34;&lt;td class=\&#34;col-result\&#34;&gt;Passed&lt;/td&gt;&#34;, &#34;&lt;td class=\&#34;col-testId\&#34;&gt;tests/unit/core/test_nginx_service.py::TestNginxConfigService::test_generate_config_location_block_formatting&lt;/td&gt;&#34;, &#34;&lt;td class=\&#34;col-duration\&#34;&gt;1 ms&lt;/td&gt;&#34;, &#34;&lt;td class=\&#34;col-links\&#34;&gt;&lt;/td&gt;&#34;], &#34;log&#34;: &#34;----------------------------- Captured stderr call -----------------------------\n2025-06-08 22:19:27.425 - PID:89416 - nginx_service.py:49 - registry.core.nginx_service - INFO - Generated Nginx configuration with 1 location blocks\n\n------------------------------ Captured log call -------------------------------\nINFO     registry.core.nginx_service:nginx_service.py:49 Generated Nginx configuration with 1 location blocks\n\n&#34;}], &#34;tests/unit/core/test_nginx_service.py::TestNginxConfigService::test_generate_config_multiple_servers&#34;: [{&#34;extras&#34;: [], &#34;result&#34;: &#34;Passed&#34;, &#34;testId&#34;: &#34;tests/unit/core/test_nginx_service.py::TestNginxConfigService::test_generate_config_multiple_servers&#34;, &#34;duration&#34;: &#34;1 ms&#34;, &#34;resultsTableRow&#34;: [&#34;&lt;td class=\&#34;col-result\&#34;&gt;Passed&lt;/td&gt;&#34;, &#34;&lt;td class=\&#34;col-testId\&#34;&gt;tests/unit/core/test_nginx_service.py::TestNginxConfigService::test_generate_config_multiple_servers&lt;/td&gt;&#34;, &#34;&lt;td class=\&#34;col-duration\&#34;&gt;1 ms&lt;/td&gt;&#34;, &#34;&lt;td class=\&#34;col-links\&#34;&gt;&lt;/td&gt;&#34;], &#34;log&#34;: &#34;----------------------------- Captured stderr call -----------------------------\n2025-06-08 22:19:27.427 - PID:89416 - nginx_service.py:49 - registry.core.nginx_service - INFO - Generated Nginx configuration with 3 location blocks\n\n------------------------------ Captured log call -------------------------------\nINFO     registry.core.nginx_service:nginx_service.py:49 Generated Nginx configuration with 3 location blocks\n\n&#34;}], &#34;tests/unit/core/test_nginx_service.py::TestNginxConfigService::test_reload_nginx_success&#34;: [{&#34;extras&#34;: [], &#34;result&#34;: &#34;Passed&#34;, &#34;testId&#34;: &#34;tests/unit/core/test_nginx_service.py::TestNginxConfigService::test_reload_nginx_success&#34;, &#34;duration&#34;: &#34;1 ms&#34;, &#34;resultsTableRow&#34;: [&#34;&lt;td class=\&#34;col-result\&#34;&gt;Passed&lt;/td&gt;&#34;, &#34;&lt;td class=\&#34;col-testId\&#34;&gt;tests/unit/core/test_nginx_service.py::TestNginxConfigService::test_reload_nginx_success&lt;/td&gt;&#34;, &#34;&lt;td class=\&#34;col-duration\&#34;&gt;1 ms&lt;/td&gt;&#34;, &#34;&lt;td class=\&#34;col-links\&#34;&gt;&lt;/td&gt;&#34;], &#34;log&#34;: &#34;----------------------------- Captured stderr call -----------------------------\n2025-06-08 22:19:27.429 - PID:89416 - nginx_service.py:62 - registry.core.nginx_service - INFO - Nginx configuration reloaded successfully\n\n------------------------------ Captured log call -------------------------------\nINFO     registry.core.nginx_service:nginx_service.py:62 Nginx configuration reloaded successfully\n\n&#34;}], &#34;tests/unit/core/test_nginx_service.py::TestNginxConfigService::test_reload_nginx_failure&#34;: [{&#34;extras&#34;: [], &#34;result&#34;: &#34;Passed&#34;, &#34;testId&#34;: &#34;tests/unit/core/test_nginx_service.py::TestNginxConfigService::test_reload_nginx_failure&#34;, &#34;duration&#34;: &#34;1 ms&#34;, &#34;resultsTableRow&#34;: [&#34;&lt;td class=\&#34;col-result\&#34;&gt;Passed&lt;/td&gt;&#34;, &#34;&lt;td class=\&#34;col-testId\&#34;&gt;tests/unit/core/test_nginx_service.py::TestNginxConfigService::test_reload_nginx_failure&lt;/td&gt;&#34;, &#34;&lt;td class=\&#34;col-duration\&#34;&gt;1 ms&lt;/td&gt;&#34;, &#34;&lt;td class=\&#34;col-links\&#34;&gt;&lt;/td&gt;&#34;], &#34;log&#34;: &#34;----------------------------- Captured stderr call -----------------------------\n2025-06-08 22:19:27.431 - PID:89416 - nginx_service.py:65 - registry.core.nginx_service - ERROR - Failed to reload Nginx: nginx: [error] invalid configuration\n\n------------------------------ Captured log call -------------------------------\nERROR    registry.core.nginx_service:nginx_service.py:65 Failed to reload Nginx: nginx: [error] invalid configuration\n\n&#34;}], &#34;tests/unit/core/test_nginx_service.py::TestNginxConfigService::test_reload_nginx_not_found&#34;: [{&#34;extras&#34;: [], &#34;result&#34;: &#34;Passed&#34;, &#34;testId&#34;: &#34;tests/unit/core/test_nginx_service.py::TestNginxConfigService::test_reload_nginx_not_found&#34;, &#34;duration&#34;: &#34;1 ms&#34;, &#34;resultsTableRow&#34;: [&#34;&lt;td class=\&#34;col-result\&#34;&gt;Passed&lt;/td&gt;&#34;, &#34;&lt;td class=\&#34;col-testId\&#34;&gt;tests/unit/core/test_nginx_service.py::TestNginxConfigService::test_reload_nginx_not_found&lt;/td&gt;&#34;, &#34;&lt;td class=\&#34;col-duration\&#34;&gt;1 ms&lt;/td&gt;&#34;, &#34;&lt;td class=\&#34;col-links\&#34;&gt;&lt;/td&gt;&#34;], &#34;log&#34;: &#34;----------------------------- Captured stderr call -----------------------------\n2025-06-08 22:19:27.433 - PID:89416 - nginx_service.py:68 - registry.core.nginx_service - WARNING - Nginx not found - skipping reload\n\n------------------------------ Captured log call -------------------------------\nWARNING  registry.core.nginx_service:nginx_service.py:68 Nginx not found - skipping reload\n\n&#34;}], &#34;tests/unit/core/test_nginx_service.py::TestNginxConfigService::test_reload_nginx_exception&#34;: [{&#34;extras&#34;: [], &#34;result&#34;: &#34;Passed&#34;, &#34;testId&#34;: &#34;tests/unit/core/test_nginx_service.py::TestNginxConfigService::test_reload_nginx_exception&#34;, &#34;duration&#34;: &#34;1 ms&#34;, &#34;resultsTableRow&#34;: [&#34;&lt;td class=\&#34;col-result\&#34;&gt;Passed&lt;/td&gt;&#34;, &#34;&lt;td class=\&#34;col-testId\&#34;&gt;tests/unit/core/test_nginx_service.py::TestNginxConfigService::test_reload_nginx_exception&lt;/td&gt;&#34;, &#34;&lt;td class=\&#34;col-duration\&#34;&gt;1 ms&lt;/td&gt;&#34;, &#34;&lt;td class=\&#34;col-links\&#34;&gt;&lt;/td&gt;&#34;], &#34;log&#34;: &#34;----------------------------- Captured stderr call -----------------------------\n2025-06-08 22:19:27.435 - PID:89416 - nginx_service.py:71 - registry.core.nginx_service - ERROR - Error reloading Nginx: Unexpected error\n\n------------------------------ Captured log call -------------------------------\nERROR    registry.core.nginx_service:nginx_service.py:71 Error reloading Nginx: Unexpected error\n\n&#34;}], &#34;tests/unit/core/test_nginx_service.py::TestNginxConfigService::test_logging_behavior&#34;: [{&#34;extras&#34;: [], &#34;result&#34;: &#34;Passed&#34;, &#34;testId&#34;: &#34;tests/unit/core/test_nginx_service.py::TestNginxConfigService::test_logging_behavior&#34;, &#34;duration&#34;: &#34;2 ms&#34;, &#34;resultsTableRow&#34;: [&#34;&lt;td class=\&#34;col-result\&#34;&gt;Passed&lt;/td&gt;&#34;, &#34;&lt;td class=\&#34;col-testId\&#34;&gt;tests/unit/core/test_nginx_service.py::TestNginxConfigService::test_logging_behavior&lt;/td&gt;&#34;, &#34;&lt;td class=\&#34;col-duration\&#34;&gt;2 ms&lt;/td&gt;&#34;, &#34;&lt;td class=\&#34;col-links\&#34;&gt;&lt;/td&gt;&#34;], &#34;log&#34;: &#34;No log output captured.&#34;}], &#34;tests/unit/core/test_nginx_service.py::TestNginxConfigService::test_logging_template_not_found&#34;: [{&#34;extras&#34;: [], &#34;result&#34;: &#34;Passed&#34;, &#34;testId&#34;: &#34;tests/unit/core/test_nginx_service.py::TestNginxConfigService::test_logging_template_not_found&#34;, &#34;duration&#34;: &#34;1 ms&#34;, &#34;resultsTableRow&#34;: [&#34;&lt;td class=\&#34;col-result\&#34;&gt;Passed&lt;/td&gt;&#34;, &#34;&lt;td class=\&#34;col-testId\&#34;&gt;tests/unit/core/test_nginx_service.py::TestNginxConfigService::test_logging_template_not_found&lt;/td&gt;&#34;, &#34;&lt;td class=\&#34;col-duration\&#34;&gt;1 ms&lt;/td&gt;&#34;, &#34;&lt;td class=\&#34;col-links\&#34;&gt;&lt;/td&gt;&#34;], &#34;log&#34;: &#34;No log output captured.&#34;}], &#34;tests/unit/core/test_nginx_service.py::TestNginxConfigService::test_logging_generation_error&#34;: [{&#34;extras&#34;: [], &#34;result&#34;: &#34;Passed&#34;, &#34;testId&#34;: &#34;tests/unit/core/test_nginx_service.py::TestNginxConfigService::test_logging_generation_error&#34;, &#34;duration&#34;: &#34;2 ms&#34;, &#34;resultsTableRow&#34;: [&#34;&lt;td class=\&#34;col-result\&#34;&gt;Passed&lt;/td&gt;&#34;, &#34;&lt;td class=\&#34;col-testId\&#34;&gt;tests/unit/core/test_nginx_service.py::TestNginxConfigService::test_logging_generation_error&lt;/td&gt;&#34;, &#34;&lt;td class=\&#34;col-duration\&#34;&gt;2 ms&lt;/td&gt;&#34;, &#34;&lt;td class=\&#34;col-links\&#34;&gt;&lt;/td&gt;&#34;], &#34;log&#34;: &#34;No log output captured.&#34;}], &#34;tests/unit/core/test_nginx_service.py::TestNginxConfigService::test_logging_reload_success&#34;: [{&#34;extras&#34;: [], &#34;result&#34;: &#34;Passed&#34;, &#34;testId&#34;: &#34;tests/unit/core/test_nginx_service.py::TestNginxConfigService::test_logging_reload_success&#34;, &#34;duration&#34;: &#34;2 ms&#34;, &#34;resultsTableRow&#34;: [&#34;&lt;td class=\&#34;col-result\&#34;&gt;Passed&lt;/td&gt;&#34;, &#34;&lt;td class=\&#34;col-testId\&#34;&gt;tests/unit/core/test_nginx_service.py::TestNginxConfigService::test_logging_reload_success&lt;/td&gt;&#34;, &#34;&lt;td class=\&#34;col-duration\&#34;&gt;2 ms&lt;/td&gt;&#34;, &#34;&lt;td class=\&#34;col-links\&#34;&gt;&lt;/td&gt;&#34;], &#34;log&#34;: &#34;No log output captured.&#34;}], &#34;tests/unit/core/test_nginx_service.py::TestNginxConfigService::test_logging_reload_failure&#34;: [{&#34;extras&#34;: [], &#34;result&#34;: &#34;Passed&#34;, &#34;testId&#34;: &#34;tests/unit/core/test_nginx_service.py::TestNginxConfigService::test_logging_reload_failure&#34;, &#34;duration&#34;: &#34;2 ms&#34;, &#34;resultsTableRow&#34;: [&#34;&lt;td class=\&#34;col-result\&#34;&gt;Passed&lt;/td&gt;&#34;, &#34;&lt;td class=\&#34;col-testId\&#34;&gt;tests/unit/core/test_nginx_service.py::TestNginxConfigService::test_logging_reload_failure&lt;/td&gt;&#34;, &#34;&lt;td class=\&#34;col-duration\&#34;&gt;2 ms&lt;/td&gt;&#34;, &#34;&lt;td class=\&#34;col-links\&#34;&gt;&lt;/td&gt;&#34;], &#34;log&#34;: &#34;No log output captured.&#34;}], &#34;tests/unit/core/test_nginx_service.py::TestNginxConfigService::test_logging_nginx_not_found&#34;: [{&#34;extras&#34;: [], &#34;result&#34;: &#34;Passed&#34;, &#34;testId&#34;: &#34;tests/unit/core/test_nginx_service.py::TestNginxConfigService::test_logging_nginx_not_found&#34;, &#34;duration&#34;: &#34;2 ms&#34;, &#34;resultsTableRow&#34;: [&#34;&lt;td class=\&#34;col-result\&#34;&gt;Passed&lt;/td&gt;&#34;, &#34;&lt;td class=\&#34;col-testId\&#34;&gt;tests/unit/core/test_nginx_service.py::TestNginxConfigService::test_logging_nginx_not_found&lt;/td&gt;&#34;, &#34;&lt;td class=\&#34;col-duration\&#34;&gt;2 ms&lt;/td&gt;&#34;, &#34;&lt;td class=\&#34;col-links\&#34;&gt;&lt;/td&gt;&#34;], &#34;log&#34;: &#34;No log output captured.&#34;}], &#34;tests/unit/core/test_nginx_service.py::TestNginxConfigService::test_template_placeholder_replacement&#34;: [{&#34;extras&#34;: [], &#34;result&#34;: &#34;Passed&#34;, &#34;testId&#34;: &#34;tests/unit/core/test_nginx_service.py::TestNginxConfigService::test_template_placeholder_replacement&#34;, &#34;duration&#34;: &#34;1 ms&#34;, &#34;resultsTableRow&#34;: [&#34;&lt;td class=\&#34;col-result\&#34;&gt;Passed&lt;/td&gt;&#34;, &#34;&lt;td class=\&#34;col-testId\&#34;&gt;tests/unit/core/test_nginx_service.py::TestNginxConfigService::test_template_placeholder_replacement&lt;/td&gt;&#34;, &#34;&lt;td class=\&#34;col-duration\&#34;&gt;1 ms&lt;/td&gt;&#34;, &#34;&lt;td class=\&#34;col-links\&#34;&gt;&lt;/td&gt;&#34;], &#34;log&#34;: &#34;----------------------------- Captured stderr call -----------------------------\n2025-06-08 22:19:27.450 - PID:89416 - nginx_service.py:49 - registry.core.nginx_service - INFO - Generated Nginx configuration with 1 location blocks\n\n------------------------------ Captured log call -------------------------------\nINFO     registry.core.nginx_service:nginx_service.py:49 Generated Nginx configuration with 1 location blocks\n\n&#34;}], &#34;tests/unit/core/test_nginx_service.py::TestNginxConfigService::test_path_normalization&#34;: [{&#34;extras&#34;: [], &#34;result&#34;: &#34;Passed&#34;, &#34;testId&#34;: &#34;tests/unit/core/test_nginx_service.py::TestNginxConfigService::test_path_normalization&#34;, &#34;duration&#34;: &#34;1 ms&#34;, &#34;resultsTableRow&#34;: [&#34;&lt;td class=\&#34;col-result\&#34;&gt;Passed&lt;/td&gt;&#34;, &#34;&lt;td class=\&#34;col-testId\&#34;&gt;tests/unit/core/test_nginx_service.py::TestNginxConfigService::test_path_normalization&lt;/td&gt;&#34;, &#34;&lt;td class=\&#34;col-duration\&#34;&gt;1 ms&lt;/td&gt;&#34;, &#34;&lt;td class=\&#34;col-links\&#34;&gt;&lt;/td&gt;&#34;], &#34;log&#34;: &#34;----------------------------- Captured stderr call -----------------------------\n2025-06-08 22:19:27.452 - PID:89416 - nginx_service.py:49 - registry.core.nginx_service - INFO - Generated Nginx configuration with 3 location blocks\n\n------------------------------ Captured log call -------------------------------\nINFO     registry.core.nginx_service:nginx_service.py:49 Generated Nginx configuration with 3 location blocks\n\n&#34;}], &#34;tests/unit/health/test_health_routes.py::TestHealthRoutes::test_websocket_endpoint_normal_operation&#34;: [{&#34;extras&#34;: [], &#34;result&#34;: &#34;Passed&#34;, &#34;testId&#34;: &#34;tests/unit/health/test_health_routes.py::TestHealthRoutes::test_websocket_endpoint_normal_operation&#34;, &#34;duration&#34;: &#34;3 ms&#34;, &#34;resultsTableRow&#34;: [&#34;&lt;td class=\&#34;col-result\&#34;&gt;Passed&lt;/td&gt;&#34;, &#34;&lt;td class=\&#34;col-testId\&#34;&gt;tests/unit/health/test_health_routes.py::TestHealthRoutes::test_websocket_endpoint_normal_operation&lt;/td&gt;&#34;, &#34;&lt;td class=\&#34;col-duration\&#34;&gt;3 ms&lt;/td&gt;&#34;, &#34;&lt;td class=\&#34;col-links\&#34;&gt;&lt;/td&gt;&#34;], &#34;log&#34;: &#34;----------------------------- Captured stderr call -----------------------------\n2025-06-08 22:19:27.456 - PID:89416 - routes.py:23 - registry.health.routes - INFO - WebSocket client disconnected: 127.0.0.1:12345\n\n------------------------------ Captured log call -------------------------------\nINFO     registry.health.routes:routes.py:23 WebSocket client disconnected: 127.0.0.1:12345\n\n&#34;}], &#34;tests/unit/health/test_health_routes.py::TestHealthRoutes::test_websocket_endpoint_disconnect&#34;: [{&#34;extras&#34;: [], &#34;result&#34;: &#34;Passed&#34;, &#34;testId&#34;: &#34;tests/unit/health/test_health_routes.py::TestHealthRoutes::test_websocket_endpoint_disconnect&#34;, &#34;duration&#34;: &#34;3 ms&#34;, &#34;resultsTableRow&#34;: [&#34;&lt;td class=\&#34;col-result\&#34;&gt;Passed&lt;/td&gt;&#34;, &#34;&lt;td class=\&#34;col-testId\&#34;&gt;tests/unit/health/test_health_routes.py::TestHealthRoutes::test_websocket_endpoint_disconnect&lt;/td&gt;&#34;, &#34;&lt;td class=\&#34;col-duration\&#34;&gt;3 ms&lt;/td&gt;&#34;, &#34;&lt;td class=\&#34;col-links\&#34;&gt;&lt;/td&gt;&#34;], &#34;log&#34;: &#34;----------------------------- Captured stderr call -----------------------------\n2025-06-08 22:19:27.460 - PID:89416 - routes.py:23 - registry.health.routes - INFO - WebSocket client disconnected: 127.0.0.1:12345\n\n------------------------------ Captured log call -------------------------------\nINFO     registry.health.routes:routes.py:23 WebSocket client disconnected: 127.0.0.1:12345\n\n&#34;}], &#34;tests/unit/health/test_health_routes.py::TestHealthRoutes::test_websocket_endpoint_exception&#34;: [{&#34;extras&#34;: [], &#34;result&#34;: &#34;Passed&#34;, &#34;testId&#34;: &#34;tests/unit/health/test_health_routes.py::TestHealthRoutes::test_websocket_endpoint_exception&#34;, &#34;duration&#34;: &#34;3 ms&#34;, &#34;resultsTableRow&#34;: [&#34;&lt;td class=\&#34;col-result\&#34;&gt;Passed&lt;/td&gt;&#34;, &#34;&lt;td class=\&#34;col-testId\&#34;&gt;tests/unit/health/test_health_routes.py::TestHealthRoutes::test_websocket_endpoint_exception&lt;/td&gt;&#34;, &#34;&lt;td class=\&#34;col-duration\&#34;&gt;3 ms&lt;/td&gt;&#34;, &#34;&lt;td class=\&#34;col-links\&#34;&gt;&lt;/td&gt;&#34;], &#34;log&#34;: &#34;----------------------------- Captured stderr call -----------------------------\n2025-06-08 22:19:27.464 - PID:89416 - routes.py:25 - registry.health.routes - ERROR - WebSocket error for 127.0.0.1:12345: Connection error\n\n------------------------------ Captured log call -------------------------------\nERROR    registry.health.routes:routes.py:25 WebSocket error for 127.0.0.1:12345: Connection error\n\n&#34;}], &#34;tests/unit/health/test_health_routes.py::TestHealthRoutes::test_websocket_endpoint_add_connection_failure&#34;: [{&#34;extras&#34;: [], &#34;result&#34;: &#34;Passed&#34;, &#34;testId&#34;: &#34;tests/unit/health/test_health_routes.py::TestHealthRoutes::test_websocket_endpoint_add_connection_failure&#34;, &#34;duration&#34;: &#34;4 ms&#34;, &#34;resultsTableRow&#34;: [&#34;&lt;td class=\&#34;col-result\&#34;&gt;Passed&lt;/td&gt;&#34;, &#34;&lt;td class=\&#34;col-testId\&#34;&gt;tests/unit/health/test_health_routes.py::TestHealthRoutes::test_websocket_endpoint_add_connection_failure&lt;/td&gt;&#34;, &#34;&lt;td class=\&#34;col-duration\&#34;&gt;4 ms&lt;/td&gt;&#34;, &#34;&lt;td class=\&#34;col-links\&#34;&gt;&lt;/td&gt;&#34;], &#34;log&#34;: &#34;----------------------------- Captured stderr call -----------------------------\n2025-06-08 22:19:27.467 - PID:89416 - routes.py:25 - registry.health.routes - ERROR - WebSocket error for 127.0.0.1:12345: Add connection failed\n\n------------------------------ Captured log call -------------------------------\nERROR    registry.health.routes:routes.py:25 WebSocket error for 127.0.0.1:12345: Add connection failed\n\n&#34;}], &#34;tests/unit/health/test_health_routes.py::TestHealthRoutes::test_websocket_endpoint_remove_connection_failure&#34;: [{&#34;extras&#34;: [], &#34;result&#34;: &#34;Passed&#34;, &#34;testId&#34;: &#34;tests/unit/health/test_health_routes.py::TestHealthRoutes::test_websocket_endpoint_remove_connection_failure&#34;, &#34;duration&#34;: &#34;3 ms&#34;, &#34;resultsTableRow&#34;: [&#34;&lt;td class=\&#34;col-result\&#34;&gt;Passed&lt;/td&gt;&#34;, &#34;&lt;td class=\&#34;col-testId\&#34;&gt;tests/unit/health/test_health_routes.py::TestHealthRoutes::test_websocket_endpoint_remove_connection_failure&lt;/td&gt;&#34;, &#34;&lt;td class=\&#34;col-duration\&#34;&gt;3 ms&lt;/td&gt;&#34;, &#34;&lt;td class=\&#34;col-links\&#34;&gt;&lt;/td&gt;&#34;], &#34;log&#34;: &#34;----------------------------- Captured stderr call -----------------------------\n2025-06-08 22:19:27.472 - PID:89416 - routes.py:23 - registry.health.routes - INFO - WebSocket client disconnected: 127.0.0.1:12345\n\n------------------------------ Captured log call -------------------------------\nINFO     registry.health.routes:routes.py:23 WebSocket client disconnected: 127.0.0.1:12345\n\n&#34;}], &#34;tests/unit/health/test_health_routes.py::TestHealthRoutes::test_health_status_http_success&#34;: [{&#34;extras&#34;: [], &#34;result&#34;: &#34;Passed&#34;, &#34;testId&#34;: &#34;tests/unit/health/test_health_routes.py::TestHealthRoutes::test_health_status_http_success&#34;, &#34;duration&#34;: &#34;2 ms&#34;, &#34;resultsTableRow&#34;: [&#34;&lt;td class=\&#34;col-result\&#34;&gt;Passed&lt;/td&gt;&#34;, &#34;&lt;td class=\&#34;col-testId\&#34;&gt;tests/unit/health/test_health_routes.py::TestHealthRoutes::test_health_status_http_success&lt;/td&gt;&#34;, &#34;&lt;td class=\&#34;col-duration\&#34;&gt;2 ms&lt;/td&gt;&#34;, &#34;&lt;td class=\&#34;col-links\&#34;&gt;&lt;/td&gt;&#34;], &#34;log&#34;: &#34;No log output captured.&#34;}], &#34;tests/unit/health/test_health_routes.py::TestHealthRoutes::test_health_status_http_empty_status&#34;: [{&#34;extras&#34;: [], &#34;result&#34;: &#34;Passed&#34;, &#34;testId&#34;: &#34;tests/unit/health/test_health_routes.py::TestHealthRoutes::test_health_status_http_empty_status&#34;, &#34;duration&#34;: &#34;2 ms&#34;, &#34;resultsTableRow&#34;: [&#34;&lt;td class=\&#34;col-result\&#34;&gt;Passed&lt;/td&gt;&#34;, &#34;&lt;td class=\&#34;col-testId\&#34;&gt;tests/unit/health/test_health_routes.py::TestHealthRoutes::test_health_status_http_empty_status&lt;/td&gt;&#34;, &#34;&lt;td class=\&#34;col-duration\&#34;&gt;2 ms&lt;/td&gt;&#34;, &#34;&lt;td class=\&#34;col-links\&#34;&gt;&lt;/td&gt;&#34;], &#34;log&#34;: &#34;No log output captured.&#34;}], &#34;tests/unit/health/test_health_routes.py::TestHealthRoutes::test_health_status_http_service_exception&#34;: [{&#34;extras&#34;: [], &#34;result&#34;: &#34;Passed&#34;, &#34;testId&#34;: &#34;tests/unit/health/test_health_routes.py::TestHealthRoutes::test_health_status_http_service_exception&#34;, &#34;duration&#34;: &#34;2 ms&#34;, &#34;resultsTableRow&#34;: [&#34;&lt;td class=\&#34;col-result\&#34;&gt;Passed&lt;/td&gt;&#34;, &#34;&lt;td class=\&#34;col-testId\&#34;&gt;tests/unit/health/test_health_routes.py::TestHealthRoutes::test_health_status_http_service_exception&lt;/td&gt;&#34;, &#34;&lt;td class=\&#34;col-duration\&#34;&gt;2 ms&lt;/td&gt;&#34;, &#34;&lt;td class=\&#34;col-links\&#34;&gt;&lt;/td&gt;&#34;], &#34;log&#34;: &#34;No log output captured.&#34;}], &#34;tests/unit/health/test_health_routes.py::TestHealthRoutes::test_router_configuration&#34;: [{&#34;extras&#34;: [], &#34;result&#34;: &#34;Passed&#34;, &#34;testId&#34;: &#34;tests/unit/health/test_health_routes.py::TestHealthRoutes::test_router_configuration&#34;, &#34;duration&#34;: &#34;1 ms&#34;, &#34;resultsTableRow&#34;: [&#34;&lt;td class=\&#34;col-result\&#34;&gt;Passed&lt;/td&gt;&#34;, &#34;&lt;td class=\&#34;col-testId\&#34;&gt;tests/unit/health/test_health_routes.py::TestHealthRoutes::test_router_configuration&lt;/td&gt;&#34;, &#34;&lt;td class=\&#34;col-duration\&#34;&gt;1 ms&lt;/td&gt;&#34;, &#34;&lt;td class=\&#34;col-links\&#34;&gt;&lt;/td&gt;&#34;], &#34;log&#34;: &#34;No log output captured.&#34;}], &#34;tests/unit/health/test_health_routes.py::TestHealthRoutes::test_websocket_multiple_messages&#34;: [{&#34;extras&#34;: [], &#34;result&#34;: &#34;Passed&#34;, &#34;testId&#34;: &#34;tests/unit/health/test_health_routes.py::TestHealthRoutes::test_websocket_multiple_messages&#34;, &#34;duration&#34;: &#34;3 ms&#34;, &#34;resultsTableRow&#34;: [&#34;&lt;td class=\&#34;col-result\&#34;&gt;Passed&lt;/td&gt;&#34;, &#34;&lt;td class=\&#34;col-testId\&#34;&gt;tests/unit/health/test_health_routes.py::TestHealthRoutes::test_websocket_multiple_messages&lt;/td&gt;&#34;, &#34;&lt;td class=\&#34;col-duration\&#34;&gt;3 ms&lt;/td&gt;&#34;, &#34;&lt;td class=\&#34;col-links\&#34;&gt;&lt;/td&gt;&#34;], &#34;log&#34;: &#34;----------------------------- Captured stderr call -----------------------------\n2025-06-08 22:19:27.484 - PID:89416 - routes.py:23 - registry.health.routes - INFO - WebSocket client disconnected: 127.0.0.1:12345\n\n------------------------------ Captured log call -------------------------------\nINFO     registry.health.routes:routes.py:23 WebSocket client disconnected: 127.0.0.1:12345\n\n&#34;}], &#34;tests/unit/health/test_health_service.py::TestHealthMonitoringService::test_init&#34;: [{&#34;extras&#34;: [], &#34;result&#34;: &#34;Passed&#34;, &#34;testId&#34;: &#34;tests/unit/health/test_health_service.py::TestHealthMonitoringService::test_init&#34;, &#34;duration&#34;: &#34;1 ms&#34;, &#34;resultsTableRow&#34;: [&#34;&lt;td class=\&#34;col-result\&#34;&gt;Passed&lt;/td&gt;&#34;, &#34;&lt;td class=\&#34;col-testId\&#34;&gt;tests/unit/health/test_health_service.py::TestHealthMonitoringService::test_init&lt;/td&gt;&#34;, &#34;&lt;td class=\&#34;col-duration\&#34;&gt;1 ms&lt;/td&gt;&#34;, &#34;&lt;td class=\&#34;col-links\&#34;&gt;&lt;/td&gt;&#34;], &#34;log&#34;: &#34;No log output captured.&#34;}], &#34;tests/unit/health/test_health_service.py::TestHealthMonitoringService::test_initialize&#34;: [{&#34;extras&#34;: [], &#34;result&#34;: &#34;Passed&#34;, &#34;testId&#34;: &#34;tests/unit/health/test_health_service.py::TestHealthMonitoringService::test_initialize&#34;, &#34;duration&#34;: &#34;2 ms&#34;, &#34;resultsTableRow&#34;: [&#34;&lt;td class=\&#34;col-result\&#34;&gt;Passed&lt;/td&gt;&#34;, &#34;&lt;td class=\&#34;col-testId\&#34;&gt;tests/unit/health/test_health_service.py::TestHealthMonitoringService::test_initialize&lt;/td&gt;&#34;, &#34;&lt;td class=\&#34;col-duration\&#34;&gt;2 ms&lt;/td&gt;&#34;, &#34;&lt;td class=\&#34;col-links\&#34;&gt;&lt;/td&gt;&#34;], &#34;log&#34;: &#34;----------------------------- Captured stderr call -----------------------------\n2025-06-08 22:19:27.488 - PID:89416 - service.py:24 - registry.health.service - INFO - Initializing health monitoring service...\n2025-06-08 22:19:27.488 - PID:89416 - service.py:27 - registry.health.service - INFO - Health monitoring service initialized!\n\n------------------------------ Captured log call -------------------------------\nINFO     registry.health.service:service.py:24 Initializing health monitoring service...\nINFO     registry.health.service:service.py:27 Health monitoring service initialized!\n\n&#34;}], &#34;tests/unit/health/test_health_service.py::TestHealthMonitoringService::test_shutdown&#34;: [{&#34;extras&#34;: [], &#34;result&#34;: &#34;Passed&#34;, &#34;testId&#34;: &#34;tests/unit/health/test_health_service.py::TestHealthMonitoringService::test_shutdown&#34;, &#34;duration&#34;: &#34;2 ms&#34;, &#34;resultsTableRow&#34;: [&#34;&lt;td class=\&#34;col-result\&#34;&gt;Passed&lt;/td&gt;&#34;, &#34;&lt;td class=\&#34;col-testId\&#34;&gt;tests/unit/health/test_health_service.py::TestHealthMonitoringService::test_shutdown&lt;/td&gt;&#34;, &#34;&lt;td class=\&#34;col-duration\&#34;&gt;2 ms&lt;/td&gt;&#34;, &#34;&lt;td class=\&#34;col-links\&#34;&gt;&lt;/td&gt;&#34;], &#34;log&#34;: &#34;----------------------------- Captured stderr call -----------------------------\n2025-06-08 22:19:27.491 - PID:89416 - service.py:46 - registry.health.service - INFO - Health monitoring service shutdown complete\n\n------------------------------ Captured log call -------------------------------\nINFO     registry.health.service:service.py:46 Health monitoring service shutdown complete\n\n&#34;}], &#34;tests/unit/health/test_health_service.py::TestHealthMonitoringService::test_add_websocket_connection&#34;: [{&#34;extras&#34;: [], &#34;result&#34;: &#34;Passed&#34;, &#34;testId&#34;: &#34;tests/unit/health/test_health_service.py::TestHealthMonitoringService::test_add_websocket_connection&#34;, &#34;duration&#34;: &#34;2 ms&#34;, &#34;resultsTableRow&#34;: [&#34;&lt;td class=\&#34;col-result\&#34;&gt;Passed&lt;/td&gt;&#34;, &#34;&lt;td class=\&#34;col-testId\&#34;&gt;tests/unit/health/test_health_service.py::TestHealthMonitoringService::test_add_websocket_connection&lt;/td&gt;&#34;, &#34;&lt;td class=\&#34;col-duration\&#34;&gt;2 ms&lt;/td&gt;&#34;, &#34;&lt;td class=\&#34;col-links\&#34;&gt;&lt;/td&gt;&#34;], &#34;log&#34;: &#34;----------------------------- Captured stderr call -----------------------------\n2025-06-08 22:19:27.495 - PID:89416 - service.py:52 - registry.health.service - INFO - WebSocket client connected: &amp;lt;Mock name=&amp;#x27;mock.client&amp;#x27; id=&amp;#x27;139914473259616&amp;#x27;&amp;gt;\n\n------------------------------ Captured log call -------------------------------\nINFO     registry.health.service:service.py:52 WebSocket client connected: &amp;lt;Mock name=&amp;#x27;mock.client&amp;#x27; id=&amp;#x27;139914473259616&amp;#x27;&amp;gt;\n\n&#34;}], &#34;tests/unit/health/test_health_service.py::TestHealthMonitoringService::test_remove_websocket_connection&#34;: [{&#34;extras&#34;: [], &#34;result&#34;: &#34;Passed&#34;, &#34;testId&#34;: &#34;tests/unit/health/test_health_service.py::TestHealthMonitoringService::test_remove_websocket_connection&#34;, &#34;duration&#34;: &#34;2 ms&#34;, &#34;resultsTableRow&#34;: [&#34;&lt;td class=\&#34;col-result\&#34;&gt;Passed&lt;/td&gt;&#34;, &#34;&lt;td class=\&#34;col-testId\&#34;&gt;tests/unit/health/test_health_service.py::TestHealthMonitoringService::test_remove_websocket_connection&lt;/td&gt;&#34;, &#34;&lt;td class=\&#34;col-duration\&#34;&gt;2 ms&lt;/td&gt;&#34;, &#34;&lt;td class=\&#34;col-links\&#34;&gt;&lt;/td&gt;&#34;], &#34;log&#34;: &#34;----------------------------- Captured stderr call -----------------------------\n2025-06-08 22:19:27.498 - PID:89416 - service.py:61 - registry.health.service - INFO - WebSocket connection removed: &amp;lt;Mock name=&amp;#x27;mock.client&amp;#x27; id=&amp;#x27;139914472791632&amp;#x27;&amp;gt;\n\n------------------------------ Captured log call -------------------------------\nINFO     registry.health.service:service.py:61 WebSocket connection removed: &amp;lt;Mock name=&amp;#x27;mock.client&amp;#x27; id=&amp;#x27;139914472791632&amp;#x27;&amp;gt;\n\n&#34;}], &#34;tests/unit/health/test_health_service.py::TestHealthMonitoringService::test_send_initial_status&#34;: [{&#34;extras&#34;: [], &#34;result&#34;: &#34;Passed&#34;, &#34;testId&#34;: &#34;tests/unit/health/test_health_service.py::TestHealthMonitoringService::test_send_initial_status&#34;, &#34;duration&#34;: &#34;2 ms&#34;, &#34;resultsTableRow&#34;: [&#34;&lt;td class=\&#34;col-result\&#34;&gt;Passed&lt;/td&gt;&#34;, &#34;&lt;td class=\&#34;col-testId\&#34;&gt;tests/unit/health/test_health_service.py::TestHealthMonitoringService::test_send_initial_status&lt;/td&gt;&#34;, &#34;&lt;td class=\&#34;col-duration\&#34;&gt;2 ms&lt;/td&gt;&#34;, &#34;&lt;td class=\&#34;col-links\&#34;&gt;&lt;/td&gt;&#34;], &#34;log&#34;: &#34;No log output captured.&#34;}], &#34;tests/unit/health/test_health_service.py::TestHealthMonitoringService::test_broadcast_health_update_single_service&#34;: [{&#34;extras&#34;: [], &#34;result&#34;: &#34;Passed&#34;, &#34;testId&#34;: &#34;tests/unit/health/test_health_service.py::TestHealthMonitoringService::test_broadcast_health_update_single_service&#34;, &#34;duration&#34;: &#34;2 ms&#34;, &#34;resultsTableRow&#34;: [&#34;&lt;td class=\&#34;col-result\&#34;&gt;Passed&lt;/td&gt;&#34;, &#34;&lt;td class=\&#34;col-testId\&#34;&gt;tests/unit/health/test_health_service.py::TestHealthMonitoringService::test_broadcast_health_update_single_service&lt;/td&gt;&#34;, &#34;&lt;td class=\&#34;col-duration\&#34;&gt;2 ms&lt;/td&gt;&#34;, &#34;&lt;td class=\&#34;col-links\&#34;&gt;&lt;/td&gt;&#34;], &#34;log&#34;: &#34;----------------------------- Captured stderr call -----------------------------\n2025-06-08 22:19:27.503 - PID:89416 - service.py:103 - registry.health.service - INFO - Broadcasting health update: /test\n\n------------------------------ Captured log call -------------------------------\nINFO     registry.health.service:service.py:103 Broadcasting health update: /test\n\n&#34;}], &#34;tests/unit/health/test_health_service.py::TestHealthMonitoringService::test_broadcast_health_update_all_services&#34;: [{&#34;extras&#34;: [], &#34;result&#34;: &#34;Passed&#34;, &#34;testId&#34;: &#34;tests/unit/health/test_health_service.py::TestHealthMonitoringService::test_broadcast_health_update_all_services&#34;, &#34;duration&#34;: &#34;3 ms&#34;, &#34;resultsTableRow&#34;: [&#34;&lt;td class=\&#34;col-result\&#34;&gt;Passed&lt;/td&gt;&#34;, &#34;&lt;td class=\&#34;col-testId\&#34;&gt;tests/unit/health/test_health_service.py::TestHealthMonitoringService::test_broadcast_health_update_all_services&lt;/td&gt;&#34;, &#34;&lt;td class=\&#34;col-duration\&#34;&gt;3 ms&lt;/td&gt;&#34;, &#34;&lt;td class=\&#34;col-links\&#34;&gt;&lt;/td&gt;&#34;], &#34;log&#34;: &#34;----------------------------- Captured stderr call -----------------------------\n2025-06-08 22:19:27.507 - PID:89416 - service.py:103 - registry.health.service - INFO - Broadcasting health update: all services\n\n------------------------------ Captured log call -------------------------------\nINFO     registry.health.service:service.py:103 Broadcasting health update: all services\n\n&#34;}], &#34;tests/unit/health/test_health_service.py::TestHealthMonitoringService::test_safe_send_message_success&#34;: [{&#34;extras&#34;: [], &#34;result&#34;: &#34;Passed&#34;, &#34;testId&#34;: &#34;tests/unit/health/test_health_service.py::TestHealthMonitoringService::test_safe_send_message_success&#34;, &#34;duration&#34;: &#34;2 ms&#34;, &#34;resultsTableRow&#34;: [&#34;&lt;td class=\&#34;col-result\&#34;&gt;Passed&lt;/td&gt;&#34;, &#34;&lt;td class=\&#34;col-testId\&#34;&gt;tests/unit/health/test_health_service.py::TestHealthMonitoringService::test_safe_send_message_success&lt;/td&gt;&#34;, &#34;&lt;td class=\&#34;col-duration\&#34;&gt;2 ms&lt;/td&gt;&#34;, &#34;&lt;td class=\&#34;col-links\&#34;&gt;&lt;/td&gt;&#34;], &#34;log&#34;: &#34;No log output captured.&#34;}], &#34;tests/unit/health/test_health_service.py::TestHealthMonitoringService::test_safe_send_message_failure&#34;: [{&#34;extras&#34;: [], &#34;result&#34;: &#34;Passed&#34;, &#34;testId&#34;: &#34;tests/unit/health/test_health_service.py::TestHealthMonitoringService::test_safe_send_message_failure&#34;, &#34;duration&#34;: &#34;2 ms&#34;, &#34;resultsTableRow&#34;: [&#34;&lt;td class=\&#34;col-result\&#34;&gt;Passed&lt;/td&gt;&#34;, &#34;&lt;td class=\&#34;col-testId\&#34;&gt;tests/unit/health/test_health_service.py::TestHealthMonitoringService::test_safe_send_message_failure&lt;/td&gt;&#34;, &#34;&lt;td class=\&#34;col-duration\&#34;&gt;2 ms&lt;/td&gt;&#34;, &#34;&lt;td class=\&#34;col-links\&#34;&gt;&lt;/td&gt;&#34;], &#34;log&#34;: &#34;----------------------------- Captured stderr call -----------------------------\n2025-06-08 22:19:27.512 - PID:89416 - service.py:129 - registry.health.service - WARNING - Failed to send message to WebSocket client &amp;lt;Mock name=&amp;#x27;mock.client&amp;#x27; id=&amp;#x27;139914472014960&amp;#x27;&amp;gt;: Connection error\n\n------------------------------ Captured log call -------------------------------\nWARNING  registry.health.service:service.py:129 Failed to send message to WebSocket client &amp;lt;Mock name=&amp;#x27;mock.client&amp;#x27; id=&amp;#x27;139914472014960&amp;#x27;&amp;gt;: Connection error\n\n&#34;}], &#34;tests/unit/health/test_health_service.py::TestHealthMonitoringService::test_get_service_health_data&#34;: [{&#34;extras&#34;: [], &#34;result&#34;: &#34;Passed&#34;, &#34;testId&#34;: &#34;tests/unit/health/test_health_service.py::TestHealthMonitoringService::test_get_service_health_data&#34;, &#34;duration&#34;: &#34;1 ms&#34;, &#34;resultsTableRow&#34;: [&#34;&lt;td class=\&#34;col-result\&#34;&gt;Passed&lt;/td&gt;&#34;, &#34;&lt;td class=\&#34;col-testId\&#34;&gt;tests/unit/health/test_health_service.py::TestHealthMonitoringService::test_get_service_health_data&lt;/td&gt;&#34;, &#34;&lt;td class=\&#34;col-duration\&#34;&gt;1 ms&lt;/td&gt;&#34;, &#34;&lt;td class=\&#34;col-links\&#34;&gt;&lt;/td&gt;&#34;], &#34;log&#34;: &#34;No log output captured.&#34;}], &#34;tests/unit/health/test_health_service.py::TestHealthMonitoringService::test_get_service_health_data_missing&#34;: [{&#34;extras&#34;: [], &#34;result&#34;: &#34;Passed&#34;, &#34;testId&#34;: &#34;tests/unit/health/test_health_service.py::TestHealthMonitoringService::test_get_service_health_data_missing&#34;, &#34;duration&#34;: &#34;1 ms&#34;, &#34;resultsTableRow&#34;: [&#34;&lt;td class=\&#34;col-result\&#34;&gt;Passed&lt;/td&gt;&#34;, &#34;&lt;td class=\&#34;col-testId\&#34;&gt;tests/unit/health/test_health_service.py::TestHealthMonitoringService::test_get_service_health_data_missing&lt;/td&gt;&#34;, &#34;&lt;td class=\&#34;col-duration\&#34;&gt;1 ms&lt;/td&gt;&#34;, &#34;&lt;td class=\&#34;col-links\&#34;&gt;&lt;/td&gt;&#34;], &#34;log&#34;: &#34;No log output captured.&#34;}], &#34;tests/unit/health/test_health_service.py::TestHealthMonitoringService::test_perform_health_checks&#34;: [{&#34;extras&#34;: [], &#34;result&#34;: &#34;Passed&#34;, &#34;testId&#34;: &#34;tests/unit/health/test_health_service.py::TestHealthMonitoringService::test_perform_health_checks&#34;, &#34;duration&#34;: &#34;2 ms&#34;, &#34;resultsTableRow&#34;: [&#34;&lt;td class=\&#34;col-result\&#34;&gt;Passed&lt;/td&gt;&#34;, &#34;&lt;td class=\&#34;col-testId\&#34;&gt;tests/unit/health/test_health_service.py::TestHealthMonitoringService::test_perform_health_checks&lt;/td&gt;&#34;, &#34;&lt;td class=\&#34;col-duration\&#34;&gt;2 ms&lt;/td&gt;&#34;, &#34;&lt;td class=\&#34;col-links\&#34;&gt;&lt;/td&gt;&#34;], &#34;log&#34;: &#34;----------------------------- Captured stderr call -----------------------------\n2025-06-08 22:19:27.517 - PID:89416 - service.py:172 - registry.health.service - INFO - Performing health checks on 2 enabled services\n\n------------------------------ Captured log call -------------------------------\nINFO     registry.health.service:service.py:172 Performing health checks on 2 enabled services\n\n&#34;}], &#34;tests/unit/health/test_health_service.py::TestHealthMonitoringService::test_perform_health_checks_no_enabled_services&#34;: [{&#34;extras&#34;: [], &#34;result&#34;: &#34;Passed&#34;, &#34;testId&#34;: &#34;tests/unit/health/test_health_service.py::TestHealthMonitoringService::test_perform_health_checks_no_enabled_services&#34;, &#34;duration&#34;: &#34;1 ms&#34;, &#34;resultsTableRow&#34;: [&#34;&lt;td class=\&#34;col-result\&#34;&gt;Passed&lt;/td&gt;&#34;, &#34;&lt;td class=\&#34;col-testId\&#34;&gt;tests/unit/health/test_health_service.py::TestHealthMonitoringService::test_perform_health_checks_no_enabled_services&lt;/td&gt;&#34;, &#34;&lt;td class=\&#34;col-duration\&#34;&gt;1 ms&lt;/td&gt;&#34;, &#34;&lt;td class=\&#34;col-links\&#34;&gt;&lt;/td&gt;&#34;], &#34;log&#34;: &#34;No log output captured.&#34;}], &#34;tests/unit/health/test_health_service.py::TestHealthMonitoringService::test_get_all_health_status&#34;: [{&#34;extras&#34;: [], &#34;result&#34;: &#34;Passed&#34;, &#34;testId&#34;: &#34;tests/unit/health/test_health_service.py::TestHealthMonitoringService::test_get_all_health_status&#34;, &#34;duration&#34;: &#34;1 ms&#34;, &#34;resultsTableRow&#34;: [&#34;&lt;td class=\&#34;col-result\&#34;&gt;Passed&lt;/td&gt;&#34;, &#34;&lt;td class=\&#34;col-testId\&#34;&gt;tests/unit/health/test_health_service.py::TestHealthMonitoringService::test_get_all_health_status&lt;/td&gt;&#34;, &#34;&lt;td class=\&#34;col-duration\&#34;&gt;1 ms&lt;/td&gt;&#34;, &#34;&lt;td class=\&#34;col-links\&#34;&gt;&lt;/td&gt;&#34;], &#34;log&#34;: &#34;No log output captured.&#34;}], &#34;tests/unit/search/test_faiss_service.py::TestFaissService::test_get_text_for_embedding&#34;: [{&#34;extras&#34;: [], &#34;result&#34;: &#34;Passed&#34;, &#34;testId&#34;: &#34;tests/unit/search/test_faiss_service.py::TestFaissService::test_get_text_for_embedding&#34;, &#34;duration&#34;: &#34;1 ms&#34;, &#34;resultsTableRow&#34;: [&#34;&lt;td class=\&#34;col-result\&#34;&gt;Passed&lt;/td&gt;&#34;, &#34;&lt;td class=\&#34;col-testId\&#34;&gt;tests/unit/search/test_faiss_service.py::TestFaissService::test_get_text_for_embedding&lt;/td&gt;&#34;, &#34;&lt;td class=\&#34;col-duration\&#34;&gt;1 ms&lt;/td&gt;&#34;, &#34;&lt;td class=\&#34;col-links\&#34;&gt;&lt;/td&gt;&#34;], &#34;log&#34;: &#34;No log output captured.&#34;}], &#34;tests/unit/search/test_faiss_service.py::TestFaissService::test_get_text_for_embedding_empty_data&#34;: [{&#34;extras&#34;: [], &#34;result&#34;: &#34;Passed&#34;, &#34;testId&#34;: &#34;tests/unit/search/test_faiss_service.py::TestFaissService::test_get_text_for_embedding_empty_data&#34;, &#34;duration&#34;: &#34;1 ms&#34;, &#34;resultsTableRow&#34;: [&#34;&lt;td class=\&#34;col-result\&#34;&gt;Passed&lt;/td&gt;&#34;, &#34;&lt;td class=\&#34;col-testId\&#34;&gt;tests/unit/search/test_faiss_service.py::TestFaissService::test_get_text_for_embedding_empty_data&lt;/td&gt;&#34;, &#34;&lt;td class=\&#34;col-duration\&#34;&gt;1 ms&lt;/td&gt;&#34;, &#34;&lt;td class=\&#34;col-links\&#34;&gt;&lt;/td&gt;&#34;], &#34;log&#34;: &#34;No log output captured.&#34;}], &#34;tests/unit/search/test_faiss_service.py::TestFaissService::test_initialize_new_index&#34;: [{&#34;extras&#34;: [], &#34;result&#34;: &#34;Passed&#34;, &#34;testId&#34;: &#34;tests/unit/search/test_faiss_service.py::TestFaissService::test_initialize_new_index&#34;, &#34;duration&#34;: &#34;1 ms&#34;, &#34;resultsTableRow&#34;: [&#34;&lt;td class=\&#34;col-result\&#34;&gt;Passed&lt;/td&gt;&#34;, &#34;&lt;td class=\&#34;col-testId\&#34;&gt;tests/unit/search/test_faiss_service.py::TestFaissService::test_initialize_new_index&lt;/td&gt;&#34;, &#34;&lt;td class=\&#34;col-duration\&#34;&gt;1 ms&lt;/td&gt;&#34;, &#34;&lt;td class=\&#34;col-links\&#34;&gt;&lt;/td&gt;&#34;], &#34;log&#34;: &#34;No log output captured.&#34;}], &#34;tests/unit/search/test_faiss_service.py::TestFaissService::test_initialize_success&#34;: [{&#34;extras&#34;: [], &#34;result&#34;: &#34;Passed&#34;, &#34;testId&#34;: &#34;tests/unit/search/test_faiss_service.py::TestFaissService::test_initialize_success&#34;, &#34;duration&#34;: &#34;2 ms&#34;, &#34;resultsTableRow&#34;: [&#34;&lt;td class=\&#34;col-result\&#34;&gt;Passed&lt;/td&gt;&#34;, &#34;&lt;td class=\&#34;col-testId\&#34;&gt;tests/unit/search/test_faiss_service.py::TestFaissService::test_initialize_success&lt;/td&gt;&#34;, &#34;&lt;td class=\&#34;col-duration\&#34;&gt;2 ms&lt;/td&gt;&#34;, &#34;&lt;td class=\&#34;col-links\&#34;&gt;&lt;/td&gt;&#34;], &#34;log&#34;: &#34;No log output captured.&#34;}], &#34;tests/unit/search/test_faiss_service.py::TestFaissService::test_load_embedding_model_local_exists&#34;: [{&#34;extras&#34;: [], &#34;result&#34;: &#34;Passed&#34;, &#34;testId&#34;: &#34;tests/unit/search/test_faiss_service.py::TestFaissService::test_load_embedding_model_local_exists&#34;, &#34;duration&#34;: &#34;3 ms&#34;, &#34;resultsTableRow&#34;: [&#34;&lt;td class=\&#34;col-result\&#34;&gt;Passed&lt;/td&gt;&#34;, &#34;&lt;td class=\&#34;col-testId\&#34;&gt;tests/unit/search/test_faiss_service.py::TestFaissService::test_load_embedding_model_local_exists&lt;/td&gt;&#34;, &#34;&lt;td class=\&#34;col-duration\&#34;&gt;3 ms&lt;/td&gt;&#34;, &#34;&lt;td class=\&#34;col-links\&#34;&gt;&lt;/td&gt;&#34;], &#34;log&#34;: &#34;----------------------------- Captured stderr call -----------------------------\n2025-06-08 22:19:27.531 - PID:89416 - service.py:33 - registry.search.service - INFO - Loading FAISS data and embedding model...\n2025-06-08 22:19:27.532 - PID:89416 - service.py:52 - registry.search.service - INFO - Loading SentenceTransformer model from local path: /tmp/test_model\n2025-06-08 22:19:27.532 - PID:89416 - service.py:64 - registry.search.service - INFO - SentenceTransformer model loaded successfully.\n\n------------------------------ Captured log call -------------------------------\nINFO     registry.search.service:service.py:33 Loading FAISS data and embedding model...\nINFO     registry.search.service:service.py:52 Loading SentenceTransformer model from local path: /tmp/test_model\nINFO     registry.search.service:service.py:64 SentenceTransformer model loaded successfully.\n\n&#34;}], &#34;tests/unit/search/test_faiss_service.py::TestFaissService::test_load_embedding_model_download_from_hf&#34;: [{&#34;extras&#34;: [], &#34;result&#34;: &#34;Passed&#34;, &#34;testId&#34;: &#34;tests/unit/search/test_faiss_service.py::TestFaissService::test_load_embedding_model_download_from_hf&#34;, &#34;duration&#34;: &#34;3 ms&#34;, &#34;resultsTableRow&#34;: [&#34;&lt;td class=\&#34;col-result\&#34;&gt;Passed&lt;/td&gt;&#34;, &#34;&lt;td class=\&#34;col-testId\&#34;&gt;tests/unit/search/test_faiss_service.py::TestFaissService::test_load_embedding_model_download_from_hf&lt;/td&gt;&#34;, &#34;&lt;td class=\&#34;col-duration\&#34;&gt;3 ms&lt;/td&gt;&#34;, &#34;&lt;td class=\&#34;col-links\&#34;&gt;&lt;/td&gt;&#34;], &#34;log&#34;: &#34;----------------------------- Captured stderr call -----------------------------\n2025-06-08 22:19:27.535 - PID:89416 - service.py:33 - registry.search.service - INFO - Loading FAISS data and embedding model...\n2025-06-08 22:19:27.536 - PID:89416 - service.py:55 - registry.search.service - INFO - Local model not found at /tmp/test_model, downloading from Hugging Face\n2025-06-08 22:19:27.536 - PID:89416 - service.py:64 - registry.search.service - INFO - SentenceTransformer model loaded successfully.\n\n------------------------------ Captured log call -------------------------------\nINFO     registry.search.service:service.py:33 Loading FAISS data and embedding model...\nINFO     registry.search.service:service.py:55 Local model not found at /tmp/test_model, downloading from Hugging Face\nINFO     registry.search.service:service.py:64 SentenceTransformer model loaded successfully.\n\n&#34;}], &#34;tests/unit/search/test_faiss_service.py::TestFaissService::test_load_embedding_model_exception&#34;: [{&#34;extras&#34;: [], &#34;result&#34;: &#34;Passed&#34;, &#34;testId&#34;: &#34;tests/unit/search/test_faiss_service.py::TestFaissService::test_load_embedding_model_exception&#34;, &#34;duration&#34;: &#34;2 ms&#34;, &#34;resultsTableRow&#34;: [&#34;&lt;td class=\&#34;col-result\&#34;&gt;Passed&lt;/td&gt;&#34;, &#34;&lt;td class=\&#34;col-testId\&#34;&gt;tests/unit/search/test_faiss_service.py::TestFaissService::test_load_embedding_model_exception&lt;/td&gt;&#34;, &#34;&lt;td class=\&#34;col-duration\&#34;&gt;2 ms&lt;/td&gt;&#34;, &#34;&lt;td class=\&#34;col-links\&#34;&gt;&lt;/td&gt;&#34;], &#34;log&#34;: &#34;----------------------------- Captured stderr call -----------------------------\n2025-06-08 22:19:27.538 - PID:89416 - service.py:33 - registry.search.service - INFO - Loading FAISS data and embedding model...\n2025-06-08 22:19:27.539 - PID:89416 - service.py:55 - registry.search.service - INFO - Local model not found at /tmp/test_model, downloading from Hugging Face\n2025-06-08 22:19:27.539 - PID:89416 - service.py:66 - registry.search.service - ERROR - Failed to load SentenceTransformer model: Model load failed\nTraceback (most recent call last):\n  File &amp;quot;/home/ubuntu/mcp-gateway-registry/registry/search/service.py&amp;quot;, line 56, in _load_embedding_model\n    self.embedding_model = SentenceTransformer(str(settings.embeddings_model_name))\n                           ^^^^^^^^^^^^^^^^^^^^^^^^^^^^^^^^^^^^^^^^^^^^^^^^^^^^^^^^\n  File &amp;quot;/usr/local/lib/python3.12/unittest/mock.py&amp;quot;, line 1137, in __call__\n    return self._mock_call(*args, **kwargs)\n           ^^^^^^^^^^^^^^^^^^^^^^^^^^^^^^^^\n  File &amp;quot;/usr/local/lib/python3.12/unittest/mock.py&amp;quot;, line 1141, in _mock_call\n    return self._execute_mock_call(*args, **kwargs)\n           ^^^^^^^^^^^^^^^^^^^^^^^^^^^^^^^^^^^^^^^^\n  File &amp;quot;/usr/local/lib/python3.12/unittest/mock.py&amp;quot;, line 1196, in _execute_mock_call\n    raise effect\nException: Model load failed\n\n------------------------------ Captured log call -------------------------------\nINFO     registry.search.service:service.py:33 Loading FAISS data and embedding model...\nINFO     registry.search.service:service.py:55 Local model not found at /tmp/test_model, downloading from Hugging Face\nERROR    registry.search.service:service.py:66 Failed to load SentenceTransformer model: Model load failed\nTraceback (most recent call last):\n  File &amp;quot;/home/ubuntu/mcp-gateway-registry/registry/search/service.py&amp;quot;, line 56, in _load_embedding_model\n    self.embedding_model = SentenceTransformer(str(settings.embeddings_model_name))\n                           ^^^^^^^^^^^^^^^^^^^^^^^^^^^^^^^^^^^^^^^^^^^^^^^^^^^^^^^^\n  File &amp;quot;/usr/local/lib/python3.12/unittest/mock.py&amp;quot;, line 1137, in __call__\n    return self._mock_call(*args, **kwargs)\n           ^^^^^^^^^^^^^^^^^^^^^^^^^^^^^^^^\n  File &amp;quot;/usr/local/lib/python3.12/unittest/mock.py&amp;quot;, line 1141, in _mock_call\n    return self._execute_mock_call(*args, **kwargs)\n           ^^^^^^^^^^^^^^^^^^^^^^^^^^^^^^^^^^^^^^^^\n  File &amp;quot;/usr/local/lib/python3.12/unittest/mock.py&amp;quot;, line 1196, in _execute_mock_call\n    raise effect\nException: Model load failed\n\n&#34;}], &#34;tests/unit/search/test_faiss_service.py::TestFaissService::test_load_faiss_data_existing_files&#34;: [{&#34;extras&#34;: [], &#34;result&#34;: &#34;Passed&#34;, &#34;testId&#34;: &#34;tests/unit/search/test_faiss_service.py::TestFaissService::test_load_faiss_data_existing_files&#34;, &#34;duration&#34;: &#34;3 ms&#34;, &#34;resultsTableRow&#34;: [&#34;&lt;td class=\&#34;col-result\&#34;&gt;Passed&lt;/td&gt;&#34;, &#34;&lt;td class=\&#34;col-testId\&#34;&gt;tests/unit/search/test_faiss_service.py::TestFaissService::test_load_faiss_data_existing_files&lt;/td&gt;&#34;, &#34;&lt;td class=\&#34;col-duration\&#34;&gt;3 ms&lt;/td&gt;&#34;, &#34;&lt;td class=\&#34;col-links\&#34;&gt;&lt;/td&gt;&#34;], &#34;log&#34;: &#34;----------------------------- Captured stderr call -----------------------------\n2025-06-08 22:19:27.542 - PID:89416 - service.py:73 - registry.search.service - INFO - Loading FAISS index from /tmp/test_index.faiss\n2025-06-08 22:19:27.542 - PID:89416 - service.py:76 - registry.search.service - INFO - Loading FAISS metadata from /tmp/test_metadata.json\n2025-06-08 22:19:27.543 - PID:89416 - service.py:82 - registry.search.service - INFO - FAISS data loaded. Index size: &amp;lt;Mock name=&amp;#x27;faiss.read_index().ntotal&amp;#x27; id=&amp;#x27;139914472716144&amp;#x27;&amp;gt;. Next ID: 2\n\n------------------------------ Captured log call -------------------------------\nINFO     registry.search.service:service.py:73 Loading FAISS index from /tmp/test_index.faiss\nINFO     registry.search.service:service.py:76 Loading FAISS metadata from /tmp/test_metadata.json\nINFO     registry.search.service:service.py:82 FAISS data loaded. Index size: &amp;lt;Mock name=&amp;#x27;faiss.read_index().ntotal&amp;#x27; id=&amp;#x27;139914472716144&amp;#x27;&amp;gt;. Next ID: 2\n\n&#34;}], &#34;tests/unit/search/test_faiss_service.py::TestFaissService::test_load_faiss_data_dimension_mismatch&#34;: [{&#34;extras&#34;: [], &#34;result&#34;: &#34;Passed&#34;, &#34;testId&#34;: &#34;tests/unit/search/test_faiss_service.py::TestFaissService::test_load_faiss_data_dimension_mismatch&#34;, &#34;duration&#34;: &#34;4 ms&#34;, &#34;resultsTableRow&#34;: [&#34;&lt;td class=\&#34;col-result\&#34;&gt;Passed&lt;/td&gt;&#34;, &#34;&lt;td class=\&#34;col-testId\&#34;&gt;tests/unit/search/test_faiss_service.py::TestFaissService::test_load_faiss_data_dimension_mismatch&lt;/td&gt;&#34;, &#34;&lt;td class=\&#34;col-duration\&#34;&gt;4 ms&lt;/td&gt;&#34;, &#34;&lt;td class=\&#34;col-links\&#34;&gt;&lt;/td&gt;&#34;], &#34;log&#34;: &#34;----------------------------- Captured stderr call -----------------------------\n2025-06-08 22:19:27.546 - PID:89416 - service.py:73 - registry.search.service - INFO - Loading FAISS index from /tmp/test_index.faiss\n2025-06-08 22:19:27.546 - PID:89416 - service.py:76 - registry.search.service - INFO - Loading FAISS metadata from /tmp/test_metadata.json\n2025-06-08 22:19:27.547 - PID:89416 - service.py:82 - registry.search.service - INFO - FAISS data loaded. Index size: &amp;lt;Mock name=&amp;#x27;faiss.read_index().ntotal&amp;#x27; id=&amp;#x27;139914472713600&amp;#x27;&amp;gt;. Next ID: 0\n2025-06-08 22:19:27.547 - PID:89416 - service.py:86 - registry.search.service - WARNING - Loaded FAISS index dimension (256) differs from expected (384). Re-initializing.\n\n------------------------------ Captured log call -------------------------------\nINFO     registry.search.service:service.py:73 Loading FAISS index from /tmp/test_index.faiss\nINFO     registry.search.service:service.py:76 Loading FAISS metadata from /tmp/test_metadata.json\nINFO     registry.search.service:service.py:82 FAISS data loaded. Index size: &amp;lt;Mock name=&amp;#x27;faiss.read_index().ntotal&amp;#x27; id=&amp;#x27;139914472713600&amp;#x27;&amp;gt;. Next ID: 0\nWARNING  registry.search.service:service.py:86 Loaded FAISS index dimension (256) differs from expected (384). Re-initializing.\n\n&#34;}], &#34;tests/unit/search/test_faiss_service.py::TestFaissService::test_load_faiss_data_no_files&#34;: [{&#34;extras&#34;: [], &#34;result&#34;: &#34;Passed&#34;, &#34;testId&#34;: &#34;tests/unit/search/test_faiss_service.py::TestFaissService::test_load_faiss_data_no_files&#34;, &#34;duration&#34;: &#34;2 ms&#34;, &#34;resultsTableRow&#34;: [&#34;&lt;td class=\&#34;col-result\&#34;&gt;Passed&lt;/td&gt;&#34;, &#34;&lt;td class=\&#34;col-testId\&#34;&gt;tests/unit/search/test_faiss_service.py::TestFaissService::test_load_faiss_data_no_files&lt;/td&gt;&#34;, &#34;&lt;td class=\&#34;col-duration\&#34;&gt;2 ms&lt;/td&gt;&#34;, &#34;&lt;td class=\&#34;col-links\&#34;&gt;&lt;/td&gt;&#34;], &#34;log&#34;: &#34;----------------------------- Captured stderr call -----------------------------\n2025-06-08 22:19:27.550 - PID:89416 - service.py:93 - registry.search.service - INFO - FAISS index or metadata not found. Initializing new.\n\n------------------------------ Captured log call -------------------------------\nINFO     registry.search.service:service.py:93 FAISS index or metadata not found. Initializing new.\n\n&#34;}], &#34;tests/unit/search/test_faiss_service.py::TestFaissService::test_save_data_success&#34;: [{&#34;extras&#34;: [], &#34;result&#34;: &#34;Passed&#34;, &#34;testId&#34;: &#34;tests/unit/search/test_faiss_service.py::TestFaissService::test_save_data_success&#34;, &#34;duration&#34;: &#34;3 ms&#34;, &#34;resultsTableRow&#34;: [&#34;&lt;td class=\&#34;col-result\&#34;&gt;Passed&lt;/td&gt;&#34;, &#34;&lt;td class=\&#34;col-testId\&#34;&gt;tests/unit/search/test_faiss_service.py::TestFaissService::test_save_data_success&lt;/td&gt;&#34;, &#34;&lt;td class=\&#34;col-duration\&#34;&gt;3 ms&lt;/td&gt;&#34;, &#34;&lt;td class=\&#34;col-links\&#34;&gt;&lt;/td&gt;&#34;], &#34;log&#34;: &#34;----------------------------- Captured stderr call -----------------------------\n2025-06-08 22:19:27.553 - PID:89416 - service.py:112 - registry.search.service - INFO - Saving FAISS index to /tmp/test_index.faiss (Size: 5)\n2025-06-08 22:19:27.553 - PID:89416 - service.py:115 - registry.search.service - INFO - Saving FAISS metadata to /tmp/test_metadata.json\n2025-06-08 22:19:27.554 - PID:89416 - service.py:122 - registry.search.service - INFO - FAISS data saved successfully.\n\n------------------------------ Captured log call -------------------------------\nINFO     registry.search.service:service.py:112 Saving FAISS index to /tmp/test_index.faiss (Size: 5)\nINFO     registry.search.service:service.py:115 Saving FAISS metadata to /tmp/test_metadata.json\nINFO     registry.search.service:service.py:122 FAISS data saved successfully.\n\n&#34;}], &#34;tests/unit/search/test_faiss_service.py::TestFaissService::test_save_data_no_index&#34;: [{&#34;extras&#34;: [], &#34;result&#34;: &#34;Passed&#34;, &#34;testId&#34;: &#34;tests/unit/search/test_faiss_service.py::TestFaissService::test_save_data_no_index&#34;, &#34;duration&#34;: &#34;1 ms&#34;, &#34;resultsTableRow&#34;: [&#34;&lt;td class=\&#34;col-result\&#34;&gt;Passed&lt;/td&gt;&#34;, &#34;&lt;td class=\&#34;col-testId\&#34;&gt;tests/unit/search/test_faiss_service.py::TestFaissService::test_save_data_no_index&lt;/td&gt;&#34;, &#34;&lt;td class=\&#34;col-duration\&#34;&gt;1 ms&lt;/td&gt;&#34;, &#34;&lt;td class=\&#34;col-links\&#34;&gt;&lt;/td&gt;&#34;], &#34;log&#34;: &#34;----------------------------- Captured stderr call -----------------------------\n2025-06-08 22:19:27.556 - PID:89416 - service.py:105 - registry.search.service - ERROR - FAISS index is not initialized. Cannot save.\n\n------------------------------ Captured log call -------------------------------\nERROR    registry.search.service:service.py:105 FAISS index is not initialized. Cannot save.\n\n&#34;}], &#34;tests/unit/search/test_faiss_service.py::TestFaissService::test_save_data_exception&#34;: [{&#34;extras&#34;: [], &#34;result&#34;: &#34;Passed&#34;, &#34;testId&#34;: &#34;tests/unit/search/test_faiss_service.py::TestFaissService::test_save_data_exception&#34;, &#34;duration&#34;: &#34;2 ms&#34;, &#34;resultsTableRow&#34;: [&#34;&lt;td class=\&#34;col-result\&#34;&gt;Passed&lt;/td&gt;&#34;, &#34;&lt;td class=\&#34;col-testId\&#34;&gt;tests/unit/search/test_faiss_service.py::TestFaissService::test_save_data_exception&lt;/td&gt;&#34;, &#34;&lt;td class=\&#34;col-duration\&#34;&gt;2 ms&lt;/td&gt;&#34;, &#34;&lt;td class=\&#34;col-links\&#34;&gt;&lt;/td&gt;&#34;], &#34;log&#34;: &#34;----------------------------- Captured stderr call -----------------------------\n2025-06-08 22:19:27.559 - PID:89416 - service.py:112 - registry.search.service - INFO - Saving FAISS index to /tmp/test_index.faiss (Size: &amp;lt;Mock name=&amp;#x27;mock.ntotal&amp;#x27; id=&amp;#x27;139914888869600&amp;#x27;&amp;gt;)\n2025-06-08 22:19:27.559 - PID:89416 - service.py:124 - registry.search.service - ERROR - Error saving FAISS data: Save failed\nTraceback (most recent call last):\n  File &amp;quot;/home/ubuntu/mcp-gateway-registry/registry/search/service.py&amp;quot;, line 113, in save_data\n    faiss.write_index(self.faiss_index, str(settings.faiss_index_path))\n  File &amp;quot;/usr/local/lib/python3.12/unittest/mock.py&amp;quot;, line 1137, in __call__\n    return self._mock_call(*args, **kwargs)\n           ^^^^^^^^^^^^^^^^^^^^^^^^^^^^^^^^\n  File &amp;quot;/usr/local/lib/python3.12/unittest/mock.py&amp;quot;, line 1141, in _mock_call\n    return self._execute_mock_call(*args, **kwargs)\n           ^^^^^^^^^^^^^^^^^^^^^^^^^^^^^^^^^^^^^^^^\n  File &amp;quot;/usr/local/lib/python3.12/unittest/mock.py&amp;quot;, line 1196, in _execute_mock_call\n    raise effect\nException: Save failed\n\n------------------------------ Captured log call -------------------------------\nINFO     registry.search.service:service.py:112 Saving FAISS index to /tmp/test_index.faiss (Size: &amp;lt;Mock name=&amp;#x27;mock.ntotal&amp;#x27; id=&amp;#x27;139914888869600&amp;#x27;&amp;gt;)\nERROR    registry.search.service:service.py:124 Error saving FAISS data: Save failed\nTraceback (most recent call last):\n  File &amp;quot;/home/ubuntu/mcp-gateway-registry/registry/search/service.py&amp;quot;, line 113, in save_data\n    faiss.write_index(self.faiss_index, str(settings.faiss_index_path))\n  File &amp;quot;/usr/local/lib/python3.12/unittest/mock.py&amp;quot;, line 1137, in __call__\n    return self._mock_call(*args, **kwargs)\n           ^^^^^^^^^^^^^^^^^^^^^^^^^^^^^^^^\n  File &amp;quot;/usr/local/lib/python3.12/unittest/mock.py&amp;quot;, line 1141, in _mock_call\n    return self._execute_mock_call(*args, **kwargs)\n           ^^^^^^^^^^^^^^^^^^^^^^^^^^^^^^^^^^^^^^^^\n  File &amp;quot;/usr/local/lib/python3.12/unittest/mock.py&amp;quot;, line 1196, in _execute_mock_call\n    raise effect\nException: Save failed\n\n&#34;}], &#34;tests/unit/search/test_faiss_service.py::TestFaissService::test_add_or_update_service_not_initialized&#34;: [{&#34;extras&#34;: [], &#34;result&#34;: &#34;Passed&#34;, &#34;testId&#34;: &#34;tests/unit/search/test_faiss_service.py::TestFaissService::test_add_or_update_service_not_initialized&#34;, &#34;duration&#34;: &#34;1 ms&#34;, &#34;resultsTableRow&#34;: [&#34;&lt;td class=\&#34;col-result\&#34;&gt;Passed&lt;/td&gt;&#34;, &#34;&lt;td class=\&#34;col-testId\&#34;&gt;tests/unit/search/test_faiss_service.py::TestFaissService::test_add_or_update_service_not_initialized&lt;/td&gt;&#34;, &#34;&lt;td class=\&#34;col-duration\&#34;&gt;1 ms&lt;/td&gt;&#34;, &#34;&lt;td class=\&#34;col-links\&#34;&gt;&lt;/td&gt;&#34;], &#34;log&#34;: &#34;----------------------------- Captured stderr call -----------------------------\n2025-06-08 22:19:27.561 - PID:89416 - service.py:137 - registry.search.service - ERROR - Embedding model or FAISS index not initialized. Cannot add/update service in FAISS.\n\n------------------------------ Captured log call -------------------------------\nERROR    registry.search.service:service.py:137 Embedding model or FAISS index not initialized. Cannot add/update service in FAISS.\n\n&#34;}], &#34;tests/unit/search/test_faiss_service.py::TestFaissService::test_add_or_update_service_new_service&#34;: [{&#34;extras&#34;: [], &#34;result&#34;: &#34;Passed&#34;, &#34;testId&#34;: &#34;tests/unit/search/test_faiss_service.py::TestFaissService::test_add_or_update_service_new_service&#34;, &#34;duration&#34;: &#34;2 ms&#34;, &#34;resultsTableRow&#34;: [&#34;&lt;td class=\&#34;col-result\&#34;&gt;Passed&lt;/td&gt;&#34;, &#34;&lt;td class=\&#34;col-testId\&#34;&gt;tests/unit/search/test_faiss_service.py::TestFaissService::test_add_or_update_service_new_service&lt;/td&gt;&#34;, &#34;&lt;td class=\&#34;col-duration\&#34;&gt;2 ms&lt;/td&gt;&#34;, &#34;&lt;td class=\&#34;col-links\&#34;&gt;&lt;/td&gt;&#34;], &#34;log&#34;: &#34;----------------------------- Captured stderr call -----------------------------\n2025-06-08 22:19:27.563 - PID:89416 - service.py:140 - registry.search.service - INFO - Attempting to add/update service &amp;#x27;new_service&amp;#x27; in FAISS.\n2025-06-08 22:19:27.563 - PID:89416 - service.py:159 - registry.search.service - INFO - New service &amp;#x27;new_service&amp;#x27;. Assigning new FAISS ID: 0.\n2025-06-08 22:19:27.563 - PID:89416 - service.py:180 - registry.search.service - INFO - Added/Updated vector for &amp;#x27;new_service&amp;#x27; with FAISS ID 0.\n\n------------------------------ Captured log call -------------------------------\nINFO     registry.search.service:service.py:140 Attempting to add/update service &amp;#x27;new_service&amp;#x27; in FAISS.\nINFO     registry.search.service:service.py:159 New service &amp;#x27;new_service&amp;#x27;. Assigning new FAISS ID: 0.\nINFO     registry.search.service:service.py:180 Added/Updated vector for &amp;#x27;new_service&amp;#x27; with FAISS ID 0.\n\n&#34;}], &#34;tests/unit/search/test_faiss_service.py::TestFaissService::test_add_or_update_service_existing_no_change&#34;: [{&#34;extras&#34;: [], &#34;result&#34;: &#34;Passed&#34;, &#34;testId&#34;: &#34;tests/unit/search/test_faiss_service.py::TestFaissService::test_add_or_update_service_existing_no_change&#34;, &#34;duration&#34;: &#34;2 ms&#34;, &#34;resultsTableRow&#34;: [&#34;&lt;td class=\&#34;col-result\&#34;&gt;Passed&lt;/td&gt;&#34;, &#34;&lt;td class=\&#34;col-testId\&#34;&gt;tests/unit/search/test_faiss_service.py::TestFaissService::test_add_or_update_service_existing_no_change&lt;/td&gt;&#34;, &#34;&lt;td class=\&#34;col-duration\&#34;&gt;2 ms&lt;/td&gt;&#34;, &#34;&lt;td class=\&#34;col-links\&#34;&gt;&lt;/td&gt;&#34;], &#34;log&#34;: &#34;----------------------------- Captured stderr call -----------------------------\n2025-06-08 22:19:27.566 - PID:89416 - service.py:140 - registry.search.service - INFO - Attempting to add/update service &amp;#x27;existing_service&amp;#x27; in FAISS.\n2025-06-08 22:19:27.566 - PID:89416 - service.py:152 - registry.search.service - INFO - Text for embedding for &amp;#x27;existing_service&amp;#x27; has not changed. Will update metadata store only if server_info differs.\n\n------------------------------ Captured log call -------------------------------\nINFO     registry.search.service:service.py:140 Attempting to add/update service &amp;#x27;existing_service&amp;#x27; in FAISS.\nINFO     registry.search.service:service.py:152 Text for embedding for &amp;#x27;existing_service&amp;#x27; has not changed. Will update metadata store only if server_info differs.\n\n&#34;}], &#34;tests/unit/search/test_faiss_service.py::TestFaissService::test_add_or_update_service_encoding_error&#34;: [{&#34;extras&#34;: [], &#34;result&#34;: &#34;Passed&#34;, &#34;testId&#34;: &#34;tests/unit/search/test_faiss_service.py::TestFaissService::test_add_or_update_service_encoding_error&#34;, &#34;duration&#34;: &#34;2 ms&#34;, &#34;resultsTableRow&#34;: [&#34;&lt;td class=\&#34;col-result\&#34;&gt;Passed&lt;/td&gt;&#34;, &#34;&lt;td class=\&#34;col-testId\&#34;&gt;tests/unit/search/test_faiss_service.py::TestFaissService::test_add_or_update_service_encoding_error&lt;/td&gt;&#34;, &#34;&lt;td class=\&#34;col-duration\&#34;&gt;2 ms&lt;/td&gt;&#34;, &#34;&lt;td class=\&#34;col-links\&#34;&gt;&lt;/td&gt;&#34;], &#34;log&#34;: &#34;----------------------------- Captured stderr call -----------------------------\n2025-06-08 22:19:27.569 - PID:89416 - service.py:140 - registry.search.service - INFO - Attempting to add/update service &amp;#x27;test_service&amp;#x27; in FAISS.\n2025-06-08 22:19:27.569 - PID:89416 - service.py:159 - registry.search.service - INFO - New service &amp;#x27;test_service&amp;#x27;. Assigning new FAISS ID: 0.\n2025-06-08 22:19:27.569 - PID:89416 - service.py:182 - registry.search.service - ERROR - Error encoding or adding embedding for &amp;#x27;test_service&amp;#x27;: Encoding failed\nTraceback (most recent call last):\n  File &amp;quot;/home/ubuntu/mcp-gateway-registry/registry/search/service.py&amp;quot;, line 165, in add_or_update_service\n    embedding = await asyncio.to_thread(self.embedding_model.encode, [text_to_embed])\n                ^^^^^^^^^^^^^^^^^^^^^^^^^^^^^^^^^^^^^^^^^^^^^^^^^^^^^^^^^^^^^^^^^^^^^\n  File &amp;quot;/usr/local/lib/python3.12/unittest/mock.py&amp;quot;, line 2269, in _execute_mock_call\n    raise effect\nException: Encoding failed\n\n------------------------------ Captured log call -------------------------------\nINFO     registry.search.service:service.py:140 Attempting to add/update service &amp;#x27;test_service&amp;#x27; in FAISS.\nINFO     registry.search.service:service.py:159 New service &amp;#x27;test_service&amp;#x27;. Assigning new FAISS ID: 0.\nERROR    registry.search.service:service.py:182 Error encoding or adding embedding for &amp;#x27;test_service&amp;#x27;: Encoding failed\nTraceback (most recent call last):\n  File &amp;quot;/home/ubuntu/mcp-gateway-registry/registry/search/service.py&amp;quot;, line 165, in add_or_update_service\n    embedding = await asyncio.to_thread(self.embedding_model.encode, [text_to_embed])\n                ^^^^^^^^^^^^^^^^^^^^^^^^^^^^^^^^^^^^^^^^^^^^^^^^^^^^^^^^^^^^^^^^^^^^^\n  File &amp;quot;/usr/local/lib/python3.12/unittest/mock.py&amp;quot;, line 2269, in _execute_mock_call\n    raise effect\nException: Encoding failed\n\n&#34;}], &#34;tests/unit/search/test_faiss_service.py::TestFaissService::test_global_service_instance&#34;: [{&#34;extras&#34;: [], &#34;result&#34;: &#34;Passed&#34;, &#34;testId&#34;: &#34;tests/unit/search/test_faiss_service.py::TestFaissService::test_global_service_instance&#34;, &#34;duration&#34;: &#34;1 ms&#34;, &#34;resultsTableRow&#34;: [&#34;&lt;td class=\&#34;col-result\&#34;&gt;Passed&lt;/td&gt;&#34;, &#34;&lt;td class=\&#34;col-testId\&#34;&gt;tests/unit/search/test_faiss_service.py::TestFaissService::test_global_service_instance&lt;/td&gt;&#34;, &#34;&lt;td class=\&#34;col-duration\&#34;&gt;1 ms&lt;/td&gt;&#34;, &#34;&lt;td class=\&#34;col-links\&#34;&gt;&lt;/td&gt;&#34;], &#34;log&#34;: &#34;No log output captured.&#34;}], &#34;tests/unit/servers/test_server_service.py::TestServerService::test_init&#34;: [{&#34;extras&#34;: [], &#34;result&#34;: &#34;Passed&#34;, &#34;testId&#34;: &#34;tests/unit/servers/test_server_service.py::TestServerService::test_init&#34;, &#34;duration&#34;: &#34;5 ms&#34;, &#34;resultsTableRow&#34;: [&#34;&lt;td class=\&#34;col-result\&#34;&gt;Passed&lt;/td&gt;&#34;, &#34;&lt;td class=\&#34;col-testId\&#34;&gt;tests/unit/servers/test_server_service.py::TestServerService::test_init&lt;/td&gt;&#34;, &#34;&lt;td class=\&#34;col-duration\&#34;&gt;5 ms&lt;/td&gt;&#34;, &#34;&lt;td class=\&#34;col-links\&#34;&gt;&lt;/td&gt;&#34;], &#34;log&#34;: &#34;No log output captured.&#34;}], &#34;tests/unit/servers/test_server_service.py::TestServerService::test_path_to_filename&#34;: [{&#34;extras&#34;: [], &#34;result&#34;: &#34;Passed&#34;, &#34;testId&#34;: &#34;tests/unit/servers/test_server_service.py::TestServerService::test_path_to_filename&#34;, &#34;duration&#34;: &#34;4 ms&#34;, &#34;resultsTableRow&#34;: [&#34;&lt;td class=\&#34;col-result\&#34;&gt;Passed&lt;/td&gt;&#34;, &#34;&lt;td class=\&#34;col-testId\&#34;&gt;tests/unit/servers/test_server_service.py::TestServerService::test_path_to_filename&lt;/td&gt;&#34;, &#34;&lt;td class=\&#34;col-duration\&#34;&gt;4 ms&lt;/td&gt;&#34;, &#34;&lt;td class=\&#34;col-links\&#34;&gt;&lt;/td&gt;&#34;], &#34;log&#34;: &#34;No log output captured.&#34;}], &#34;tests/unit/servers/test_server_service.py::TestServerService::test_register_server_success&#34;: [{&#34;extras&#34;: [], &#34;result&#34;: &#34;Passed&#34;, &#34;testId&#34;: &#34;tests/unit/servers/test_server_service.py::TestServerService::test_register_server_success&#34;, &#34;duration&#34;: &#34;6 ms&#34;, &#34;resultsTableRow&#34;: [&#34;&lt;td class=\&#34;col-result\&#34;&gt;Passed&lt;/td&gt;&#34;, &#34;&lt;td class=\&#34;col-testId\&#34;&gt;tests/unit/servers/test_server_service.py::TestServerService::test_register_server_success&lt;/td&gt;&#34;, &#34;&lt;td class=\&#34;col-duration\&#34;&gt;6 ms&lt;/td&gt;&#34;, &#34;&lt;td class=\&#34;col-links\&#34;&gt;&lt;/td&gt;&#34;], &#34;log&#34;: &#34;----------------------------- Captured stderr call -----------------------------\n2025-06-08 22:19:27.587 - PID:89416 - server_service.py:168 - registry.services.server_service - INFO - New service registered: &amp;#x27;Warren PLC&amp;#x27; at path &amp;#x27;/paper-with-before&amp;#x27;\n\n------------------------------ Captured log call -------------------------------\nINFO     registry.services.server_service:server_service.py:168 New service registered: &amp;#x27;Warren PLC&amp;#x27; at path &amp;#x27;/paper-with-before&amp;#x27;\n\n&#34;}], &#34;tests/unit/servers/test_server_service.py::TestServerService::test_register_server_duplicate_path&#34;: [{&#34;extras&#34;: [], &#34;result&#34;: &#34;Passed&#34;, &#34;testId&#34;: &#34;tests/unit/servers/test_server_service.py::TestServerService::test_register_server_duplicate_path&#34;, &#34;duration&#34;: &#34;6 ms&#34;, &#34;resultsTableRow&#34;: [&#34;&lt;td class=\&#34;col-result\&#34;&gt;Passed&lt;/td&gt;&#34;, &#34;&lt;td class=\&#34;col-testId\&#34;&gt;tests/unit/servers/test_server_service.py::TestServerService::test_register_server_duplicate_path&lt;/td&gt;&#34;, &#34;&lt;td class=\&#34;col-duration\&#34;&gt;6 ms&lt;/td&gt;&#34;, &#34;&lt;td class=\&#34;col-links\&#34;&gt;&lt;/td&gt;&#34;], &#34;log&#34;: &#34;----------------------------- Captured stderr call -----------------------------\n2025-06-08 22:19:27.593 - PID:89416 - server_service.py:168 - registry.services.server_service - INFO - New service registered: &amp;#x27;Cain-Watkins&amp;#x27; at path &amp;#x27;/feel-actually&amp;#x27;\n2025-06-08 22:19:27.594 - PID:89416 - server_service.py:154 - registry.services.server_service - ERROR - Service registration failed: path &amp;#x27;/feel-actually&amp;#x27; already exists\n\n------------------------------ Captured log call -------------------------------\nINFO     registry.services.server_service:server_service.py:168 New service registered: &amp;#x27;Cain-Watkins&amp;#x27; at path &amp;#x27;/feel-actually&amp;#x27;\nERROR    registry.services.server_service:server_service.py:154 Service registration failed: path &amp;#x27;/feel-actually&amp;#x27; already exists\n\n&#34;}], &#34;tests/unit/servers/test_server_service.py::TestServerService::test_register_server_save_failure&#34;: [{&#34;extras&#34;: [], &#34;result&#34;: &#34;Passed&#34;, &#34;testId&#34;: &#34;tests/unit/servers/test_server_service.py::TestServerService::test_register_server_save_failure&#34;, &#34;duration&#34;: &#34;5 ms&#34;, &#34;resultsTableRow&#34;: [&#34;&lt;td class=\&#34;col-result\&#34;&gt;Passed&lt;/td&gt;&#34;, &#34;&lt;td class=\&#34;col-testId\&#34;&gt;tests/unit/servers/test_server_service.py::TestServerService::test_register_server_save_failure&lt;/td&gt;&#34;, &#34;&lt;td class=\&#34;col-duration\&#34;&gt;5 ms&lt;/td&gt;&#34;, &#34;&lt;td class=\&#34;col-links\&#34;&gt;&lt;/td&gt;&#34;], &#34;log&#34;: &#34;No log output captured.&#34;}], &#34;tests/unit/servers/test_server_service.py::TestServerService::test_update_server_success&#34;: [{&#34;extras&#34;: [], &#34;result&#34;: &#34;Passed&#34;, &#34;testId&#34;: &#34;tests/unit/servers/test_server_service.py::TestServerService::test_update_server_success&#34;, &#34;duration&#34;: &#34;6 ms&#34;, &#34;resultsTableRow&#34;: [&#34;&lt;td class=\&#34;col-result\&#34;&gt;Passed&lt;/td&gt;&#34;, &#34;&lt;td class=\&#34;col-testId\&#34;&gt;tests/unit/servers/test_server_service.py::TestServerService::test_update_server_success&lt;/td&gt;&#34;, &#34;&lt;td class=\&#34;col-duration\&#34;&gt;6 ms&lt;/td&gt;&#34;, &#34;&lt;td class=\&#34;col-links\&#34;&gt;&lt;/td&gt;&#34;], &#34;log&#34;: &#34;----------------------------- Captured stderr call -----------------------------\n2025-06-08 22:19:27.606 - PID:89416 - server_service.py:168 - registry.services.server_service - INFO - New service registered: &amp;#x27;Strickland-Nichols&amp;#x27; at path &amp;#x27;/any-blue-tax&amp;#x27;\n2025-06-08 22:19:27.606 - PID:89416 - server_service.py:187 - registry.services.server_service - INFO - Server &amp;#x27;Updated Name&amp;#x27; (/any-blue-tax) updated\n\n------------------------------ Captured log call -------------------------------\nINFO     registry.services.server_service:server_service.py:168 New service registered: &amp;#x27;Strickland-Nichols&amp;#x27; at path &amp;#x27;/any-blue-tax&amp;#x27;\nINFO     registry.services.server_service:server_service.py:187 Server &amp;#x27;Updated Name&amp;#x27; (/any-blue-tax) updated\n\n&#34;}], &#34;tests/unit/servers/test_server_service.py::TestServerService::test_update_server_not_found&#34;: [{&#34;extras&#34;: [], &#34;result&#34;: &#34;Passed&#34;, &#34;testId&#34;: &#34;tests/unit/servers/test_server_service.py::TestServerService::test_update_server_not_found&#34;, &#34;duration&#34;: &#34;5 ms&#34;, &#34;resultsTableRow&#34;: [&#34;&lt;td class=\&#34;col-result\&#34;&gt;Passed&lt;/td&gt;&#34;, &#34;&lt;td class=\&#34;col-testId\&#34;&gt;tests/unit/servers/test_server_service.py::TestServerService::test_update_server_not_found&lt;/td&gt;&#34;, &#34;&lt;td class=\&#34;col-duration\&#34;&gt;5 ms&lt;/td&gt;&#34;, &#34;&lt;td class=\&#34;col-links\&#34;&gt;&lt;/td&gt;&#34;], &#34;log&#34;: &#34;----------------------------- Captured stderr call -----------------------------\n2025-06-08 22:19:27.612 - PID:89416 - server_service.py:174 - registry.services.server_service - ERROR - Cannot update server at path &amp;#x27;/nonexistent&amp;#x27;: not found\n\n------------------------------ Captured log call -------------------------------\nERROR    registry.services.server_service:server_service.py:174 Cannot update server at path &amp;#x27;/nonexistent&amp;#x27;: not found\n\n&#34;}], &#34;tests/unit/servers/test_server_service.py::TestServerService::test_update_server_save_failure&#34;: [{&#34;extras&#34;: [], &#34;result&#34;: &#34;Passed&#34;, &#34;testId&#34;: &#34;tests/unit/servers/test_server_service.py::TestServerService::test_update_server_save_failure&#34;, &#34;duration&#34;: &#34;6 ms&#34;, &#34;resultsTableRow&#34;: [&#34;&lt;td class=\&#34;col-result\&#34;&gt;Passed&lt;/td&gt;&#34;, &#34;&lt;td class=\&#34;col-testId\&#34;&gt;tests/unit/servers/test_server_service.py::TestServerService::test_update_server_save_failure&lt;/td&gt;&#34;, &#34;&lt;td class=\&#34;col-duration\&#34;&gt;6 ms&lt;/td&gt;&#34;, &#34;&lt;td class=\&#34;col-links\&#34;&gt;&lt;/td&gt;&#34;], &#34;log&#34;: &#34;----------------------------- Captured stderr call -----------------------------\n2025-06-08 22:19:27.618 - PID:89416 - server_service.py:168 - registry.services.server_service - INFO - New service registered: &amp;#x27;Carney PLC&amp;#x27; at path &amp;#x27;/debate-amount-able&amp;#x27;\n\n------------------------------ Captured log call -------------------------------\nINFO     registry.services.server_service:server_service.py:168 New service registered: &amp;#x27;Carney PLC&amp;#x27; at path &amp;#x27;/debate-amount-able&amp;#x27;\n\n&#34;}], &#34;tests/unit/servers/test_server_service.py::TestServerService::test_toggle_service_success&#34;: [{&#34;extras&#34;: [], &#34;result&#34;: &#34;Passed&#34;, &#34;testId&#34;: &#34;tests/unit/servers/test_server_service.py::TestServerService::test_toggle_service_success&#34;, &#34;duration&#34;: &#34;6 ms&#34;, &#34;resultsTableRow&#34;: [&#34;&lt;td class=\&#34;col-result\&#34;&gt;Passed&lt;/td&gt;&#34;, &#34;&lt;td class=\&#34;col-testId\&#34;&gt;tests/unit/servers/test_server_service.py::TestServerService::test_toggle_service_success&lt;/td&gt;&#34;, &#34;&lt;td class=\&#34;col-duration\&#34;&gt;6 ms&lt;/td&gt;&#34;, &#34;&lt;td class=\&#34;col-links\&#34;&gt;&lt;/td&gt;&#34;], &#34;log&#34;: &#34;----------------------------- Captured stderr call -----------------------------\n2025-06-08 22:19:27.624 - PID:89416 - server_service.py:168 - registry.services.server_service - INFO - New service registered: &amp;#x27;Mack, Thomas and Pierce&amp;#x27; at path &amp;#x27;/wrong-situation&amp;#x27;\n2025-06-08 22:19:27.625 - PID:89416 - server_service.py:200 - registry.services.server_service - INFO - Toggled &amp;#x27;Mack, Thomas and Pierce&amp;#x27; (/wrong-situation) to True\n2025-06-08 22:19:27.625 - PID:89416 - server_service.py:200 - registry.services.server_service - INFO - Toggled &amp;#x27;Mack, Thomas and Pierce&amp;#x27; (/wrong-situation) to False\n\n------------------------------ Captured log call -------------------------------\nINFO     registry.services.server_service:server_service.py:168 New service registered: &amp;#x27;Mack, Thomas and Pierce&amp;#x27; at path &amp;#x27;/wrong-situation&amp;#x27;\nINFO     registry.services.server_service:server_service.py:200 Toggled &amp;#x27;Mack, Thomas and Pierce&amp;#x27; (/wrong-situation) to True\nINFO     registry.services.server_service:server_service.py:200 Toggled &amp;#x27;Mack, Thomas and Pierce&amp;#x27; (/wrong-situation) to False\n\n&#34;}], &#34;tests/unit/servers/test_server_service.py::TestServerService::test_toggle_service_not_found&#34;: [{&#34;extras&#34;: [], &#34;result&#34;: &#34;Passed&#34;, &#34;testId&#34;: &#34;tests/unit/servers/test_server_service.py::TestServerService::test_toggle_service_not_found&#34;, &#34;duration&#34;: &#34;5 ms&#34;, &#34;resultsTableRow&#34;: [&#34;&lt;td class=\&#34;col-result\&#34;&gt;Passed&lt;/td&gt;&#34;, &#34;&lt;td class=\&#34;col-testId\&#34;&gt;tests/unit/servers/test_server_service.py::TestServerService::test_toggle_service_not_found&lt;/td&gt;&#34;, &#34;&lt;td class=\&#34;col-duration\&#34;&gt;5 ms&lt;/td&gt;&#34;, &#34;&lt;td class=\&#34;col-links\&#34;&gt;&lt;/td&gt;&#34;], &#34;log&#34;: &#34;----------------------------- Captured stderr call -----------------------------\n2025-06-08 22:19:27.630 - PID:89416 - server_service.py:193 - registry.services.server_service - ERROR - Cannot toggle service at path &amp;#x27;/nonexistent&amp;#x27;: not found\n\n------------------------------ Captured log call -------------------------------\nERROR    registry.services.server_service:server_service.py:193 Cannot toggle service at path &amp;#x27;/nonexistent&amp;#x27;: not found\n\n&#34;}], &#34;tests/unit/servers/test_server_service.py::TestServerService::test_get_server_info&#34;: [{&#34;extras&#34;: [], &#34;result&#34;: &#34;Passed&#34;, &#34;testId&#34;: &#34;tests/unit/servers/test_server_service.py::TestServerService::test_get_server_info&#34;, &#34;duration&#34;: &#34;5 ms&#34;, &#34;resultsTableRow&#34;: [&#34;&lt;td class=\&#34;col-result\&#34;&gt;Passed&lt;/td&gt;&#34;, &#34;&lt;td class=\&#34;col-testId\&#34;&gt;tests/unit/servers/test_server_service.py::TestServerService::test_get_server_info&lt;/td&gt;&#34;, &#34;&lt;td class=\&#34;col-duration\&#34;&gt;5 ms&lt;/td&gt;&#34;, &#34;&lt;td class=\&#34;col-links\&#34;&gt;&lt;/td&gt;&#34;], &#34;log&#34;: &#34;----------------------------- Captured stderr call -----------------------------\n2025-06-08 22:19:27.636 - PID:89416 - server_service.py:168 - registry.services.server_service - INFO - New service registered: &amp;#x27;Schmidt-Fisher&amp;#x27; at path &amp;#x27;/bed-responsibility&amp;#x27;\n\n------------------------------ Captured log call -------------------------------\nINFO     registry.services.server_service:server_service.py:168 New service registered: &amp;#x27;Schmidt-Fisher&amp;#x27; at path &amp;#x27;/bed-responsibility&amp;#x27;\n\n&#34;}], &#34;tests/unit/servers/test_server_service.py::TestServerService::test_get_all_servers&#34;: [{&#34;extras&#34;: [], &#34;result&#34;: &#34;Passed&#34;, &#34;testId&#34;: &#34;tests/unit/servers/test_server_service.py::TestServerService::test_get_all_servers&#34;, &#34;duration&#34;: &#34;7 ms&#34;, &#34;resultsTableRow&#34;: [&#34;&lt;td class=\&#34;col-result\&#34;&gt;Passed&lt;/td&gt;&#34;, &#34;&lt;td class=\&#34;col-testId\&#34;&gt;tests/unit/servers/test_server_service.py::TestServerService::test_get_all_servers&lt;/td&gt;&#34;, &#34;&lt;td class=\&#34;col-duration\&#34;&gt;7 ms&lt;/td&gt;&#34;, &#34;&lt;td class=\&#34;col-links\&#34;&gt;&lt;/td&gt;&#34;], &#34;log&#34;: &#34;----------------------------- Captured stderr call -----------------------------\n2025-06-08 22:19:27.644 - PID:89416 - server_service.py:168 - registry.services.server_service - INFO - New service registered: &amp;#x27;Barajas PLC&amp;#x27; at path &amp;#x27;/film-gun-like-every&amp;#x27;\n2025-06-08 22:19:27.644 - PID:89416 - server_service.py:168 - registry.services.server_service - INFO - New service registered: &amp;#x27;Robinson-Anderson&amp;#x27; at path &amp;#x27;/also-response-serve&amp;#x27;\n2025-06-08 22:19:27.644 - PID:89416 - server_service.py:168 - registry.services.server_service - INFO - New service registered: &amp;#x27;Pierce, Wells and Taylor&amp;#x27; at path &amp;#x27;/sign-policy-weight&amp;#x27;\n\n------------------------------ Captured log call -------------------------------\nINFO     registry.services.server_service:server_service.py:168 New service registered: &amp;#x27;Barajas PLC&amp;#x27; at path &amp;#x27;/film-gun-like-every&amp;#x27;\nINFO     registry.services.server_service:server_service.py:168 New service registered: &amp;#x27;Robinson-Anderson&amp;#x27; at path &amp;#x27;/also-response-serve&amp;#x27;\nINFO     registry.services.server_service:server_service.py:168 New service registered: &amp;#x27;Pierce, Wells and Taylor&amp;#x27; at path &amp;#x27;/sign-policy-weight&amp;#x27;\n\n&#34;}], &#34;tests/unit/servers/test_server_service.py::TestServerService::test_is_service_enabled&#34;: [{&#34;extras&#34;: [], &#34;result&#34;: &#34;Passed&#34;, &#34;testId&#34;: &#34;tests/unit/servers/test_server_service.py::TestServerService::test_is_service_enabled&#34;, &#34;duration&#34;: &#34;6 ms&#34;, &#34;resultsTableRow&#34;: [&#34;&lt;td class=\&#34;col-result\&#34;&gt;Passed&lt;/td&gt;&#34;, &#34;&lt;td class=\&#34;col-testId\&#34;&gt;tests/unit/servers/test_server_service.py::TestServerService::test_is_service_enabled&lt;/td&gt;&#34;, &#34;&lt;td class=\&#34;col-duration\&#34;&gt;6 ms&lt;/td&gt;&#34;, &#34;&lt;td class=\&#34;col-links\&#34;&gt;&lt;/td&gt;&#34;], &#34;log&#34;: &#34;----------------------------- Captured stderr call -----------------------------\n2025-06-08 22:19:27.650 - PID:89416 - server_service.py:168 - registry.services.server_service - INFO - New service registered: &amp;#x27;Peters, Weiss and Gonzalez&amp;#x27; at path &amp;#x27;/decide-tree&amp;#x27;\n2025-06-08 22:19:27.650 - PID:89416 - server_service.py:200 - registry.services.server_service - INFO - Toggled &amp;#x27;Peters, Weiss and Gonzalez&amp;#x27; (/decide-tree) to True\n\n------------------------------ Captured log call -------------------------------\nINFO     registry.services.server_service:server_service.py:168 New service registered: &amp;#x27;Peters, Weiss and Gonzalez&amp;#x27; at path &amp;#x27;/decide-tree&amp;#x27;\nINFO     registry.services.server_service:server_service.py:200 Toggled &amp;#x27;Peters, Weiss and Gonzalez&amp;#x27; (/decide-tree) to True\n\n&#34;}], &#34;tests/unit/servers/test_server_service.py::TestServerService::test_get_enabled_services&#34;: [{&#34;extras&#34;: [], &#34;result&#34;: &#34;Passed&#34;, &#34;testId&#34;: &#34;tests/unit/servers/test_server_service.py::TestServerService::test_get_enabled_services&#34;, &#34;duration&#34;: &#34;7 ms&#34;, &#34;resultsTableRow&#34;: [&#34;&lt;td class=\&#34;col-result\&#34;&gt;Passed&lt;/td&gt;&#34;, &#34;&lt;td class=\&#34;col-testId\&#34;&gt;tests/unit/servers/test_server_service.py::TestServerService::test_get_enabled_services&lt;/td&gt;&#34;, &#34;&lt;td class=\&#34;col-duration\&#34;&gt;7 ms&lt;/td&gt;&#34;, &#34;&lt;td class=\&#34;col-links\&#34;&gt;&lt;/td&gt;&#34;], &#34;log&#34;: &#34;----------------------------- Captured stderr call -----------------------------\n2025-06-08 22:19:27.657 - PID:89416 - server_service.py:168 - registry.services.server_service - INFO - New service registered: &amp;#x27;Hubbard-Jones&amp;#x27; at path &amp;#x27;/impact-account&amp;#x27;\n2025-06-08 22:19:27.657 - PID:89416 - server_service.py:168 - registry.services.server_service - INFO - New service registered: &amp;#x27;Reyes-Cross&amp;#x27; at path &amp;#x27;/get-which-toward&amp;#x27;\n2025-06-08 22:19:27.658 - PID:89416 - server_service.py:168 - registry.services.server_service - INFO - New service registered: &amp;#x27;Frazier Ltd&amp;#x27; at path &amp;#x27;/couple-marriage&amp;#x27;\n2025-06-08 22:19:27.658 - PID:89416 - server_service.py:200 - registry.services.server_service - INFO - Toggled &amp;#x27;Hubbard-Jones&amp;#x27; (/impact-account) to True\n2025-06-08 22:19:27.658 - PID:89416 - server_service.py:200 - registry.services.server_service - INFO - Toggled &amp;#x27;Reyes-Cross&amp;#x27; (/get-which-toward) to True\n\n------------------------------ Captured log call -------------------------------\nINFO     registry.services.server_service:server_service.py:168 New service registered: &amp;#x27;Hubbard-Jones&amp;#x27; at path &amp;#x27;/impact-account&amp;#x27;\nINFO     registry.services.server_service:server_service.py:168 New service registered: &amp;#x27;Reyes-Cross&amp;#x27; at path &amp;#x27;/get-which-toward&amp;#x27;\nINFO     registry.services.server_service:server_service.py:168 New service registered: &amp;#x27;Frazier Ltd&amp;#x27; at path &amp;#x27;/couple-marriage&amp;#x27;\nINFO     registry.services.server_service:server_service.py:200 Toggled &amp;#x27;Hubbard-Jones&amp;#x27; (/impact-account) to True\nINFO     registry.services.server_service:server_service.py:200 Toggled &amp;#x27;Reyes-Cross&amp;#x27; (/get-which-toward) to True\n\n&#34;}], &#34;tests/unit/servers/test_server_service.py::TestServerService::test_save_server_to_file&#34;: [{&#34;extras&#34;: [], &#34;result&#34;: &#34;Passed&#34;, &#34;testId&#34;: &#34;tests/unit/servers/test_server_service.py::TestServerService::test_save_server_to_file&#34;, &#34;duration&#34;: &#34;8 ms&#34;, &#34;resultsTableRow&#34;: [&#34;&lt;td class=\&#34;col-result\&#34;&gt;Passed&lt;/td&gt;&#34;, &#34;&lt;td class=\&#34;col-testId\&#34;&gt;tests/unit/servers/test_server_service.py::TestServerService::test_save_server_to_file&lt;/td&gt;&#34;, &#34;&lt;td class=\&#34;col-duration\&#34;&gt;8 ms&lt;/td&gt;&#34;, &#34;&lt;td class=\&#34;col-links\&#34;&gt;&lt;/td&gt;&#34;], &#34;log&#34;: &#34;----------------------------- Captured stderr call -----------------------------\n2025-06-08 22:19:27.666 - PID:89416 - server_service.py:133 - registry.services.server_service - INFO - Successfully saved server &amp;#x27;Diaz-Kelley&amp;#x27; to /home/ubuntu/mcp-gateway-registry/registry/servers/beyond-financial.json\n\n------------------------------ Captured log call -------------------------------\nINFO     registry.services.server_service:server_service.py:133 Successfully saved server &amp;#x27;Diaz-Kelley&amp;#x27; to /home/ubuntu/mcp-gateway-registry/registry/servers/beyond-financial.json\n\n&#34;}], &#34;tests/unit/servers/test_server_service.py::TestServerService::test_save_server_to_file_failure&#34;: [{&#34;extras&#34;: [], &#34;result&#34;: &#34;Passed&#34;, &#34;testId&#34;: &#34;tests/unit/servers/test_server_service.py::TestServerService::test_save_server_to_file_failure&#34;, &#34;duration&#34;: &#34;6 ms&#34;, &#34;resultsTableRow&#34;: [&#34;&lt;td class=\&#34;col-result\&#34;&gt;Passed&lt;/td&gt;&#34;, &#34;&lt;td class=\&#34;col-testId\&#34;&gt;tests/unit/servers/test_server_service.py::TestServerService::test_save_server_to_file_failure&lt;/td&gt;&#34;, &#34;&lt;td class=\&#34;col-duration\&#34;&gt;6 ms&lt;/td&gt;&#34;, &#34;&lt;td class=\&#34;col-links\&#34;&gt;&lt;/td&gt;&#34;], &#34;log&#34;: &#34;----------------------------- Captured stderr call -----------------------------\n2025-06-08 22:19:27.672 - PID:89416 - server_service.py:136 - registry.services.server_service - ERROR - Failed to save server &amp;#x27;Johnson, Curry and Carter&amp;#x27; data to population-season.json: File error\nTraceback (most recent call last):\n  File &amp;quot;/home/ubuntu/mcp-gateway-registry/registry/services/server_service.py&amp;quot;, line 130, in save_server_to_file\n    with open(file_path, &amp;quot;w&amp;quot;) as f:\n         ^^^^^^^^^^^^^^^^^^^^\n  File &amp;quot;/usr/local/lib/python3.12/unittest/mock.py&amp;quot;, line 1137, in __call__\n    return self._mock_call(*args, **kwargs)\n           ^^^^^^^^^^^^^^^^^^^^^^^^^^^^^^^^\n  File &amp;quot;/usr/local/lib/python3.12/unittest/mock.py&amp;quot;, line 1141, in _mock_call\n    return self._execute_mock_call(*args, **kwargs)\n           ^^^^^^^^^^^^^^^^^^^^^^^^^^^^^^^^^^^^^^^^\n  File &amp;quot;/usr/local/lib/python3.12/unittest/mock.py&amp;quot;, line 1196, in _execute_mock_call\n    raise effect\nOSError: File error\n\n------------------------------ Captured log call -------------------------------\nERROR    registry.services.server_service:server_service.py:136 Failed to save server &amp;#x27;Johnson, Curry and Carter&amp;#x27; data to population-season.json: File error\nTraceback (most recent call last):\n  File &amp;quot;/home/ubuntu/mcp-gateway-registry/registry/services/server_service.py&amp;quot;, line 130, in save_server_to_file\n    with open(file_path, &amp;quot;w&amp;quot;) as f:\n         ^^^^^^^^^^^^^^^^^^^^\n  File &amp;quot;/usr/local/lib/python3.12/unittest/mock.py&amp;quot;, line 1137, in __call__\n    return self._mock_call(*args, **kwargs)\n           ^^^^^^^^^^^^^^^^^^^^^^^^^^^^^^^^\n  File &amp;quot;/usr/local/lib/python3.12/unittest/mock.py&amp;quot;, line 1141, in _mock_call\n    return self._execute_mock_call(*args, **kwargs)\n           ^^^^^^^^^^^^^^^^^^^^^^^^^^^^^^^^^^^^^^^^\n  File &amp;quot;/usr/local/lib/python3.12/unittest/mock.py&amp;quot;, line 1196, in _execute_mock_call\n    raise effect\nOSError: File error\n\n&#34;}], &#34;tests/unit/servers/test_server_service.py::TestServerService::test_save_service_state&#34;: [{&#34;extras&#34;: [], &#34;result&#34;: &#34;Passed&#34;, &#34;testId&#34;: &#34;tests/unit/servers/test_server_service.py::TestServerService::test_save_service_state&#34;, &#34;duration&#34;: &#34;6 ms&#34;, &#34;resultsTableRow&#34;: [&#34;&lt;td class=\&#34;col-result\&#34;&gt;Passed&lt;/td&gt;&#34;, &#34;&lt;td class=\&#34;col-testId\&#34;&gt;tests/unit/servers/test_server_service.py::TestServerService::test_save_service_state&lt;/td&gt;&#34;, &#34;&lt;td class=\&#34;col-duration\&#34;&gt;6 ms&lt;/td&gt;&#34;, &#34;&lt;td class=\&#34;col-links\&#34;&gt;&lt;/td&gt;&#34;], &#34;log&#34;: &#34;----------------------------- Captured stderr call -----------------------------\n2025-06-08 22:19:27.680 - PID:89416 - server_service.py:115 - registry.services.server_service - INFO - Persisted state to /home/ubuntu/mcp-gateway-registry/registry/servers/server_state.json\n\n------------------------------ Captured log call -------------------------------\nINFO     registry.services.server_service:server_service.py:115 Persisted state to /home/ubuntu/mcp-gateway-registry/registry/servers/server_state.json\n\n&#34;}], &#34;tests/unit/servers/test_server_service.py::TestServerService::test_save_service_state_failure&#34;: [{&#34;extras&#34;: [], &#34;result&#34;: &#34;Passed&#34;, &#34;testId&#34;: &#34;tests/unit/servers/test_server_service.py::TestServerService::test_save_service_state_failure&#34;, &#34;duration&#34;: &#34;5 ms&#34;, &#34;resultsTableRow&#34;: [&#34;&lt;td class=\&#34;col-result\&#34;&gt;Passed&lt;/td&gt;&#34;, &#34;&lt;td class=\&#34;col-testId\&#34;&gt;tests/unit/servers/test_server_service.py::TestServerService::test_save_service_state_failure&lt;/td&gt;&#34;, &#34;&lt;td class=\&#34;col-duration\&#34;&gt;5 ms&lt;/td&gt;&#34;, &#34;&lt;td class=\&#34;col-links\&#34;&gt;&lt;/td&gt;&#34;], &#34;log&#34;: &#34;----------------------------- Captured stderr call -----------------------------\n2025-06-08 22:19:27.686 - PID:89416 - server_service.py:117 - registry.services.server_service - ERROR - ERROR: Failed to persist state to /home/ubuntu/mcp-gateway-registry/registry/servers/server_state.json: File error\n\n------------------------------ Captured log call -------------------------------\nERROR    registry.services.server_service:server_service.py:117 ERROR: Failed to persist state to /home/ubuntu/mcp-gateway-registry/registry/servers/server_state.json: File error\n\n&#34;}], &#34;tests/unit/servers/test_server_service.py::TestServerService::test_load_service_state_no_file&#34;: [{&#34;extras&#34;: [], &#34;result&#34;: &#34;Passed&#34;, &#34;testId&#34;: &#34;tests/unit/servers/test_server_service.py::TestServerService::test_load_service_state_no_file&#34;, &#34;duration&#34;: &#34;5 ms&#34;, &#34;resultsTableRow&#34;: [&#34;&lt;td class=\&#34;col-result\&#34;&gt;Passed&lt;/td&gt;&#34;, &#34;&lt;td class=\&#34;col-testId\&#34;&gt;tests/unit/servers/test_server_service.py::TestServerService::test_load_service_state_no_file&lt;/td&gt;&#34;, &#34;&lt;td class=\&#34;col-duration\&#34;&gt;5 ms&lt;/td&gt;&#34;, &#34;&lt;td class=\&#34;col-links\&#34;&gt;&lt;/td&gt;&#34;], &#34;log&#34;: &#34;----------------------------- Captured stderr call -----------------------------\n2025-06-08 22:19:27.691 - PID:89416 - server_service.py:82 - registry.services.server_service - INFO - Attempting to load persisted state from /home/ubuntu/mcp-gateway-registry/registry/servers/server_state.json...\n2025-06-08 22:19:27.691 - PID:89416 - server_service.py:93 - registry.services.server_service - INFO - Successfully loaded persisted state.\n2025-06-08 22:19:27.691 - PID:89416 - server_service.py:108 - registry.services.server_service - INFO - Initial service state loaded: {&amp;#x27;/test&amp;#x27;: False}\n\n------------------------------ Captured log call -------------------------------\nINFO     registry.services.server_service:server_service.py:82 Attempting to load persisted state from /home/ubuntu/mcp-gateway-registry/registry/servers/server_state.json...\nINFO     registry.services.server_service:server_service.py:93 Successfully loaded persisted state.\nINFO     registry.services.server_service:server_service.py:108 Initial service state loaded: {&amp;#x27;/test&amp;#x27;: False}\n\n&#34;}], &#34;tests/unit/servers/test_server_service.py::TestServerService::test_load_service_state_with_file&#34;: [{&#34;extras&#34;: [], &#34;result&#34;: &#34;Passed&#34;, &#34;testId&#34;: &#34;tests/unit/servers/test_server_service.py::TestServerService::test_load_service_state_with_file&#34;, &#34;duration&#34;: &#34;7 ms&#34;, &#34;resultsTableRow&#34;: [&#34;&lt;td class=\&#34;col-result\&#34;&gt;Passed&lt;/td&gt;&#34;, &#34;&lt;td class=\&#34;col-testId\&#34;&gt;tests/unit/servers/test_server_service.py::TestServerService::test_load_service_state_with_file&lt;/td&gt;&#34;, &#34;&lt;td class=\&#34;col-duration\&#34;&gt;7 ms&lt;/td&gt;&#34;, &#34;&lt;td class=\&#34;col-links\&#34;&gt;&lt;/td&gt;&#34;], &#34;log&#34;: &#34;----------------------------- Captured stderr call -----------------------------\n2025-06-08 22:19:27.698 - PID:89416 - server_service.py:82 - registry.services.server_service - INFO - Attempting to load persisted state from &amp;lt;MagicMock name=&amp;#x27;settings.state_file_path&amp;#x27; id=&amp;#x27;139914471879648&amp;#x27;&amp;gt;...\n2025-06-08 22:19:27.699 - PID:89416 - server_service.py:93 - registry.services.server_service - INFO - Successfully loaded persisted state.\n2025-06-08 22:19:27.699 - PID:89416 - server_service.py:108 - registry.services.server_service - INFO - Initial service state loaded: {&amp;#x27;/test&amp;#x27;: True, &amp;#x27;/test2&amp;#x27;: False}\n\n------------------------------ Captured log call -------------------------------\nINFO     registry.services.server_service:server_service.py:82 Attempting to load persisted state from &amp;lt;MagicMock name=&amp;#x27;settings.state_file_path&amp;#x27; id=&amp;#x27;139914471879648&amp;#x27;&amp;gt;...\nINFO     registry.services.server_service:server_service.py:93 Successfully loaded persisted state.\nINFO     registry.services.server_service:server_service.py:108 Initial service state loaded: {&amp;#x27;/test&amp;#x27;: True, &amp;#x27;/test2&amp;#x27;: False}\n\n&#34;}], &#34;tests/unit/servers/test_server_service.py::TestServerService::test_load_service_state_file_error&#34;: [{&#34;extras&#34;: [], &#34;result&#34;: &#34;Passed&#34;, &#34;testId&#34;: &#34;tests/unit/servers/test_server_service.py::TestServerService::test_load_service_state_file_error&#34;, &#34;duration&#34;: &#34;6 ms&#34;, &#34;resultsTableRow&#34;: [&#34;&lt;td class=\&#34;col-result\&#34;&gt;Passed&lt;/td&gt;&#34;, &#34;&lt;td class=\&#34;col-testId\&#34;&gt;tests/unit/servers/test_server_service.py::TestServerService::test_load_service_state_file_error&lt;/td&gt;&#34;, &#34;&lt;td class=\&#34;col-duration\&#34;&gt;6 ms&lt;/td&gt;&#34;, &#34;&lt;td class=\&#34;col-links\&#34;&gt;&lt;/td&gt;&#34;], &#34;log&#34;: &#34;----------------------------- Captured stderr call -----------------------------\n2025-06-08 22:19:27.705 - PID:89416 - server_service.py:82 - registry.services.server_service - INFO - Attempting to load persisted state from &amp;lt;MagicMock name=&amp;#x27;settings.state_file_path&amp;#x27; id=&amp;#x27;139914471811712&amp;#x27;&amp;gt;...\n2025-06-08 22:19:27.706 - PID:89416 - server_service.py:100 - registry.services.server_service - ERROR - Failed to read state file &amp;lt;MagicMock name=&amp;#x27;settings.state_file_path&amp;#x27; id=&amp;#x27;139914471811712&amp;#x27;&amp;gt;: File error. Initializing empty state.\nTraceback (most recent call last):\n  File &amp;quot;/home/ubuntu/mcp-gateway-registry/registry/services/server_service.py&amp;quot;, line 87, in _load_service_state\n    with open(settings.state_file_path, &amp;quot;r&amp;quot;) as f:\n         ^^^^^^^^^^^^^^^^^^^^^^^^^^^^^^^^^^^\n  File &amp;quot;/usr/local/lib/python3.12/unittest/mock.py&amp;quot;, line 1137, in __call__\n    return self._mock_call(*args, **kwargs)\n           ^^^^^^^^^^^^^^^^^^^^^^^^^^^^^^^^\n  File &amp;quot;/usr/local/lib/python3.12/unittest/mock.py&amp;quot;, line 1141, in _mock_call\n    return self._execute_mock_call(*args, **kwargs)\n           ^^^^^^^^^^^^^^^^^^^^^^^^^^^^^^^^^^^^^^^^\n  File &amp;quot;/usr/local/lib/python3.12/unittest/mock.py&amp;quot;, line 1196, in _execute_mock_call\n    raise effect\nOSError: File error\n2025-06-08 22:19:27.706 - PID:89416 - server_service.py:108 - registry.services.server_service - INFO - Initial service state loaded: {&amp;#x27;/test&amp;#x27;: False}\n\n------------------------------ Captured log call -------------------------------\nINFO     registry.services.server_service:server_service.py:82 Attempting to load persisted state from &amp;lt;MagicMock name=&amp;#x27;settings.state_file_path&amp;#x27; id=&amp;#x27;139914471811712&amp;#x27;&amp;gt;...\nERROR    registry.services.server_service:server_service.py:100 Failed to read state file &amp;lt;MagicMock name=&amp;#x27;settings.state_file_path&amp;#x27; id=&amp;#x27;139914471811712&amp;#x27;&amp;gt;: File error. Initializing empty state.\nTraceback (most recent call last):\n  File &amp;quot;/home/ubuntu/mcp-gateway-registry/registry/services/server_service.py&amp;quot;, line 87, in _load_service_state\n    with open(settings.state_file_path, &amp;quot;r&amp;quot;) as f:\n         ^^^^^^^^^^^^^^^^^^^^^^^^^^^^^^^^^^^\n  File &amp;quot;/usr/local/lib/python3.12/unittest/mock.py&amp;quot;, line 1137, in __call__\n    return self._mock_call(*args, **kwargs)\n           ^^^^^^^^^^^^^^^^^^^^^^^^^^^^^^^^\n  File &amp;quot;/usr/local/lib/python3.12/unittest/mock.py&amp;quot;, line 1141, in _mock_call\n    return self._execute_mock_call(*args, **kwargs)\n           ^^^^^^^^^^^^^^^^^^^^^^^^^^^^^^^^^^^^^^^^\n  File &amp;quot;/usr/local/lib/python3.12/unittest/mock.py&amp;quot;, line 1196, in _execute_mock_call\n    raise effect\nOSError: File error\nINFO     registry.services.server_service:server_service.py:108 Initial service state loaded: {&amp;#x27;/test&amp;#x27;: False}\n\n&#34;}], &#34;tests/unit/servers/test_server_service.py::TestServerService::test_load_service_state_json_error&#34;: [{&#34;extras&#34;: [], &#34;result&#34;: &#34;Passed&#34;, &#34;testId&#34;: &#34;tests/unit/servers/test_server_service.py::TestServerService::test_load_service_state_json_error&#34;, &#34;duration&#34;: &#34;7 ms&#34;, &#34;resultsTableRow&#34;: [&#34;&lt;td class=\&#34;col-result\&#34;&gt;Passed&lt;/td&gt;&#34;, &#34;&lt;td class=\&#34;col-testId\&#34;&gt;tests/unit/servers/test_server_service.py::TestServerService::test_load_service_state_json_error&lt;/td&gt;&#34;, &#34;&lt;td class=\&#34;col-duration\&#34;&gt;7 ms&lt;/td&gt;&#34;, &#34;&lt;td class=\&#34;col-links\&#34;&gt;&lt;/td&gt;&#34;], &#34;log&#34;: &#34;----------------------------- Captured stderr call -----------------------------\n2025-06-08 22:19:27.713 - PID:89416 - server_service.py:82 - registry.services.server_service - INFO - Attempting to load persisted state from &amp;lt;MagicMock name=&amp;#x27;settings.state_file_path&amp;#x27; id=&amp;#x27;139914470788848&amp;#x27;&amp;gt;...\n2025-06-08 22:19:27.714 - PID:89416 - server_service.py:97 - registry.services.server_service - ERROR - Could not parse JSON from &amp;lt;MagicMock name=&amp;#x27;settings.state_file_path&amp;#x27; id=&amp;#x27;139914470788848&amp;#x27;&amp;gt;: Bad JSON: line 1 column 1 (char 0). Initializing empty state.\n2025-06-08 22:19:27.714 - PID:89416 - server_service.py:108 - registry.services.server_service - INFO - Initial service state loaded: {&amp;#x27;/test&amp;#x27;: False}\n\n------------------------------ Captured log call -------------------------------\nINFO     registry.services.server_service:server_service.py:82 Attempting to load persisted state from &amp;lt;MagicMock name=&amp;#x27;settings.state_file_path&amp;#x27; id=&amp;#x27;139914470788848&amp;#x27;&amp;gt;...\nERROR    registry.services.server_service:server_service.py:97 Could not parse JSON from &amp;lt;MagicMock name=&amp;#x27;settings.state_file_path&amp;#x27; id=&amp;#x27;139914470788848&amp;#x27;&amp;gt;: Bad JSON: line 1 column 1 (char 0). Initializing empty state.\nINFO     registry.services.server_service:server_service.py:108 Initial service state loaded: {&amp;#x27;/test&amp;#x27;: False}\n\n&#34;}], &#34;tests/unit/servers/test_server_service.py::TestServerService::test_load_servers_and_state_empty_directory&#34;: [{&#34;extras&#34;: [], &#34;result&#34;: &#34;Passed&#34;, &#34;testId&#34;: &#34;tests/unit/servers/test_server_service.py::TestServerService::test_load_servers_and_state_empty_directory&#34;, &#34;duration&#34;: &#34;5 ms&#34;, &#34;resultsTableRow&#34;: [&#34;&lt;td class=\&#34;col-result\&#34;&gt;Passed&lt;/td&gt;&#34;, &#34;&lt;td class=\&#34;col-testId\&#34;&gt;tests/unit/servers/test_server_service.py::TestServerService::test_load_servers_and_state_empty_directory&lt;/td&gt;&#34;, &#34;&lt;td class=\&#34;col-duration\&#34;&gt;5 ms&lt;/td&gt;&#34;, &#34;&lt;td class=\&#34;col-links\&#34;&gt;&lt;/td&gt;&#34;], &#34;log&#34;: &#34;----------------------------- Captured stderr call -----------------------------\n2025-06-08 22:19:27.720 - PID:89416 - server_service.py:21 - registry.services.server_service - INFO - Loading server definitions from &amp;lt;Mock name=&amp;#x27;settings.servers_dir&amp;#x27; id=&amp;#x27;139914470828096&amp;#x27;&amp;gt;...\n2025-06-08 22:19:27.720 - PID:89416 - server_service.py:28 - registry.services.server_service - INFO - Found 0 JSON files in &amp;lt;Mock name=&amp;#x27;settings.servers_dir&amp;#x27; id=&amp;#x27;139914470828096&amp;#x27;&amp;gt; and its subdirectories\n2025-06-08 22:19:27.720 - PID:89416 - server_service.py:34 - registry.services.server_service - WARNING - No server definition files found in &amp;lt;Mock name=&amp;#x27;settings.servers_dir&amp;#x27; id=&amp;#x27;139914470828096&amp;#x27;&amp;gt;. Initializing empty registry.\n2025-06-08 22:19:27.720 - PID:89416 - server_service.py:75 - registry.services.server_service - INFO - Successfully loaded 0 server definitions.\n\n------------------------------ Captured log call -------------------------------\nINFO     registry.services.server_service:server_service.py:21 Loading server definitions from &amp;lt;Mock name=&amp;#x27;settings.servers_dir&amp;#x27; id=&amp;#x27;139914470828096&amp;#x27;&amp;gt;...\nINFO     registry.services.server_service:server_service.py:28 Found 0 JSON files in &amp;lt;Mock name=&amp;#x27;settings.servers_dir&amp;#x27; id=&amp;#x27;139914470828096&amp;#x27;&amp;gt; and its subdirectories\nWARNING  registry.services.server_service:server_service.py:34 No server definition files found in &amp;lt;Mock name=&amp;#x27;settings.servers_dir&amp;#x27; id=&amp;#x27;139914470828096&amp;#x27;&amp;gt;. Initializing empty registry.\nINFO     registry.services.server_service:server_service.py:75 Successfully loaded 0 server definitions.\n\n&#34;}], &#34;tests/unit/servers/test_server_service.py::TestServerService::test_load_servers_and_state_with_servers&#34;: [{&#34;extras&#34;: [], &#34;result&#34;: &#34;Passed&#34;, &#34;testId&#34;: &#34;tests/unit/servers/test_server_service.py::TestServerService::test_load_servers_and_state_with_servers&#34;, &#34;duration&#34;: &#34;7 ms&#34;, &#34;resultsTableRow&#34;: [&#34;&lt;td class=\&#34;col-result\&#34;&gt;Passed&lt;/td&gt;&#34;, &#34;&lt;td class=\&#34;col-testId\&#34;&gt;tests/unit/servers/test_server_service.py::TestServerService::test_load_servers_and_state_with_servers&lt;/td&gt;&#34;, &#34;&lt;td class=\&#34;col-duration\&#34;&gt;7 ms&lt;/td&gt;&#34;, &#34;&lt;td class=\&#34;col-links\&#34;&gt;&lt;/td&gt;&#34;], &#34;log&#34;: &#34;----------------------------- Captured stderr call -----------------------------\n2025-06-08 22:19:27.726 - PID:89416 - server_service.py:21 - registry.services.server_service - INFO - Loading server definitions from /home/ubuntu/mcp-gateway-registry/tests/fixtures/servers...\n2025-06-08 22:19:27.727 - PID:89416 - server_service.py:28 - registry.services.server_service - INFO - Found 4 JSON files in /home/ubuntu/mcp-gateway-registry/tests/fixtures/servers and its subdirectories\n2025-06-08 22:19:27.727 - PID:89416 - server_service.py:31 - registry.services.server_service - INFO - [DEBUG] - test_server_2.json\n2025-06-08 22:19:27.728 - PID:89416 - server_service.py:31 - registry.services.server_service - INFO - [DEBUG] - currenttime.json\n2025-06-08 22:19:27.728 - PID:89416 - server_service.py:31 - registry.services.server_service - INFO - [DEBUG] - test_server_1.json\n2025-06-08 22:19:27.728 - PID:89416 - server_service.py:31 - registry.services.server_service - INFO - [DEBUG] - auth_server.json\n2025-06-08 22:19:27.728 - PID:89416 - server_service.py:66 - registry.services.server_service - WARNING - Invalid server entry format found in /home/ubuntu/mcp-gateway-registry/tests/fixtures/servers/auth_server.json. Skipping.\n2025-06-08 22:19:27.728 - PID:89416 - server_service.py:75 - registry.services.server_service - INFO - Successfully loaded 3 server definitions.\n\n------------------------------ Captured log call -------------------------------\nINFO     registry.services.server_service:server_service.py:21 Loading server definitions from /home/ubuntu/mcp-gateway-registry/tests/fixtures/servers...\nINFO     registry.services.server_service:server_service.py:28 Found 4 JSON files in /home/ubuntu/mcp-gateway-registry/tests/fixtures/servers and its subdirectories\nINFO     registry.services.server_service:server_service.py:31 [DEBUG] - test_server_2.json\nINFO     registry.services.server_service:server_service.py:31 [DEBUG] - currenttime.json\nINFO     registry.services.server_service:server_service.py:31 [DEBUG] - test_server_1.json\nINFO     registry.services.server_service:server_service.py:31 [DEBUG] - auth_server.json\nWARNING  registry.services.server_service:server_service.py:66 Invalid server entry format found in /home/ubuntu/mcp-gateway-registry/tests/fixtures/servers/auth_server.json. Skipping.\nINFO     registry.services.server_service:server_service.py:75 Successfully loaded 3 server definitions.\n\n&#34;}], &#34;tests/unit/servers/test_server_service.py::TestServerService::test_load_servers_and_state_file_error&#34;: [{&#34;extras&#34;: [], &#34;result&#34;: &#34;Passed&#34;, &#34;testId&#34;: &#34;tests/unit/servers/test_server_service.py::TestServerService::test_load_servers_and_state_file_error&#34;, &#34;duration&#34;: &#34;6 ms&#34;, &#34;resultsTableRow&#34;: [&#34;&lt;td class=\&#34;col-result\&#34;&gt;Passed&lt;/td&gt;&#34;, &#34;&lt;td class=\&#34;col-testId\&#34;&gt;tests/unit/servers/test_server_service.py::TestServerService::test_load_servers_and_state_file_error&lt;/td&gt;&#34;, &#34;&lt;td class=\&#34;col-duration\&#34;&gt;6 ms&lt;/td&gt;&#34;, &#34;&lt;td class=\&#34;col-links\&#34;&gt;&lt;/td&gt;&#34;], &#34;log&#34;: &#34;----------------------------- Captured stderr call -----------------------------\n2025-06-08 22:19:27.734 - PID:89416 - server_service.py:21 - registry.services.server_service - INFO - Loading server definitions from &amp;lt;Mock name=&amp;#x27;settings.servers_dir&amp;#x27; id=&amp;#x27;139914470879024&amp;#x27;&amp;gt;...\n2025-06-08 22:19:27.734 - PID:89416 - server_service.py:28 - registry.services.server_service - INFO - Found 1 JSON files in &amp;lt;Mock name=&amp;#x27;settings.servers_dir&amp;#x27; id=&amp;#x27;139914470879024&amp;#x27;&amp;gt; and its subdirectories\n2025-06-08 22:19:27.735 - PID:89416 - server_service.py:31 - registry.services.server_service - INFO - [DEBUG] - bad.json\n2025-06-08 22:19:27.735 - PID:89416 - server_service.py:72 - registry.services.server_service - ERROR - An unexpected error occurred loading &amp;lt;Mock id=&amp;#x27;139914470827904&amp;#x27;&amp;gt;: File error\nTraceback (most recent call last):\n  File &amp;quot;/home/ubuntu/mcp-gateway-registry/registry/services/server_service.py&amp;quot;, line 42, in load_servers_and_state\n    with open(server_file, &amp;quot;r&amp;quot;) as f:\n         ^^^^^^^^^^^^^^^^^^^^^^\n  File &amp;quot;/usr/local/lib/python3.12/unittest/mock.py&amp;quot;, line 1137, in __call__\n    return self._mock_call(*args, **kwargs)\n           ^^^^^^^^^^^^^^^^^^^^^^^^^^^^^^^^\n  File &amp;quot;/usr/local/lib/python3.12/unittest/mock.py&amp;quot;, line 1141, in _mock_call\n    return self._execute_mock_call(*args, **kwargs)\n           ^^^^^^^^^^^^^^^^^^^^^^^^^^^^^^^^^^^^^^^^\n  File &amp;quot;/usr/local/lib/python3.12/unittest/mock.py&amp;quot;, line 1196, in _execute_mock_call\n    raise effect\nOSError: File error\n2025-06-08 22:19:27.735 - PID:89416 - server_service.py:75 - registry.services.server_service - INFO - Successfully loaded 0 server definitions.\n\n------------------------------ Captured log call -------------------------------\nINFO     registry.services.server_service:server_service.py:21 Loading server definitions from &amp;lt;Mock name=&amp;#x27;settings.servers_dir&amp;#x27; id=&amp;#x27;139914470879024&amp;#x27;&amp;gt;...\nINFO     registry.services.server_service:server_service.py:28 Found 1 JSON files in &amp;lt;Mock name=&amp;#x27;settings.servers_dir&amp;#x27; id=&amp;#x27;139914470879024&amp;#x27;&amp;gt; and its subdirectories\nINFO     registry.services.server_service:server_service.py:31 [DEBUG] - bad.json\nERROR    registry.services.server_service:server_service.py:72 An unexpected error occurred loading &amp;lt;Mock id=&amp;#x27;139914470827904&amp;#x27;&amp;gt;: File error\nTraceback (most recent call last):\n  File &amp;quot;/home/ubuntu/mcp-gateway-registry/registry/services/server_service.py&amp;quot;, line 42, in load_servers_and_state\n    with open(server_file, &amp;quot;r&amp;quot;) as f:\n         ^^^^^^^^^^^^^^^^^^^^^^\n  File &amp;quot;/usr/local/lib/python3.12/unittest/mock.py&amp;quot;, line 1137, in __call__\n    return self._mock_call(*args, **kwargs)\n           ^^^^^^^^^^^^^^^^^^^^^^^^^^^^^^^^\n  File &amp;quot;/usr/local/lib/python3.12/unittest/mock.py&amp;quot;, line 1141, in _mock_call\n    return self._execute_mock_call(*args, **kwargs)\n           ^^^^^^^^^^^^^^^^^^^^^^^^^^^^^^^^^^^^^^^^\n  File &amp;quot;/usr/local/lib/python3.12/unittest/mock.py&amp;quot;, line 1196, in _execute_mock_call\n    raise effect\nOSError: File error\nINFO     registry.services.server_service:server_service.py:75 Successfully loaded 0 server definitions.\n\n&#34;}], &#34;tests/unit/servers/test_server_service.py::TestServerService::test_load_servers_and_state_json_error&#34;: [{&#34;extras&#34;: [], &#34;result&#34;: &#34;Passed&#34;, &#34;testId&#34;: &#34;tests/unit/servers/test_server_service.py::TestServerService::test_load_servers_and_state_json_error&#34;, &#34;duration&#34;: &#34;8 ms&#34;, &#34;resultsTableRow&#34;: [&#34;&lt;td class=\&#34;col-result\&#34;&gt;Passed&lt;/td&gt;&#34;, &#34;&lt;td class=\&#34;col-testId\&#34;&gt;tests/unit/servers/test_server_service.py::TestServerService::test_load_servers_and_state_json_error&lt;/td&gt;&#34;, &#34;&lt;td class=\&#34;col-duration\&#34;&gt;8 ms&lt;/td&gt;&#34;, &#34;&lt;td class=\&#34;col-links\&#34;&gt;&lt;/td&gt;&#34;], &#34;log&#34;: &#34;----------------------------- Captured stderr call -----------------------------\n2025-06-08 22:19:27.743 - PID:89416 - server_service.py:21 - registry.services.server_service - INFO - Loading server definitions from &amp;lt;Mock name=&amp;#x27;settings.servers_dir&amp;#x27; id=&amp;#x27;139914470878304&amp;#x27;&amp;gt;...\n2025-06-08 22:19:27.743 - PID:89416 - server_service.py:28 - registry.services.server_service - INFO - Found 1 JSON files in &amp;lt;Mock name=&amp;#x27;settings.servers_dir&amp;#x27; id=&amp;#x27;139914470878304&amp;#x27;&amp;gt; and its subdirectories\n2025-06-08 22:19:27.743 - PID:89416 - server_service.py:31 - registry.services.server_service - INFO - [DEBUG] - invalid.json\n2025-06-08 22:19:27.743 - PID:89416 - server_service.py:70 - registry.services.server_service - ERROR - Could not parse JSON from &amp;lt;Mock id=&amp;#x27;139914470879024&amp;#x27;&amp;gt;: Bad JSON: line 1 column 1 (char 0).\n2025-06-08 22:19:27.744 - PID:89416 - server_service.py:75 - registry.services.server_service - INFO - Successfully loaded 0 server definitions.\n\n------------------------------ Captured log call -------------------------------\nINFO     registry.services.server_service:server_service.py:21 Loading server definitions from &amp;lt;Mock name=&amp;#x27;settings.servers_dir&amp;#x27; id=&amp;#x27;139914470878304&amp;#x27;&amp;gt;...\nINFO     registry.services.server_service:server_service.py:28 Found 1 JSON files in &amp;lt;Mock name=&amp;#x27;settings.servers_dir&amp;#x27; id=&amp;#x27;139914470878304&amp;#x27;&amp;gt; and its subdirectories\nINFO     registry.services.server_service:server_service.py:31 [DEBUG] - invalid.json\nERROR    registry.services.server_service:server_service.py:70 Could not parse JSON from &amp;lt;Mock id=&amp;#x27;139914470879024&amp;#x27;&amp;gt;: Bad JSON: line 1 column 1 (char 0).\nINFO     registry.services.server_service:server_service.py:75 Successfully loaded 0 server definitions.\n\n&#34;}], &#34;tests/unit/servers/test_server_service.py::TestServerService::test_load_servers_and_state_missing_path&#34;: [{&#34;extras&#34;: [], &#34;result&#34;: &#34;Passed&#34;, &#34;testId&#34;: &#34;tests/unit/servers/test_server_service.py::TestServerService::test_load_servers_and_state_missing_path&#34;, &#34;duration&#34;: &#34;7 ms&#34;, &#34;resultsTableRow&#34;: [&#34;&lt;td class=\&#34;col-result\&#34;&gt;Passed&lt;/td&gt;&#34;, &#34;&lt;td class=\&#34;col-testId\&#34;&gt;tests/unit/servers/test_server_service.py::TestServerService::test_load_servers_and_state_missing_path&lt;/td&gt;&#34;, &#34;&lt;td class=\&#34;col-duration\&#34;&gt;7 ms&lt;/td&gt;&#34;, &#34;&lt;td class=\&#34;col-links\&#34;&gt;&lt;/td&gt;&#34;], &#34;log&#34;: &#34;----------------------------- Captured stderr call -----------------------------\n2025-06-08 22:19:27.751 - PID:89416 - server_service.py:21 - registry.services.server_service - INFO - Loading server definitions from &amp;lt;Mock name=&amp;#x27;settings.servers_dir&amp;#x27; id=&amp;#x27;139914471287472&amp;#x27;&amp;gt;...\n2025-06-08 22:19:27.751 - PID:89416 - server_service.py:28 - registry.services.server_service - INFO - Found 1 JSON files in &amp;lt;Mock name=&amp;#x27;settings.servers_dir&amp;#x27; id=&amp;#x27;139914471287472&amp;#x27;&amp;gt; and its subdirectories\n2025-06-08 22:19:27.751 - PID:89416 - server_service.py:31 - registry.services.server_service - INFO - [DEBUG] - nopath.json\n2025-06-08 22:19:27.751 - PID:89416 - server_service.py:66 - registry.services.server_service - WARNING - Invalid server entry format found in &amp;lt;Mock id=&amp;#x27;139914888187824&amp;#x27;&amp;gt;. Skipping.\n2025-06-08 22:19:27.751 - PID:89416 - server_service.py:75 - registry.services.server_service - INFO - Successfully loaded 0 server definitions.\n\n------------------------------ Captured log call -------------------------------\nINFO     registry.services.server_service:server_service.py:21 Loading server definitions from &amp;lt;Mock name=&amp;#x27;settings.servers_dir&amp;#x27; id=&amp;#x27;139914471287472&amp;#x27;&amp;gt;...\nINFO     registry.services.server_service:server_service.py:28 Found 1 JSON files in &amp;lt;Mock name=&amp;#x27;settings.servers_dir&amp;#x27; id=&amp;#x27;139914471287472&amp;#x27;&amp;gt; and its subdirectories\nINFO     registry.services.server_service:server_service.py:31 [DEBUG] - nopath.json\nWARNING  registry.services.server_service:server_service.py:66 Invalid server entry format found in &amp;lt;Mock id=&amp;#x27;139914888187824&amp;#x27;&amp;gt;. Skipping.\nINFO     registry.services.server_service:server_service.py:75 Successfully loaded 0 server definitions.\n\n&#34;}], &#34;tests/unit/servers/test_server_service.py::TestServerService::test_load_servers_and_state_directory_not_exists&#34;: [{&#34;extras&#34;: [], &#34;result&#34;: &#34;Passed&#34;, &#34;testId&#34;: &#34;tests/unit/servers/test_server_service.py::TestServerService::test_load_servers_and_state_directory_not_exists&#34;, &#34;duration&#34;: &#34;6 ms&#34;, &#34;resultsTableRow&#34;: [&#34;&lt;td class=\&#34;col-result\&#34;&gt;Passed&lt;/td&gt;&#34;, &#34;&lt;td class=\&#34;col-testId\&#34;&gt;tests/unit/servers/test_server_service.py::TestServerService::test_load_servers_and_state_directory_not_exists&lt;/td&gt;&#34;, &#34;&lt;td class=\&#34;col-duration\&#34;&gt;6 ms&lt;/td&gt;&#34;, &#34;&lt;td class=\&#34;col-links\&#34;&gt;&lt;/td&gt;&#34;], &#34;log&#34;: &#34;----------------------------- Captured stderr call -----------------------------\n2025-06-08 22:19:27.757 - PID:89416 - server_service.py:21 - registry.services.server_service - INFO - Loading server definitions from &amp;lt;Mock name=&amp;#x27;settings.servers_dir&amp;#x27; id=&amp;#x27;139914473148240&amp;#x27;&amp;gt;...\n2025-06-08 22:19:27.757 - PID:89416 - server_service.py:28 - registry.services.server_service - INFO - Found 0 JSON files in &amp;lt;Mock name=&amp;#x27;settings.servers_dir&amp;#x27; id=&amp;#x27;139914473148240&amp;#x27;&amp;gt; and its subdirectories\n2025-06-08 22:19:27.757 - PID:89416 - server_service.py:34 - registry.services.server_service - WARNING - No server definition files found in &amp;lt;Mock name=&amp;#x27;settings.servers_dir&amp;#x27; id=&amp;#x27;139914473148240&amp;#x27;&amp;gt;. Initializing empty registry.\n2025-06-08 22:19:27.757 - PID:89416 - server_service.py:75 - registry.services.server_service - INFO - Successfully loaded 0 server definitions.\n\n------------------------------ Captured log call -------------------------------\nINFO     registry.services.server_service:server_service.py:21 Loading server definitions from &amp;lt;Mock name=&amp;#x27;settings.servers_dir&amp;#x27; id=&amp;#x27;139914473148240&amp;#x27;&amp;gt;...\nINFO     registry.services.server_service:server_service.py:28 Found 0 JSON files in &amp;lt;Mock name=&amp;#x27;settings.servers_dir&amp;#x27; id=&amp;#x27;139914473148240&amp;#x27;&amp;gt; and its subdirectories\nWARNING  registry.services.server_service:server_service.py:34 No server definition files found in &amp;lt;Mock name=&amp;#x27;settings.servers_dir&amp;#x27; id=&amp;#x27;139914473148240&amp;#x27;&amp;gt;. Initializing empty registry.\nINFO     registry.services.server_service:server_service.py:75 Successfully loaded 0 server definitions.\n\n&#34;}]}, &#34;renderCollapsed&#34;: [&#34;passed&#34;], &#34;initialSort&#34;: &#34;result&#34;, &#34;title&#34;: &#34;report.html&#34;}"></div>
    <script>
      (function(){function r(e,n,t){function o(i,f){if(!n[i]){if(!e[i]){var c="function"==typeof require&&require;if(!f&&c)return c(i,!0);if(u)return u(i,!0);var a=new Error("Cannot find module '"+i+"'");throw a.code="MODULE_NOT_FOUND",a}var p=n[i]={exports:{}};e[i][0].call(p.exports,function(r){var n=e[i][1][r];return o(n||r)},p,p.exports,r,e,n,t)}return n[i].exports}for(var u="function"==typeof require&&require,i=0;i<t.length;i++)o(t[i]);return o}return r})()({1:[function(require,module,exports){
const { getCollapsedCategory, setCollapsedIds } = require('./storage.js')

class DataManager {
    setManager(data) {
        const collapsedCategories = [...getCollapsedCategory(data.renderCollapsed)]
        const collapsedIds = []
        const tests = Object.values(data.tests).flat().map((test, index) => {
            const collapsed = collapsedCategories.includes(test.result.toLowerCase())
            const id = `test_${index}`
            if (collapsed) {
                collapsedIds.push(id)
            }
            return {
                ...test,
                id,
                collapsed,
            }
        })
        const dataBlob = { ...data, tests }
        this.data = { ...dataBlob }
        this.renderData = { ...dataBlob }
        setCollapsedIds(collapsedIds)
    }

    get allData() {
        return { ...this.data }
    }

    resetRender() {
        this.renderData = { ...this.data }
    }

    setRender(data) {
        this.renderData.tests = [...data]
    }

    toggleCollapsedItem(id) {
        this.renderData.tests = this.renderData.tests.map((test) =>
            test.id === id ? { ...test, collapsed: !test.collapsed } : test,
        )
    }

    set allCollapsed(collapsed) {
        this.renderData = { ...this.renderData, tests: [...this.renderData.tests.map((test) => (
            { ...test, collapsed }
        ))] }
    }

    get testSubset() {
        return [...this.renderData.tests]
    }

    get environment() {
        return this.renderData.environment
    }

    get initialSort() {
        return this.data.initialSort
    }
}

module.exports = {
    manager: new DataManager(),
}

},{"./storage.js":8}],2:[function(require,module,exports){
const mediaViewer = require('./mediaviewer.js')
const templateEnvRow = document.getElementById('template_environment_row')
const templateResult = document.getElementById('template_results-table__tbody')

function htmlToElements(html) {
    const temp = document.createElement('template')
    temp.innerHTML = html
    return temp.content.childNodes
}

const find = (selector, elem) => {
    if (!elem) {
        elem = document
    }
    return elem.querySelector(selector)
}

const findAll = (selector, elem) => {
    if (!elem) {
        elem = document
    }
    return [...elem.querySelectorAll(selector)]
}

const dom = {
    getStaticRow: (key, value) => {
        const envRow = templateEnvRow.content.cloneNode(true)
        const isObj = typeof value === 'object' && value !== null
        const values = isObj ? Object.keys(value).map((k) => `${k}: ${value[k]}`) : null

        const valuesElement = htmlToElements(
            values ? `<ul>${values.map((val) => `<li>${val}</li>`).join('')}<ul>` : `<div>${value}</div>`)[0]
        const td = findAll('td', envRow)
        td[0].textContent = key
        td[1].appendChild(valuesElement)

        return envRow
    },
    getResultTBody: ({ testId, id, log, extras, resultsTableRow, tableHtml, result, collapsed }) => {
        const resultBody = templateResult.content.cloneNode(true)
        resultBody.querySelector('tbody').classList.add(result.toLowerCase())
        resultBody.querySelector('tbody').id = testId
        resultBody.querySelector('.collapsible').dataset.id = id

        resultsTableRow.forEach((html) => {
            const t = document.createElement('template')
            t.innerHTML = html
            resultBody.querySelector('.collapsible').appendChild(t.content)
        })

        if (log) {
            // Wrap lines starting with "E" with span.error to color those lines red
            const wrappedLog = log.replace(/^E.*$/gm, (match) => `<span class="error">${match}</span>`)
            resultBody.querySelector('.log').innerHTML = wrappedLog
        } else {
            resultBody.querySelector('.log').remove()
        }

        if (collapsed) {
            resultBody.querySelector('.collapsible > td')?.classList.add('collapsed')
            resultBody.querySelector('.extras-row').classList.add('hidden')
        } else {
            resultBody.querySelector('.collapsible > td')?.classList.remove('collapsed')
        }

        const media = []
        extras?.forEach(({ name, format_type, content }) => {
            if (['image', 'video'].includes(format_type)) {
                media.push({ path: content, name, format_type })
            }

            if (format_type === 'html') {
                resultBody.querySelector('.extraHTML').insertAdjacentHTML('beforeend', `<div>${content}</div>`)
            }
        })
        mediaViewer.setup(resultBody, media)

        // Add custom html from the pytest_html_results_table_html hook
        tableHtml?.forEach((item) => {
            resultBody.querySelector('td[class="extra"]').insertAdjacentHTML('beforeend', item)
        })

        return resultBody
    },
}

module.exports = {
    dom,
    htmlToElements,
    find,
    findAll,
}

},{"./mediaviewer.js":6}],3:[function(require,module,exports){
const { manager } = require('./datamanager.js')
const { doSort } = require('./sort.js')
const storageModule = require('./storage.js')

const getFilteredSubSet = (filter) =>
    manager.allData.tests.filter(({ result }) => filter.includes(result.toLowerCase()))

const doInitFilter = () => {
    const currentFilter = storageModule.getVisible()
    const filteredSubset = getFilteredSubSet(currentFilter)
    manager.setRender(filteredSubset)
}

const doFilter = (type, show) => {
    if (show) {
        storageModule.showCategory(type)
    } else {
        storageModule.hideCategory(type)
    }

    const currentFilter = storageModule.getVisible()
    const filteredSubset = getFilteredSubSet(currentFilter)
    manager.setRender(filteredSubset)

    const sortColumn = storageModule.getSort()
    doSort(sortColumn, true)
}

module.exports = {
    doFilter,
    doInitFilter,
}

},{"./datamanager.js":1,"./sort.js":7,"./storage.js":8}],4:[function(require,module,exports){
const { redraw, bindEvents, renderStatic } = require('./main.js')
const { doInitFilter } = require('./filter.js')
const { doInitSort } = require('./sort.js')
const { manager } = require('./datamanager.js')
const data = JSON.parse(document.getElementById('data-container').dataset.jsonblob)

function init() {
    manager.setManager(data)
    doInitFilter()
    doInitSort()
    renderStatic()
    redraw()
    bindEvents()
}

init()

},{"./datamanager.js":1,"./filter.js":3,"./main.js":5,"./sort.js":7}],5:[function(require,module,exports){
const { dom, find, findAll } = require('./dom.js')
const { manager } = require('./datamanager.js')
const { doSort } = require('./sort.js')
const { doFilter } = require('./filter.js')
const {
    getVisible,
    getCollapsedIds,
    setCollapsedIds,
    getSort,
    getSortDirection,
    possibleFilters,
} = require('./storage.js')

const removeChildren = (node) => {
    while (node.firstChild) {
        node.removeChild(node.firstChild)
    }
}

const renderStatic = () => {
    const renderEnvironmentTable = () => {
        const environment = manager.environment
        const rows = Object.keys(environment).map((key) => dom.getStaticRow(key, environment[key]))
        const table = document.getElementById('environment')
        removeChildren(table)
        rows.forEach((row) => table.appendChild(row))
    }
    renderEnvironmentTable()
}

const addItemToggleListener = (elem) => {
    elem.addEventListener('click', ({ target }) => {
        const id = target.parentElement.dataset.id
        manager.toggleCollapsedItem(id)

        const collapsedIds = getCollapsedIds()
        if (collapsedIds.includes(id)) {
            const updated = collapsedIds.filter((item) => item !== id)
            setCollapsedIds(updated)
        } else {
            collapsedIds.push(id)
            setCollapsedIds(collapsedIds)
        }
        redraw()
    })
}

const renderContent = (tests) => {
    const sortAttr = getSort(manager.initialSort)
    const sortAsc = JSON.parse(getSortDirection())
    const rows = tests.map(dom.getResultTBody)
    const table = document.getElementById('results-table')
    const tableHeader = document.getElementById('results-table-head')

    const newTable = document.createElement('table')
    newTable.id = 'results-table'

    // remove all sorting classes and set the relevant
    findAll('.sortable', tableHeader).forEach((elem) => elem.classList.remove('asc', 'desc'))
    tableHeader.querySelector(`.sortable[data-column-type="${sortAttr}"]`)?.classList.add(sortAsc ? 'desc' : 'asc')
    newTable.appendChild(tableHeader)

    if (!rows.length) {
        const emptyTable = document.getElementById('template_results-table__body--empty').content.cloneNode(true)
        newTable.appendChild(emptyTable)
    } else {
        rows.forEach((row) => {
            if (!!row) {
                findAll('.collapsible td:not(.col-links', row).forEach(addItemToggleListener)
                find('.logexpander', row).addEventListener('click',
                    (evt) => evt.target.parentNode.classList.toggle('expanded'),
                )
                newTable.appendChild(row)
            }
        })
    }

    table.replaceWith(newTable)
}

const renderDerived = () => {
    const currentFilter = getVisible()
    possibleFilters.forEach((result) => {
        const input = document.querySelector(`input[data-test-result="${result}"]`)
        input.checked = currentFilter.includes(result)
    })
}

const bindEvents = () => {
    const filterColumn = (evt) => {
        const { target: element } = evt
        const { testResult } = element.dataset

        doFilter(testResult, element.checked)
        const collapsedIds = getCollapsedIds()
        const updated = manager.renderData.tests.map((test) => {
            return {
                ...test,
                collapsed: collapsedIds.includes(test.id),
            }
        })
        manager.setRender(updated)
        redraw()
    }

    const header = document.getElementById('environment-header')
    header.addEventListener('click', () => {
        const table = document.getElementById('environment')
        table.classList.toggle('hidden')
        header.classList.toggle('collapsed')
    })

    findAll('input[name="filter_checkbox"]').forEach((elem) => {
        elem.addEventListener('click', filterColumn)
    })

    findAll('.sortable').forEach((elem) => {
        elem.addEventListener('click', (evt) => {
            const { target: element } = evt
            const { columnType } = element.dataset
            doSort(columnType)
            redraw()
        })
    })

    document.getElementById('show_all_details').addEventListener('click', () => {
        manager.allCollapsed = false
        setCollapsedIds([])
        redraw()
    })
    document.getElementById('hide_all_details').addEventListener('click', () => {
        manager.allCollapsed = true
        const allIds = manager.renderData.tests.map((test) => test.id)
        setCollapsedIds(allIds)
        redraw()
    })
}

const redraw = () => {
    const { testSubset } = manager

    renderContent(testSubset)
    renderDerived()
}

module.exports = {
    redraw,
    bindEvents,
    renderStatic,
}

},{"./datamanager.js":1,"./dom.js":2,"./filter.js":3,"./sort.js":7,"./storage.js":8}],6:[function(require,module,exports){
class MediaViewer {
    constructor(assets) {
        this.assets = assets
        this.index = 0
    }

    nextActive() {
        this.index = this.index === this.assets.length - 1 ? 0 : this.index + 1
        return [this.activeFile, this.index]
    }

    prevActive() {
        this.index = this.index === 0 ? this.assets.length - 1 : this.index -1
        return [this.activeFile, this.index]
    }

    get currentIndex() {
        return this.index
    }

    get activeFile() {
        return this.assets[this.index]
    }
}


const setup = (resultBody, assets) => {
    if (!assets.length) {
        resultBody.querySelector('.media').classList.add('hidden')
        return
    }

    const mediaViewer = new MediaViewer(assets)
    const container = resultBody.querySelector('.media-container')
    const leftArrow = resultBody.querySelector('.media-container__nav--left')
    const rightArrow = resultBody.querySelector('.media-container__nav--right')
    const mediaName = resultBody.querySelector('.media__name')
    const counter = resultBody.querySelector('.media__counter')
    const imageEl = resultBody.querySelector('img')
    const sourceEl = resultBody.querySelector('source')
    const videoEl = resultBody.querySelector('video')

    const setImg = (media, index) => {
        if (media?.format_type === 'image') {
            imageEl.src = media.path

            imageEl.classList.remove('hidden')
            videoEl.classList.add('hidden')
        } else if (media?.format_type === 'video') {
            sourceEl.src = media.path

            videoEl.classList.remove('hidden')
            imageEl.classList.add('hidden')
        }

        mediaName.innerText = media?.name
        counter.innerText = `${index + 1} / ${assets.length}`
    }
    setImg(mediaViewer.activeFile, mediaViewer.currentIndex)

    const moveLeft = () => {
        const [media, index] = mediaViewer.prevActive()
        setImg(media, index)
    }
    const doRight = () => {
        const [media, index] = mediaViewer.nextActive()
        setImg(media, index)
    }
    const openImg = () => {
        window.open(mediaViewer.activeFile.path, '_blank')
    }
    if (assets.length === 1) {
        container.classList.add('media-container--fullscreen')
    } else {
        leftArrow.addEventListener('click', moveLeft)
        rightArrow.addEventListener('click', doRight)
    }
    imageEl.addEventListener('click', openImg)
}

module.exports = {
    setup,
}

},{}],7:[function(require,module,exports){
const { manager } = require('./datamanager.js')
const storageModule = require('./storage.js')

const genericSort = (list, key, ascending, customOrder) => {
    let sorted
    if (customOrder) {
        sorted = list.sort((a, b) => {
            const aValue = a.result.toLowerCase()
            const bValue = b.result.toLowerCase()

            const aIndex = customOrder.findIndex((item) => item.toLowerCase() === aValue)
            const bIndex = customOrder.findIndex((item) => item.toLowerCase() === bValue)

            // Compare the indices to determine the sort order
            return aIndex - bIndex
        })
    } else {
        sorted = list.sort((a, b) => a[key] === b[key] ? 0 : a[key] > b[key] ? 1 : -1)
    }

    if (ascending) {
        sorted.reverse()
    }
    return sorted
}

const durationSort = (list, ascending) => {
    const parseDuration = (duration) => {
        if (duration.includes(':')) {
            // If it's in the format "HH:mm:ss"
            const [hours, minutes, seconds] = duration.split(':').map(Number)
            return (hours * 3600 + minutes * 60 + seconds) * 1000
        } else {
            // If it's in the format "nnn ms"
            return parseInt(duration)
        }
    }
    const sorted = list.sort((a, b) => parseDuration(a['duration']) - parseDuration(b['duration']))
    if (ascending) {
        sorted.reverse()
    }
    return sorted
}

const doInitSort = () => {
    const type = storageModule.getSort(manager.initialSort)
    const ascending = storageModule.getSortDirection()
    const list = manager.testSubset
    const initialOrder = ['Error', 'Failed', 'Rerun', 'XFailed', 'XPassed', 'Skipped', 'Passed']

    storageModule.setSort(type)
    storageModule.setSortDirection(ascending)

    if (type?.toLowerCase() === 'original') {
        manager.setRender(list)
    } else {
        let sortedList
        switch (type) {
        case 'duration':
            sortedList = durationSort(list, ascending)
            break
        case 'result':
            sortedList = genericSort(list, type, ascending, initialOrder)
            break
        default:
            sortedList = genericSort(list, type, ascending)
            break
        }
        manager.setRender(sortedList)
    }
}

const doSort = (type, skipDirection) => {
    const newSortType = storageModule.getSort(manager.initialSort) !== type
    const currentAsc = storageModule.getSortDirection()
    let ascending
    if (skipDirection) {
        ascending = currentAsc
    } else {
        ascending = newSortType ? false : !currentAsc
    }
    storageModule.setSort(type)
    storageModule.setSortDirection(ascending)

    const list = manager.testSubset
    const sortedList = type === 'duration' ? durationSort(list, ascending) : genericSort(list, type, ascending)
    manager.setRender(sortedList)
}

module.exports = {
    doInitSort,
    doSort,
}

},{"./datamanager.js":1,"./storage.js":8}],8:[function(require,module,exports){
const possibleFilters = [
    'passed',
    'skipped',
    'failed',
    'error',
    'xfailed',
    'xpassed',
    'rerun',
]

const getVisible = () => {
    const url = new URL(window.location.href)
    const settings = new URLSearchParams(url.search).get('visible')
    const lower = (item) => {
        const lowerItem = item.toLowerCase()
        if (possibleFilters.includes(lowerItem)) {
            return lowerItem
        }
        return null
    }
    return settings === null ?
        possibleFilters :
        [...new Set(settings?.split(',').map(lower).filter((item) => item))]
}

const hideCategory = (categoryToHide) => {
    const url = new URL(window.location.href)
    const visibleParams = new URLSearchParams(url.search).get('visible')
    const currentVisible = visibleParams ? visibleParams.split(',') : [...possibleFilters]
    const settings = [...new Set(currentVisible)].filter((f) => f !== categoryToHide).join(',')

    url.searchParams.set('visible', settings)
    window.history.pushState({}, null, unescape(url.href))
}

const showCategory = (categoryToShow) => {
    if (typeof window === 'undefined') {
        return
    }
    const url = new URL(window.location.href)
    const currentVisible = new URLSearchParams(url.search).get('visible')?.split(',').filter(Boolean) ||
        [...possibleFilters]
    const settings = [...new Set([categoryToShow, ...currentVisible])]
    const noFilter = possibleFilters.length === settings.length || !settings.length

    noFilter ? url.searchParams.delete('visible') : url.searchParams.set('visible', settings.join(','))
    window.history.pushState({}, null, unescape(url.href))
}

const getSort = (initialSort) => {
    const url = new URL(window.location.href)
    let sort = new URLSearchParams(url.search).get('sort')
    if (!sort) {
        sort = initialSort || 'result'
    }
    return sort
}

const setSort = (type) => {
    const url = new URL(window.location.href)
    url.searchParams.set('sort', type)
    window.history.pushState({}, null, unescape(url.href))
}

const getCollapsedCategory = (renderCollapsed) => {
    let categories
    if (typeof window !== 'undefined') {
        const url = new URL(window.location.href)
        const collapsedItems = new URLSearchParams(url.search).get('collapsed')
        switch (true) {
        case !renderCollapsed && collapsedItems === null:
            categories = ['passed']
            break
        case collapsedItems?.length === 0 || /^["']{2}$/.test(collapsedItems):
            categories = []
            break
        case /^all$/.test(collapsedItems) || collapsedItems === null && /^all$/.test(renderCollapsed):
            categories = [...possibleFilters]
            break
        default:
            categories = collapsedItems?.split(',').map((item) => item.toLowerCase()) || renderCollapsed
            break
        }
    } else {
        categories = []
    }
    return categories
}

const getSortDirection = () => JSON.parse(sessionStorage.getItem('sortAsc')) || false
const setSortDirection = (ascending) => sessionStorage.setItem('sortAsc', ascending)

const getCollapsedIds = () => JSON.parse(sessionStorage.getItem('collapsedIds')) || []
const setCollapsedIds = (list) => sessionStorage.setItem('collapsedIds', JSON.stringify(list))

module.exports = {
    getVisible,
    hideCategory,
    showCategory,
    getCollapsedIds,
    setCollapsedIds,
    getSort,
    setSort,
    getSortDirection,
    setSortDirection,
    getCollapsedCategory,
    possibleFilters,
}

},{}]},{},[4]);
    </script>
  </footer>
</html>